#
# There is insufficient memory for the Java Runtime Environment to continue.
# Native memory allocation (malloc) failed to allocate 32744 bytes for ChunkPool::allocate
# Possible reasons:
#   The system is out of physical RAM or swap space
#   In 32 bit mode, the process size limit was hit
# Possible solutions:
#   Reduce memory load on the system
#   Increase physical memory or swap space
#   Check if swap backing store is full
#   Use 64 bit Java on a 64 bit OS
#   Decrease Java heap size (-Xmx/-Xms)
#   Decrease number of Java threads
#   Decrease Java thread stack sizes (-Xss)
#   Set larger code cache with -XX:ReservedCodeCacheSize=
# This output file may be truncated or incomplete.
#
#  Out of Memory Error (allocation.cpp:273), pid=4236, tid=7768
#
# JRE version: Java(TM) SE Runtime Environment (8.0_60-b27) (build 1.8.0_60-b27)
# Java VM: Java HotSpot(TM) 64-Bit Server VM (25.60-b23 mixed mode windows-amd64 compressed oops)
# Failed to write core dump. Minidumps are not enabled by default on client versions of Windows
#

---------------  T H R E A D  ---------------

Current thread (0x00000000139c2000):  JavaThread "C2 CompilerThread1" daemon [_thread_in_native, id=7768, stack(0x00000000150a0000,0x00000000151a0000)]

Stack: [0x00000000150a0000,0x00000000151a0000]
[error occurred during error reporting (printing stack bounds), id 0xc0000005]

Native frames: (J=compiled Java code, j=interpreted, Vv=VM code, C=native code)


Current CompileTask:
C2:    243   75 %     4       java.util.Properties$LineReader::readLine @ 21 (468 bytes)


---------------  P R O C E S S  ---------------

Java Threads: ( => current thread )
  0x00000000153df000 JavaThread "Abandoned connection cleanup thread" daemon [_thread_blocked, id=4752, stack(0x00000000158a0000,0x00000000159a0000)]
  0x00000000152ce800 JavaThread "Service Thread" daemon [_thread_blocked, id=4796, stack(0x00000000156a0000,0x00000000157a0000)]
  0x00000000139cd000 JavaThread "C1 CompilerThread2" daemon [_thread_blocked, id=4268, stack(0x00000000151a0000,0x00000000152a0000)]
=>0x00000000139c2000 JavaThread "C2 CompilerThread1" daemon [_thread_in_native, id=7768, stack(0x00000000150a0000,0x00000000151a0000)]
  0x000000001396d800 JavaThread "C2 CompilerThread0" daemon [_thread_in_native, id=4192, stack(0x0000000014fa0000,0x00000000150a0000)]
  0x000000001396b800 JavaThread "Attach Listener" daemon [_thread_blocked, id=7896, stack(0x0000000014ea0000,0x0000000014fa0000)]
  0x000000001396a000 JavaThread "Signal Dispatcher" daemon [_thread_blocked, id=6328, stack(0x0000000014da0000,0x0000000014ea0000)]
  0x0000000002546800 JavaThread "Finalizer" daemon [_thread_blocked, id=3912, stack(0x0000000014bc0000,0x0000000014cc0000)]
  0x000000000253e000 JavaThread "Reference Handler" daemon [_thread_blocked, id=6964, stack(0x0000000014ac0000,0x0000000014bc0000)]
  0x000000000244e000 JavaThread "main" [_thread_in_native, id=5204, stack(0x0000000002310000,0x0000000002410000)]

Other Threads:
  0x0000000013937000 VMThread [stack: 0x00000000149c0000,0x0000000014ac0000] [id=7028]
  0x00000000152d5800 WatcherThread [stack: 0x00000000157a0000,0x00000000158a0000] [id=7284]

VM state:not at safepoint (normal execution)

VM Mutex/Monitor currently owned by a thread: None

Heap:
 PSYoungGen      total 24064K, used 2583K [0x00000000f5580000, 0x00000000f7000000, 0x0000000100000000)
  eden space 20992K, 12% used [0x00000000f5580000,0x00000000f5805dc0,0x00000000f6a00000)
  from space 3072K, 0% used [0x00000000f6d00000,0x00000000f6d00000,0x00000000f7000000)
  to   space 3072K, 0% used [0x00000000f6a00000,0x00000000f6a00000,0x00000000f6d00000)
 ParOldGen       total 54784K, used 0K [0x00000000e0000000, 0x00000000e3580000, 0x00000000f5580000)
  object space 54784K, 0% used [0x00000000e0000000,0x00000000e0000000,0x00000000e3580000)
 Metaspace       used 3270K, capacity 4620K, committed 4864K, reserved 1056768K
  class space    used 367K, capacity 392K, committed 512K, reserved 1048576K

Card table byte_map: [0x0000000011910000,0x0000000011a20000] byte_map_base: 0x0000000011210000

Marking Bits: (ParMarkBitMap*) 0x00000000585ba5b0
 Begin Bits: [0x0000000011ed0000, 0x00000000126d0000)
 End Bits:   [0x00000000126d0000, 0x0000000012ed0000)

Polling page: 0x0000000000750000

CodeCache: size=245760Kb used=1275Kb max_used=1275Kb free=244484Kb
 bounds [0x0000000002550000, 0x00000000027c0000, 0x0000000011550000]
 total_blobs=362 nmethods=95 adapters=180
 compilation: enabled

Compilation events (10 events):
Event: 0.213 Thread 0x00000000139cd000   96       3       java.lang.String::lastIndexOf (151 bytes)
Event: 0.213 Thread 0x00000000139cd000 nmethod 96 0x000000000268d190 code [0x000000000268d340, 0x000000000268d890]
Event: 0.214 Thread 0x00000000139cd000   93       3       java.util.zip.ZipFile::access$400 (5 bytes)
Event: 0.214 Thread 0x00000000139cd000 nmethod 93 0x000000000268dd10 code [0x000000000268de60, 0x000000000268df90]
Event: 0.214 Thread 0x00000000139cd000   95       3       java.util.zip.ZipFile::access$200 (5 bytes)
Event: 0.214 Thread 0x00000000139cd000 nmethod 95 0x000000000268e050 code [0x000000000268e1c0, 0x000000000268e328]
Event: 0.214 Thread 0x00000000139cd000   94       3       java.util.ArrayList::get (11 bytes)
Event: 0.215 Thread 0x00000000139cd000 nmethod 94 0x000000000268e3d0 code [0x000000000268e560, 0x000000000268e8b8]
Event: 0.215 Thread 0x00000000139cd000   97  s    1       java.util.Vector::size (5 bytes)
Event: 0.215 Thread 0x00000000139cd000 nmethod 97 0x000000000268ead0 code [0x000000000268ec20, 0x000000000268ee90]

GC Heap History (0 events):
No events

Deoptimization events (0 events):
No events

Internal exceptions (6 events):
Event: 0.058 Thread 0x000000000244e000 Exception <a 'java/lang/NoSuchMethodError': Method sun.misc.Unsafe.defineClass(Ljava/lang/String;[BII)Ljava/lang/Class; name or signature does not match> (0x00000000f558d3f0) thrown at [C:\re\workspace\8-2-build-windows-amd64-cygwin\jdk8u60\4407\hotspot\sr@ÅÖñÍ­?
Event: 0.058 Thread 0x000000000244e000 Exception <a 'java/lang/NoSuchMethodError': Method sun.misc.Unsafe.prefetchRead(Ljava/lang/Object;J)V name or signature does not match> (0x00000000f558d6d8) thrown at [C:\re\workspace\8-2-build-windows-amd64-cygwin\jdk8u60\4407\hotspot\src\share\vm\prims\j¼8 UÄ?
Event: 0.159 Thread 0x000000000244e000 Exception <a 'java/security/PrivilegedActionException'> (0x00000000f56d4a20) thrown at [C:\re\workspace\8-2-build-windows-amd64-cygwin\jdk8u60\4407\hotspot\src\share\vm\prims\jvm.cpp, line 1386]
Event: 0.159 Thread 0x000000000244e000 Exception <a 'java/security/PrivilegedActionException'> (0x00000000f56d4c30) thrown at [C:\re\workspace\8-2-build-windows-amd64-cygwin\jdk8u60\4407\hotspot\src\share\vm\prims\jvm.cpp, line 1386]
Event: 0.160 Thread 0x000000000244e000 Exception <a 'java/security/PrivilegedActionException'> (0x00000000f56d87d8) thrown at [C:\re\workspace\8-2-build-windows-amd64-cygwin\jdk8u60\4407\hotspot\src\share\vm\prims\jvm.cpp, line 1386]
Event: 0.160 Thread 0x000000000244e000 Exception <a 'java/security/PrivilegedActionException'> (0x00000000f56d89e8) thrown at [C:\re\workspace\8-2-build-windows-amd64-cygwin\jdk8u60\4407\hotspot\src\share\vm\prims\jvm.cpp, line 1386]

Events (10 events):
Event: 0.193 loading class java/util/Properties$LineReader done
Event: 0.203 loading class java/util/ResourceBundle$BundleReference
Event: 0.203 loading class java/util/ResourceBundle$BundleReference done
Event: 0.203 loading class com/mysql/jdbc/LocalizedErrorMessages_en
Event: 0.203 loading class com/mysql/jdbc/LocalizedErrorMessages_en done
Event: 0.207 loading class com/mysql/jdbc/LocalizedErrorMessages_en_US
Event: 0.207 loading class com/mysql/jdbc/LocalizedErrorMessages_en_US done
Event: 0.209 loading class java/io/PrintWriter
Event: 0.210 loading class java/io/PrintWriter done
Event: 0.210 loading class java/lang/Throwable$WrappedPrintWriter


Dynamic libraries:
0x00007ff680680000 - 0x00007ff6806b7000 	C:\Program Files\Java\jre1.8.0_60\bin\javaw.exe
0x00007ff8560a0000 - 0x00007ff856261000 	C:\WINDOWS\SYSTEM32\ntdll.dll
0x00007ff853cd0000 - 0x00007ff853d7d000 	C:\WINDOWS\system32\KERNEL32.DLL
0x00007ff853590000 - 0x00007ff85376d000 	C:\WINDOWS\system32\KERNELBASE.dll
0x00007ff8542d0000 - 0x00007ff854376000 	C:\WINDOWS\system32\ADVAPI32.dll
0x00007ff853ee0000 - 0x00007ff853f7d000 	C:\WINDOWS\system32\msvcrt.dll
0x00007ff855d30000 - 0x00007ff855d8b000 	C:\WINDOWS\system32\sechost.dll
0x00007ff853f80000 - 0x00007ff8540a6000 	C:\WINDOWS\system32\RPCRT4.dll
0x00007ff8538f0000 - 0x00007ff853a3e000 	C:\WINDOWS\system32\USER32.dll
0x00007ff855ba0000 - 0x00007ff855d26000 	C:\WINDOWS\system32\GDI32.dll
0x00007ff84f790000 - 0x00007ff84fa04000 	C:\WINDOWS\WinSxS\amd64_microsoft.windows.common-controls_6595b64144ccf1df_6.0.10240.16384_none_f41f7b285750ef43\COMCTL32.dll
0x00007ff853ab0000 - 0x00007ff853ae6000 	C:\WINDOWS\system32\IMM32.DLL
0x00007ff853d80000 - 0x00007ff853edc000 	C:\WINDOWS\system32\MSCTF.dll
0x0000000057c00000 - 0x0000000057cd2000 	C:\Program Files\Java\jre1.8.0_60\bin\msvcr100.dll
0x0000000057db0000 - 0x0000000058639000 	C:\Program Files\Java\jre1.8.0_60\bin\server\jvm.dll
0x00007ff853a40000 - 0x00007ff853a48000 	C:\WINDOWS\system32\PSAPI.DLL
0x00007ff846690000 - 0x00007ff846699000 	C:\WINDOWS\SYSTEM32\WSOCK32.dll
0x00007ff850e40000 - 0x00007ff850e63000 	C:\WINDOWS\SYSTEM32\WINMM.dll
0x00007ff84fa20000 - 0x00007ff84fa2a000 	C:\WINDOWS\SYSTEM32\VERSION.dll
0x00007ff850e10000 - 0x00007ff850e3c000 	C:\WINDOWS\SYSTEM32\WINMMBASE.dll
0x00007ff852da0000 - 0x00007ff852de4000 	C:\WINDOWS\system32\cfgmgr32.dll
0x00007ff8513a0000 - 0x00007ff8513c7000 	C:\WINDOWS\SYSTEM32\DEVOBJ.dll
0x00007ff854260000 - 0x00007ff8542c9000 	C:\WINDOWS\system32\WS2_32.dll
0x00007ff855f90000 - 0x00007ff855f98000 	C:\WINDOWS\system32\NSI.dll
0x0000000057da0000 - 0x0000000057daf000 	C:\Program Files\Java\jre1.8.0_60\bin\verify.dll
0x0000000057d70000 - 0x0000000057d99000 	C:\Program Files\Java\jre1.8.0_60\bin\java.dll
0x0000000057d50000 - 0x0000000057d66000 	C:\Program Files\Java\jre1.8.0_60\bin\zip.dll
0x00007ff854380000 - 0x00007ff8558a2000 	C:\WINDOWS\system32\SHELL32.dll
0x00007ff852f60000 - 0x00007ff853588000 	C:\WINDOWS\system32\windows.storage.dll
0x00007ff8558b0000 - 0x00007ff855b2c000 	C:\WINDOWS\system32\combase.dll
0x00007ff8537d0000 - 0x00007ff853821000 	C:\WINDOWS\system32\shlwapi.dll
0x00007ff852ad0000 - 0x00007ff852adf000 	C:\WINDOWS\system32\kernel.appcore.dll
0x00007ff852df0000 - 0x00007ff852ea3000 	C:\WINDOWS\system32\shcore.dll
0x00007ff852b00000 - 0x00007ff852b4a000 	C:\WINDOWS\system32\powrprof.dll
0x00007ff852b50000 - 0x00007ff852b63000 	C:\WINDOWS\system32\profapi.dll

VM Arguments:
jvm_args: -Dfile.encoding=Cp1252 -Xmx512M 
java_command: ProcessDatabases.DoMain
java_class_path (initial): E:\Java\Project\store_manager\bin;C:\Program Files\MySQL\mysql-connector-java-5.1.36\mysql-connector-java-5.1.36\mysql-connector-java-5.1.36-bin.jar
Launcher Type: SUN_STANDARD

Environment Variables:
JAVA_HOME=C:\Program Files\Java\jdk1.7.0_79
_JAVA_OPTIONS=-Xmx512M
PATH=C:/Program Files/Java/jre1.8.0_60/bin/server;C:/Program Files/Java/jre1.8.0_60/bin;C:/Program Files/Java/jre1.8.0_60/lib/amd64;C:\ProgramData\Oracle\Java\javapath;C:\Program Files (x86)\NVIDIA Corporation\PhysX\Common;C:\Windows\system32;C:\Windows;C:\Windows\System32\Wbem;C:\Windows\System32\WindowsPowerShell\v1.0\;C:\Program Files (x86)\GUI Turbo Assembler\BIN;C:\WINDOWS\system32;C:\WINDOWS;C:\WINDOWS\System32\Wbem;C:\WINDOWS\System32\WindowsPowerShell\v1.0\;C:\Program Files (x86)\Java\jre1.8.0_51\bin;.;C:\Program Files (x86)\Skype\Phone\;;C:\FPC\2.0.4\bin\i386-Win32;D:\Setup\eclipse-jee-mars-1-win32-x86_64\eclipse;
USERNAME=Phuc
OS=Windows_NT
PROCESSOR_IDENTIFIER=Intel64 Family 6 Model 69 Stepping 1, GenuineIntel



---------------  S Y S T E M  ---------------

OS: Windows 10.0 , 64 bit Build 10240 (10.0.10240.16384)

CPU:total 4 (2 cores per cpu, 2 threads per core) family 6 model 69 stepping 1, cmov, cx8, fxsr, mmx, sse, sse2, sse3, ssse3, sse4.1, sse4.2, popcnt, avx, avx2, aes, clmul, erms, lzcnt, ht, tsc, tscinvbit, bmi1, bmi2

Memory: 4k page, physical 5149260k(1525152k free), swap 5673548k(960k free)

vm_info: Java HotSpot(TM) 64-Bit Server VM (25.60-b23) for windows-amd64 JRE (1.8.0_60-b27), built on Aug  4 2015 11:06:27 by "java_re" with MS VC++ 10.0 (VS2010)

time: Mon Oct 19 02:41:39 2015
elapsed time: 0 seconds (0d 0h 0m 0s)

