#
# There is insufficient memory for the Java Runtime Environment to continue.
# Native memory allocation (malloc) failed to allocate 809856 bytes for Chunk::new
# Possible reasons:
#   The system is out of physical RAM or swap space
#   In 32 bit mode, the process size limit was hit
# Possible solutions:
#   Reduce memory load on the system
#   Increase physical memory or swap space
#   Check if swap backing store is full
#   Use 64 bit Java on a 64 bit OS
#   Decrease Java heap size (-Xmx/-Xms)
#   Decrease number of Java threads
#   Decrease Java thread stack sizes (-Xss)
#   Set larger code cache with -XX:ReservedCodeCacheSize=
# This output file may be truncated or incomplete.
#
#  Out of Memory Error (allocation.cpp:390), pid=7992, tid=7812
#
# JRE version: Java(TM) SE Runtime Environment (8.0_60-b27) (build 1.8.0_60-b27)
# Java VM: Java HotSpot(TM) 64-Bit Server VM (25.60-b23 mixed mode windows-amd64 compressed oops)
# Failed to write core dump. Minidumps are not enabled by default on client versions of Windows
#

---------------  T H R E A D  ---------------

Current thread (0x00000000136a3000):  JavaThread "C2 CompilerThread1" daemon [_thread_in_native, id=7812, stack(0x0000000014de0000,0x0000000014ee0000)]

Stack: [0x0000000014de0000,0x0000000014ee0000]
[error occurred during error reporting (printing stack bounds), id 0xc0000005]

Native frames: (J=compiled Java code, j=interpreted, Vv=VM code, C=native code)


Current CompileTask:
C2:  23855 1686   !   4       sun.awt.PostEventQueue::flush (168 bytes)


---------------  P R O C E S S  ---------------

Java Threads: ( => current thread )
  0x00000000008be000 JavaThread "DestroyJavaVM" [_thread_blocked, id=7948, stack(0x0000000002070000,0x0000000002170000)]
  0x0000000015bc6000 JavaThread "TimerQueue" daemon [_thread_blocked, id=4836, stack(0x0000000017800000,0x0000000017900000)]
  0x00000000158d3800 JavaThread "AWT-EventQueue-0" [_thread_blocked, id=6300, stack(0x0000000016da0000,0x0000000016ea0000)]
  0x00000000157f4800 JavaThread "AWT-Windows" daemon [_thread_in_native, id=7972, stack(0x00000000165d0000,0x00000000166d0000)]
  0x00000000157f3800 JavaThread "AWT-Shutdown" [_thread_blocked, id=3168, stack(0x00000000164d0000,0x00000000165d0000)]
  0x000000001525e000 JavaThread "Java2D Disposer" daemon [_thread_blocked, id=7984, stack(0x0000000016380000,0x0000000016480000)]
  0x0000000015101800 JavaThread "Abandoned connection cleanup thread" daemon [_thread_blocked, id=4352, stack(0x00000000155e0000,0x00000000156e0000)]
  0x000000001500f000 JavaThread "Service Thread" daemon [_thread_blocked, id=5100, stack(0x00000000153e0000,0x00000000154e0000)]
  0x00000000136a6000 JavaThread "C1 CompilerThread2" daemon [_thread_blocked, id=1300, stack(0x0000000014ee0000,0x0000000014fe0000)]
=>0x00000000136a3000 JavaThread "C2 CompilerThread1" daemon [_thread_in_native, id=7812, stack(0x0000000014de0000,0x0000000014ee0000)]
  0x00000000136a0000 JavaThread "C2 CompilerThread0" daemon [_thread_blocked, id=5632, stack(0x0000000014ce0000,0x0000000014de0000)]
  0x000000001369c800 JavaThread "Attach Listener" daemon [_thread_blocked, id=5780, stack(0x0000000014be0000,0x0000000014ce0000)]
  0x000000001369b000 JavaThread "Signal Dispatcher" daemon [_thread_blocked, id=5056, stack(0x0000000014ae0000,0x0000000014be0000)]
  0x0000000002327000 JavaThread "Finalizer" daemon [_thread_blocked, id=484, stack(0x0000000014900000,0x0000000014a00000)]
  0x000000000231e000 JavaThread "Reference Handler" daemon [_thread_blocked, id=7952, stack(0x0000000014800000,0x0000000014900000)]

Other Threads:
  0x0000000013667800 VMThread [stack: 0x0000000014700000,0x0000000014800000] [id=4128]
  0x0000000015045800 WatcherThread [stack: 0x00000000154e0000,0x00000000155e0000] [id=7732]

VM state:not at safepoint (normal execution)

VM Mutex/Monitor currently owned by a thread: None

Heap:
 PSYoungGen      total 24064K, used 8707K [0x00000000f5580000, 0x00000000f7000000, 0x0000000100000000)
  eden space 20992K, 40% used [0x00000000f5580000,0x00000000f5de0d48,0x00000000f6a00000)
  from space 3072K, 4% used [0x00000000f6d00000,0x00000000f6d20000,0x00000000f7000000)
  to   space 3072K, 0% used [0x00000000f6a00000,0x00000000f6a00000,0x00000000f6d00000)
 ParOldGen       total 54784K, used 18280K [0x00000000e0000000, 0x00000000e3580000, 0x00000000f5580000)
  object space 54784K, 33% used [0x00000000e0000000,0x00000000e11da2e8,0x00000000e3580000)
 Metaspace       used 15530K, capacity 15750K, committed 16128K, reserved 1062912K
  class space    used 1868K, capacity 1940K, committed 2048K, reserved 1048576K

Card table byte_map: [0x00000000116f0000,0x0000000011800000] byte_map_base: 0x0000000010ff0000

Marking Bits: (ParMarkBitMap*) 0x0000000075c3a5b0
 Begin Bits: [0x0000000011c00000, 0x0000000012400000)
 End Bits:   [0x0000000012400000, 0x0000000012c00000)

Polling page: 0x0000000000880000

CodeCache: size=245760Kb used=6186Kb max_used=6190Kb free=239573Kb
 bounds [0x0000000002330000, 0x0000000002950000, 0x0000000011330000]
 total_blobs=2200 nmethods=1642 adapters=470
 compilation: enabled

Compilation events (10 events):
Event: 23.354 Thread 0x00000000136a6000 nmethod 1681 0x00000000025663d0 code [0x0000000002566560, 0x0000000002566958]
Event: 23.402 Thread 0x00000000136a6000 1682       3       javax.swing.Timer::timerQueue (4 bytes)
Event: 23.402 Thread 0x00000000136a6000 nmethod 1682 0x0000000002564990 code [0x0000000002564b00, 0x0000000002564c88]
Event: 23.402 Thread 0x00000000136a6000 1683   !   3       javax.swing.TimerQueue::sharedInstance (44 bytes)
Event: 23.404 Thread 0x00000000136a6000 nmethod 1683 0x0000000002568350 code [0x0000000002568580, 0x0000000002569198]
Event: 23.560 Thread 0x00000000136a0000 1684       4       java.lang.Thread::isInterrupted (6 bytes)
Event: 23.562 Thread 0x00000000136a0000 nmethod 1684 0x0000000002564710 code [0x0000000002564860, 0x0000000002564908]
Event: 23.712 Thread 0x00000000136a6000 1685       3       java.awt.Component::processEvent (220 bytes)
Event: 23.714 Thread 0x00000000136a6000 nmethod 1685 0x0000000002940ad0 code [0x0000000002940d60, 0x00000000029426a8]
Event: 23.790 Thread 0x00000000136a3000 1686   !   4       sun.awt.PostEventQueue::flush (168 bytes)

GC Heap History (10 events):
Event: 14.473 GC heap before
{Heap before GC invocations=10 (full 0):
 PSYoungGen      total 24064K, used 21120K [0x00000000f5580000, 0x00000000f7000000, 0x0000000100000000)
  eden space 20992K, 100% used [0x00000000f5580000,0x00000000f6a00000,0x00000000f6a00000)
  from space 3072K, 4% used [0x00000000f6a00000,0x00000000f6a20000,0x00000000f6d00000)
  to   space 3072K, 0% used [0x00000000f6d00000,0x00000000f6d00000,0x00000000f7000000)
 ParOldGen       total 54784K, used 18098K [0x00000000e0000000, 0x00000000e3580000, 0x00000000f5580000)
  object space 54784K, 33% used [0x00000000e0000000,0x00000000e11ac8d8,0x00000000e3580000)
 Metaspace       used 14468K, capacity 14662K, committed 14848K, reserved 1062912K
  class space    used 1687K, capacity 1776K, committed 1792K, reserved 1048576K
Event: 14.474 GC heap after
Heap after GC invocations=10 (full 0):
 PSYoungGen      total 24064K, used 160K [0x00000000f5580000, 0x00000000f7000000, 0x0000000100000000)
  eden space 20992K, 0% used [0x00000000f5580000,0x00000000f5580000,0x00000000f6a00000)
  from space 3072K, 5% used [0x00000000f6d00000,0x00000000f6d28000,0x00000000f7000000)
  to   space 3072K, 0% used [0x00000000f6a00000,0x00000000f6a00000,0x00000000f6d00000)
 ParOldGen       total 54784K, used 18130K [0x00000000e0000000, 0x00000000e3580000, 0x00000000f5580000)
  object space 54784K, 33% used [0x00000000e0000000,0x00000000e11b48d8,0x00000000e3580000)
 Metaspace       used 14468K, capacity 14662K, committed 14848K, reserved 1062912K
  class space    used 1687K, capacity 1776K, committed 1792K, reserved 1048576K
}
Event: 15.807 GC heap before
{Heap before GC invocations=11 (full 0):
 PSYoungGen      total 24064K, used 21152K [0x00000000f5580000, 0x00000000f7000000, 0x0000000100000000)
  eden space 20992K, 100% used [0x00000000f5580000,0x00000000f6a00000,0x00000000f6a00000)
  from space 3072K, 5% used [0x00000000f6d00000,0x00000000f6d28000,0x00000000f7000000)
  to   space 3072K, 0% used [0x00000000f6a00000,0x00000000f6a00000,0x00000000f6d00000)
 ParOldGen       total 54784K, used 18130K [0x00000000e0000000, 0x00000000e3580000, 0x00000000f5580000)
  object space 54784K, 33% used [0x00000000e0000000,0x00000000e11b48d8,0x00000000e3580000)
 Metaspace       used 14508K, capacity 14726K, committed 14848K, reserved 1062912K
  class space    used 1687K, capacity 1776K, committed 1792K, reserved 1048576K
Event: 15.808 GC heap after
Heap after GC invocations=11 (full 0):
 PSYoungGen      total 24064K, used 96K [0x00000000f5580000, 0x00000000f7000000, 0x0000000100000000)
  eden space 20992K, 0% used [0x00000000f5580000,0x00000000f5580000,0x00000000f6a00000)
  from space 3072K, 3% used [0x00000000f6a00000,0x00000000f6a18000,0x00000000f6d00000)
  to   space 3072K, 0% used [0x00000000f6d00000,0x00000000f6d00000,0x00000000f7000000)
 ParOldGen       total 54784K, used 18224K [0x00000000e0000000, 0x00000000e3580000, 0x00000000f5580000)
  object space 54784K, 33% used [0x00000000e0000000,0x00000000e11cc2e8,0x00000000e3580000)
 Metaspace       used 14508K, capacity 14726K, committed 14848K, reserved 1062912K
  class space    used 1687K, capacity 1776K, committed 1792K, reserved 1048576K
}
Event: 17.141 GC heap before
{Heap before GC invocations=12 (full 0):
 PSYoungGen      total 24064K, used 21088K [0x00000000f5580000, 0x00000000f7000000, 0x0000000100000000)
  eden space 20992K, 100% used [0x00000000f5580000,0x00000000f6a00000,0x00000000f6a00000)
  from space 3072K, 3% used [0x00000000f6a00000,0x00000000f6a18000,0x00000000f6d00000)
  to   space 3072K, 0% used [0x00000000f6d00000,0x00000000f6d00000,0x00000000f7000000)
 ParOldGen       total 54784K, used 18224K [0x00000000e0000000, 0x00000000e3580000, 0x00000000f5580000)
  object space 54784K, 33% used [0x00000000e0000000,0x00000000e11cc2e8,0x00000000e3580000)
 Metaspace       used 14528K, capacity 14726K, committed 14848K, reserved 1062912K
  class space    used 1687K, capacity 1776K, committed 1792K, reserved 1048576K
Event: 17.142 GC heap after
Heap after GC invocations=12 (full 0):
 PSYoungGen      total 24064K, used 96K [0x00000000f5580000, 0x00000000f7000000, 0x0000000100000000)
  eden space 20992K, 0% used [0x00000000f5580000,0x00000000f5580000,0x00000000f6a00000)
  from space 3072K, 3% used [0x00000000f6d00000,0x00000000f6d18000,0x00000000f7000000)
  to   space 3072K, 0% used [0x00000000f6a00000,0x00000000f6a00000,0x00000000f6d00000)
 ParOldGen       total 54784K, used 18248K [0x00000000e0000000, 0x00000000e3580000, 0x00000000f5580000)
  object space 54784K, 33% used [0x00000000e0000000,0x00000000e11d22e8,0x00000000e3580000)
 Metaspace       used 14528K, capacity 14726K, committed 14848K, reserved 1062912K
  class space    used 1687K, capacity 1776K, committed 1792K, reserved 1048576K
}
Event: 18.505 GC heap before
{Heap before GC invocations=13 (full 0):
 PSYoungGen      total 24064K, used 21088K [0x00000000f5580000, 0x00000000f7000000, 0x0000000100000000)
  eden space 20992K, 100% used [0x00000000f5580000,0x00000000f6a00000,0x00000000f6a00000)
  from space 3072K, 3% used [0x00000000f6d00000,0x00000000f6d18000,0x00000000f7000000)
  to   space 3072K, 0% used [0x00000000f6a00000,0x00000000f6a00000,0x00000000f6d00000)
 ParOldGen       total 54784K, used 18248K [0x00000000e0000000, 0x00000000e3580000, 0x00000000f5580000)
  object space 54784K, 33% used [0x00000000e0000000,0x00000000e11d22e8,0x00000000e3580000)
 Metaspace       used 14534K, capacity 14726K, committed 14848K, reserved 1062912K
  class space    used 1687K, capacity 1776K, committed 1792K, reserved 1048576K
Event: 18.506 GC heap after
Heap after GC invocations=13 (full 0):
 PSYoungGen      total 24064K, used 96K [0x00000000f5580000, 0x00000000f7000000, 0x0000000100000000)
  eden space 20992K, 0% used [0x00000000f5580000,0x00000000f5580000,0x00000000f6a00000)
  from space 3072K, 3% used [0x00000000f6a00000,0x00000000f6a18000,0x00000000f6d00000)
  to   space 3072K, 0% used [0x00000000f6d00000,0x00000000f6d00000,0x00000000f7000000)
 ParOldGen       total 54784K, used 18264K [0x00000000e0000000, 0x00000000e3580000, 0x00000000f5580000)
  object space 54784K, 33% used [0x00000000e0000000,0x00000000e11d62e8,0x00000000e3580000)
 Metaspace       used 14534K, capacity 14726K, committed 14848K, reserved 1062912K
  class space    used 1687K, capacity 1776K, committed 1792K, reserved 1048576K
}
Event: 20.149 GC heap before
{Heap before GC invocations=14 (full 0):
 PSYoungGen      total 24064K, used 21088K [0x00000000f5580000, 0x00000000f7000000, 0x0000000100000000)
  eden space 20992K, 100% used [0x00000000f5580000,0x00000000f6a00000,0x00000000f6a00000)
  from space 3072K, 3% used [0x00000000f6a00000,0x00000000f6a18000,0x00000000f6d00000)
  to   space 3072K, 0% used [0x00000000f6d00000,0x00000000f6d00000,0x00000000f7000000)
 ParOldGen       total 54784K, used 18264K [0x00000000e0000000, 0x00000000e3580000, 0x00000000f5580000)
  object space 54784K, 33% used [0x00000000e0000000,0x00000000e11d62e8,0x00000000e3580000)
 Metaspace       used 14540K, capacity 14726K, committed 14848K, reserved 1062912K
  class space    used 1687K, capacity 1776K, committed 1792K, reserved 1048576K
Event: 20.150 GC heap after
Heap after GC invocations=14 (full 0):
 PSYoungGen      total 24064K, used 128K [0x00000000f5580000, 0x00000000f7000000, 0x0000000100000000)
  eden space 20992K, 0% used [0x00000000f5580000,0x00000000f5580000,0x00000000f6a00000)
  from space 3072K, 4% used [0x00000000f6d00000,0x00000000f6d20000,0x00000000f7000000)
  to   space 3072K, 0% used [0x00000000f6a00000,0x00000000f6a00000,0x00000000f6d00000)
 ParOldGen       total 54784K, used 18280K [0x00000000e0000000, 0x00000000e3580000, 0x00000000f5580000)
  object space 54784K, 33% used [0x00000000e0000000,0x00000000e11da2e8,0x00000000e3580000)
 Metaspace       used 14540K, capacity 14726K, committed 14848K, reserved 1062912K
  class space    used 1687K, capacity 1776K, committed 1792K, reserved 1048576K
}

Deoptimization events (10 events):
Event: 20.383 Thread 0x00000000008be000 Uncommon trap: reason=unstable_if action=reinterpret pc=0x000000000271796c method=com.mysql.jdbc.ResultSetImpl.next()Z @ 82
Event: 20.383 Thread 0x00000000158d3800 Uncommon trap: reason=unstable_if action=reinterpret pc=0x00000000026dca18 method=com.mysql.jdbc.MysqlIO.readSingleRowSet(JIIZ[Lcom/mysql/jdbc/Field;)Lcom/mysql/jdbc/RowData; @ 40
Event: 20.383 Thread 0x00000000158d3800 Uncommon trap: reason=unstable_if action=reinterpret pc=0x000000000271796c method=com.mysql.jdbc.ResultSetImpl.next()Z @ 82
Event: 20.406 Thread 0x00000000008be000 Uncommon trap: reason=unstable_if action=reinterpret pc=0x000000000281b628 method=ProcessDatabases.DoMain.main([Ljava/lang/String;)V @ 69
Event: 20.635 Thread 0x00000000008be000 Uncommon trap: reason=unstable_if action=reinterpret pc=0x00000000026d2e98 method=java.util.HashMap.clear()V @ 16
Event: 20.711 Thread 0x00000000008be000 Uncommon trap: reason=unstable_if action=reinterpret pc=0x00000000028534fc method=java.security.AccessControlContext.optimize()Ljava/security/AccessControlContext; @ 49
Event: 20.763 Thread 0x00000000158d3800 Uncommon trap: reason=unstable_if action=reinterpret pc=0x0000000002494890 method=java.lang.String.toLowerCase(Ljava/util/Locale;)Ljava/lang/String; @ 176
Event: 20.763 Thread 0x00000000158d3800 Uncommon trap: reason=unstable_if action=reinterpret pc=0x000000000249dd00 method=java.lang.CharacterData.of(I)Ljava/lang/CharacterData; @ 4
Event: 20.772 Thread 0x00000000158d3800 Uncommon trap: reason=unstable_if action=reinterpret pc=0x00000000026c8c2c method=java.util.HashMap$HashIterator.<init>(Ljava/util/HashMap;)V @ 38
Event: 20.777 Thread 0x00000000158d3800 Uncommon trap: reason=unstable_if action=reinterpret pc=0x00000000026c875c method=java.util.HashMap$HashIterator.<init>(Ljava/util/HashMap;)V @ 38

Internal exceptions (10 events):
Event: 21.874 Thread 0x00000000158d3800 Exception <a 'java/io/FileNotFoundException'> (0x00000000f5cf0f30) thrown at [C:\re\workspace\8-2-build-windows-amd64-cygwin\jdk8u60\4407\hotspot\src\share\vm\prims\jni.cpp, line 709]
Event: 21.874 Thread 0x00000000158d3800 Exception <a 'java/io/FileNotFoundException'> (0x00000000f5cf24f0) thrown at [C:\re\workspace\8-2-build-windows-amd64-cygwin\jdk8u60\4407\hotspot\src\share\vm\prims\jni.cpp, line 709]
Event: 22.183 Thread 0x00000000158d3800 Exception <a 'java/io/FileNotFoundException'> (0x00000000f5d185d0) thrown at [C:\re\workspace\8-2-build-windows-amd64-cygwin\jdk8u60\4407\hotspot\src\share\vm\prims\jni.cpp, line 709]
Event: 22.308 Thread 0x00000000158d3800 Exception <a 'java/io/FileNotFoundException'> (0x00000000f5d2c6e8) thrown at [C:\re\workspace\8-2-build-windows-amd64-cygwin\jdk8u60\4407\hotspot\src\share\vm\prims\jni.cpp, line 709]
Event: 22.337 Thread 0x00000000158d3800 Exception <a 'java/io/FileNotFoundException'> (0x00000000f5d35808) thrown at [C:\re\workspace\8-2-build-windows-amd64-cygwin\jdk8u60\4407\hotspot\src\share\vm\prims\jni.cpp, line 709]
Event: 22.481 Thread 0x00000000158d3800 Exception <a 'java/io/FileNotFoundException'> (0x00000000f5d48e10) thrown at [C:\re\workspace\8-2-build-windows-amd64-cygwin\jdk8u60\4407\hotspot\src\share\vm\prims\jni.cpp, line 709]
Event: 22.553 Thread 0x00000000158d3800 Exception <a 'java/io/FileNotFoundException'> (0x00000000f5d53e10) thrown at [C:\re\workspace\8-2-build-windows-amd64-cygwin\jdk8u60\4407\hotspot\src\share\vm\prims\jni.cpp, line 709]
Event: 22.561 Thread 0x00000000158d3800 Exception <a 'java/io/FileNotFoundException'> (0x00000000f5d56250) thrown at [C:\re\workspace\8-2-build-windows-amd64-cygwin\jdk8u60\4407\hotspot\src\share\vm\prims\jni.cpp, line 709]
Event: 22.705 Thread 0x00000000158d3800 Exception <a 'java/io/FileNotFoundException'> (0x00000000f5d73a70) thrown at [C:\re\workspace\8-2-build-windows-amd64-cygwin\jdk8u60\4407\hotspot\src\share\vm\prims\jni.cpp, line 709]
Event: 22.770 Thread 0x00000000158d3800 Exception <a 'java/io/FileNotFoundException'> (0x00000000f5d7c558) thrown at [C:\re\workspace\8-2-build-windows-amd64-cygwin\jdk8u60\4407\hotspot\src\share\vm\prims\jni.cpp, line 709]

Events (10 events):
Event: 23.206 Executing VM operation: RevokeBias
Event: 23.206 Executing VM operation: RevokeBias done
Event: 23.208 Executing VM operation: RevokeBias
Event: 23.208 Executing VM operation: RevokeBias done
Event: 23.208 Executing VM operation: RevokeBias
Event: 23.208 Executing VM operation: RevokeBias done
Event: 23.208 Executing VM operation: RevokeBias
Event: 23.208 Executing VM operation: RevokeBias done
Event: 23.208 Executing VM operation: RevokeBias
Event: 23.208 Executing VM operation: RevokeBias done


Dynamic libraries:
0x00007ff755b30000 - 0x00007ff755b67000 	C:\Program Files\Java\jre1.8.0_60\bin\javaw.exe
0x00007ffe7a1c0000 - 0x00007ffe7a381000 	C:\WINDOWS\SYSTEM32\ntdll.dll
0x00007ffe79e80000 - 0x00007ffe79f2d000 	C:\WINDOWS\system32\KERNEL32.DLL
0x00007ffe77380000 - 0x00007ffe7755d000 	C:\WINDOWS\system32\KERNELBASE.dll
0x00007ffe79630000 - 0x00007ffe796d6000 	C:\WINDOWS\system32\ADVAPI32.dll
0x00007ffe77ea0000 - 0x00007ffe77f3d000 	C:\WINDOWS\system32\msvcrt.dll
0x00007ffe79b90000 - 0x00007ffe79beb000 	C:\WINDOWS\system32\sechost.dll
0x00007ffe798f0000 - 0x00007ffe79a16000 	C:\WINDOWS\system32\RPCRT4.dll
0x00007ffe79a20000 - 0x00007ffe79b6e000 	C:\WINDOWS\system32\USER32.dll
0x00007ffe77b00000 - 0x00007ffe77c86000 	C:\WINDOWS\system32\GDI32.dll
0x00007ffe73640000 - 0x00007ffe738b4000 	C:\WINDOWS\WinSxS\amd64_microsoft.windows.common-controls_6595b64144ccf1df_6.0.10240.16384_none_f41f7b285750ef43\COMCTL32.dll
0x00007ffe796e0000 - 0x00007ffe79716000 	C:\WINDOWS\system32\IMM32.DLL
0x00007ffe79790000 - 0x00007ffe798ec000 	C:\WINDOWS\system32\MSCTF.dll
0x0000000075280000 - 0x0000000075352000 	C:\Program Files\Java\jre1.8.0_60\bin\msvcr100.dll
0x0000000075430000 - 0x0000000075cb9000 	C:\Program Files\Java\jre1.8.0_60\bin\server\jvm.dll
0x00007ffe79f30000 - 0x00007ffe79f38000 	C:\WINDOWS\system32\PSAPI.DLL
0x00007ffe6a690000 - 0x00007ffe6a699000 	C:\WINDOWS\SYSTEM32\WSOCK32.dll
0x00007ffe74f60000 - 0x00007ffe74f83000 	C:\WINDOWS\SYSTEM32\WINMM.dll
0x00007ffe795c0000 - 0x00007ffe79629000 	C:\WINDOWS\system32\WS2_32.dll
0x00007ffe77890000 - 0x00007ffe77898000 	C:\WINDOWS\system32\NSI.dll
0x00007ffe73970000 - 0x00007ffe7397a000 	C:\WINDOWS\SYSTEM32\VERSION.dll
0x00007ffe74f30000 - 0x00007ffe74f5c000 	C:\WINDOWS\SYSTEM32\WINMMBASE.dll
0x00007ffe77610000 - 0x00007ffe77654000 	C:\WINDOWS\system32\cfgmgr32.dll
0x00007ffe754c0000 - 0x00007ffe754e7000 	C:\WINDOWS\SYSTEM32\DEVOBJ.dll
0x0000000075420000 - 0x000000007542f000 	C:\Program Files\Java\jre1.8.0_60\bin\verify.dll
0x00000000753f0000 - 0x0000000075419000 	C:\Program Files\Java\jre1.8.0_60\bin\java.dll
0x00000000753d0000 - 0x00000000753e6000 	C:\Program Files\Java\jre1.8.0_60\bin\zip.dll
0x00007ffe78090000 - 0x00007ffe795b2000 	C:\WINDOWS\system32\SHELL32.dll
0x00007ffe76c90000 - 0x00007ffe772b8000 	C:\WINDOWS\system32\windows.storage.dll
0x00007ffe79f40000 - 0x00007ffe7a1bc000 	C:\WINDOWS\system32\combase.dll
0x00007ffe79730000 - 0x00007ffe79781000 	C:\WINDOWS\system32\shlwapi.dll
0x00007ffe76c80000 - 0x00007ffe76c8f000 	C:\WINDOWS\system32\kernel.appcore.dll
0x00007ffe772c0000 - 0x00007ffe77373000 	C:\WINDOWS\system32\shcore.dll
0x00007ffe76c10000 - 0x00007ffe76c5a000 	C:\WINDOWS\system32\powrprof.dll
0x00007ffe76bf0000 - 0x00007ffe76c03000 	C:\WINDOWS\system32\profapi.dll
0x00000000753b0000 - 0x00000000753ca000 	C:\Program Files\Java\jre1.8.0_60\bin\net.dll
0x00007ffe76460000 - 0x00007ffe764bd000 	C:\WINDOWS\system32\mswsock.dll
0x00007ffe76200000 - 0x00007ffe762a8000 	C:\WINDOWS\SYSTEM32\DNSAPI.dll
0x0000000076070000 - 0x0000000076096000 	C:\Program Files\Bonjour\mdnsNSP.dll
0x00007ffe752b0000 - 0x00007ffe752e8000 	C:\WINDOWS\SYSTEM32\Iphlpapi.DLL
0x00007ffe750b0000 - 0x00007ffe750bb000 	C:\WINDOWS\SYSTEM32\WINNSI.DLL
0x00007ffe6c5e0000 - 0x00007ffe6c5ea000 	C:\Windows\System32\rasadhlp.dll
0x00007ffe70da0000 - 0x00007ffe70e08000 	C:\WINDOWS\System32\fwpuclnt.dll
0x00007ffe76730000 - 0x00007ffe76758000 	C:\WINDOWS\SYSTEM32\bcrypt.dll
0x00000000750e0000 - 0x0000000075278000 	C:\Program Files\Java\jre1.8.0_60\bin\awt.dll
0x00007ffe77c90000 - 0x00007ffe77d4e000 	C:\WINDOWS\system32\OLEAUT32.dll
0x00007ffe75340000 - 0x00007ffe753b8000 	C:\WINDOWS\system32\apphelp.dll
0x00007ffe74540000 - 0x00007ffe74562000 	C:\WINDOWS\system32\DWMAPI.DLL
0x00007ffe755e0000 - 0x00007ffe75676000 	C:\WINDOWS\system32\uxtheme.dll
0x00007ffe77d50000 - 0x00007ffe77e91000 	C:\WINDOWS\system32\ole32.dll
0x00007ffe76a40000 - 0x00007ffe76aab000 	C:\WINDOWS\SYSTEM32\bcryptPrimitives.dll
0x0000000075090000 - 0x00000000750d7000 	C:\Program Files\Java\jre1.8.0_60\bin\fontmanager.dll
0x00007ffe77a50000 - 0x00007ffe77af5000 	C:\WINDOWS\system32\clbcatq.dll
0x00007ffe70b70000 - 0x00007ffe70d22000 	C:\WINDOWS\SYSTEM32\WindowsCodecs.dll
0x00007ffe764c0000 - 0x00007ffe764d7000 	C:\WINDOWS\SYSTEM32\cryptsp.dll
0x00007ffe76110000 - 0x00007ffe76143000 	C:\WINDOWS\system32\rsaenh.dll
0x00007ffe76610000 - 0x00007ffe7661b000 	C:\WINDOWS\SYSTEM32\CRYPTBASE.dll
0x00007ffe61850000 - 0x00007ffe61896000 	C:\WINDOWS\system32\dataexchange.dll
0x00007ffe74d00000 - 0x00007ffe74dd1000 	C:\WINDOWS\system32\dcomp.dll
0x00007ffe6cf40000 - 0x00007ffe6d485000 	C:\WINDOWS\system32\d2d1.dll
0x00007ffe74210000 - 0x00007ffe744b3000 	C:\WINDOWS\system32\d3d11.dll
0x00007ffe74170000 - 0x00007ffe7420c000 	C:\WINDOWS\system32\dxgi.dll
0x00007ffe754f0000 - 0x00007ffe755de000 	C:\WINDOWS\system32\twinapi.appcore.dll
0x00007ffe762f0000 - 0x00007ffe7630f000 	C:\WINDOWS\system32\USERENV.dll
0x0000000075390000 - 0x00000000753a1000 	C:\Program Files\Java\jre1.8.0_60\bin\nio.dll
0x0000000075040000 - 0x0000000075082000 	C:\Program Files\Java\jre1.8.0_60\bin\t2k.dll

VM Arguments:
jvm_args: -Dfile.encoding=Cp1252 -Xmx512M 
java_command: ProcessDatabases.DoMain
java_class_path (initial): E:\Java\Project\store_manager\bin;C:\Program Files\MySQL\mysql-connector-java-5.1.36\mysql-connector-java-5.1.36\mysql-connector-java-5.1.36-bin.jar
Launcher Type: SUN_STANDARD

Environment Variables:
JAVA_HOME=C:\Program Files\Java\jdk1.7.0_79
_JAVA_OPTIONS=-Xmx512M
PATH=C:/Program Files/Java/jre1.8.0_60/bin/server;C:/Program Files/Java/jre1.8.0_60/bin;C:/Program Files/Java/jre1.8.0_60/lib/amd64;C:\ProgramData\Oracle\Java\javapath;C:\Program Files (x86)\NVIDIA Corporation\PhysX\Common;C:\Windows\system32;C:\Windows;C:\Windows\System32\Wbem;C:\Windows\System32\WindowsPowerShell\v1.0\;C:\Program Files (x86)\GUI Turbo Assembler\BIN;C:\WINDOWS\system32;C:\WINDOWS;C:\WINDOWS\System32\Wbem;C:\WINDOWS\System32\WindowsPowerShell\v1.0\;C:\Program Files (x86)\Java\jre1.8.0_51\bin;.;C:\Program Files (x86)\Skype\Phone\;;C:\FPC\2.0.4\bin\i386-Win32;D:\Setup\eclipse-jee-mars-1-win32-x86_64\eclipse;
USERNAME=Phuc
OS=Windows_NT
PROCESSOR_IDENTIFIER=Intel64 Family 6 Model 69 Stepping 1, GenuineIntel



---------------  S Y S T E M  ---------------

OS: Windows 10.0 , 64 bit Build 10240 (10.0.10240.16384)

CPU:total 4 (2 cores per cpu, 2 threads per core) family 6 model 69 stepping 1, cmov, cx8, fxsr, mmx, sse, sse2, sse3, ssse3, sse4.1, sse4.2, popcnt, avx, avx2, aes, clmul, erms, lzcnt, ht, tsc, tscinvbit, bmi1, bmi2

Memory: 4k page, physical 5149260k(1611380k free), swap 5673548k(5784k free)

vm_info: Java HotSpot(TM) 64-Bit Server VM (25.60-b23) for windows-amd64 JRE (1.8.0_60-b27), built on Aug  4 2015 11:06:27 by "java_re" with MS VC++ 10.0 (VS2010)

time: Mon Oct 19 14:21:34 2015
elapsed time: 23 seconds (0d 0h 0m 23s)

