#
# There is insufficient memory for the Java Runtime Environment to continue.
# Native memory allocation (malloc) failed to allocate 66544 bytes for Chunk::new
# Possible reasons:
#   The system is out of physical RAM or swap space
#   In 32 bit mode, the process size limit was hit
# Possible solutions:
#   Reduce memory load on the system
#   Increase physical memory or swap space
#   Check if swap backing store is full
#   Use 64 bit Java on a 64 bit OS
#   Decrease Java heap size (-Xmx/-Xms)
#   Decrease number of Java threads
#   Decrease Java thread stack sizes (-Xss)
#   Set larger code cache with -XX:ReservedCodeCacheSize=
# This output file may be truncated or incomplete.
#
#  Out of Memory Error (allocation.cpp:390), pid=8108, tid=5536
#
# JRE version: Java(TM) SE Runtime Environment (8.0_60-b27) (build 1.8.0_60-b27)
# Java VM: Java HotSpot(TM) 64-Bit Server VM (25.60-b23 mixed mode windows-amd64 compressed oops)
# Failed to write core dump. Minidumps are not enabled by default on client versions of Windows
#

---------------  T H R E A D  ---------------

Current thread (0x0000000014490800):  JavaThread "C2 CompilerThread1" daemon [_thread_in_native, id=5536, stack(0x0000000015bc0000,0x0000000015cc0000)]

Stack: [0x0000000015bc0000,0x0000000015cc0000]
[error occurred during error reporting (printing stack bounds), id 0xc0000005]

Native frames: (J=compiled Java code, j=interpreted, Vv=VM code, C=native code)


Current CompileTask:
C2:   2158 1006       4       java.text.MessageFormat::applyPattern (422 bytes)


---------------  P R O C E S S  ---------------

Java Threads: ( => current thread )
  0x00000000170a4000 JavaThread "TimerQueue" daemon [_thread_blocked, id=8144, stack(0x00000000185f0000,0x00000000186f0000)]
  0x0000000016e0e800 JavaThread "Abandoned connection cleanup thread" daemon [_thread_blocked, id=7376, stack(0x00000000182a0000,0x00000000183a0000)]
  0x0000000016d42800 JavaThread "Image Fetcher 0" daemon [_thread_blocked, id=912, stack(0x00000000175f0000,0x00000000176f0000)]
  0x0000000016d3b800 JavaThread "AWT-EventQueue-0" [_thread_blocked, id=3092, stack(0x00000000174f0000,0x00000000175f0000)]
  0x0000000016136800 JavaThread "AWT-Windows" daemon [_thread_in_native, id=5236, stack(0x0000000016720000,0x0000000016820000)]
  0x0000000016153800 JavaThread "AWT-Shutdown" [_thread_blocked, id=7556, stack(0x0000000016620000,0x0000000016720000)]
  0x000000001619a000 JavaThread "Java2D Disposer" daemon [_thread_blocked, id=7812, stack(0x0000000016520000,0x0000000016620000)]
  0x0000000015def000 JavaThread "Service Thread" daemon [_thread_blocked, id=1352, stack(0x00000000161c0000,0x00000000162c0000)]
  0x0000000014497000 JavaThread "C1 CompilerThread2" daemon [_thread_blocked, id=7860, stack(0x0000000015cc0000,0x0000000015dc0000)]
=>0x0000000014490800 JavaThread "C2 CompilerThread1" daemon [_thread_in_native, id=5536, stack(0x0000000015bc0000,0x0000000015cc0000)]
  0x000000001448d000 JavaThread "C2 CompilerThread0" daemon [_thread_blocked, id=6480, stack(0x0000000015ac0000,0x0000000015bc0000)]
  0x000000001448b800 JavaThread "Attach Listener" daemon [_thread_blocked, id=184, stack(0x00000000159c0000,0x0000000015ac0000)]
  0x000000001448a000 JavaThread "Signal Dispatcher" daemon [_thread_blocked, id=6976, stack(0x00000000158c0000,0x00000000159c0000)]
  0x0000000003067000 JavaThread "Finalizer" daemon [_thread_blocked, id=7868, stack(0x00000000156e0000,0x00000000157e0000)]
  0x000000000305e000 JavaThread "Reference Handler" daemon [_thread_blocked, id=7444, stack(0x00000000155e0000,0x00000000156e0000)]
  0x0000000002f5e000 JavaThread "main" [_thread_in_Java, id=8032, stack(0x0000000002df0000,0x0000000002ef0000)]

Other Threads:
  0x0000000014457000 VMThread [stack: 0x00000000154e0000,0x00000000155e0000] [id=2884]
  0x0000000015e0e000 WatcherThread [stack: 0x00000000162c0000,0x00000000163c0000] [id=7452]

VM state:not at safepoint (normal execution)

VM Mutex/Monitor currently owned by a thread: None

Heap:
 PSYoungGen      total 24064K, used 23740K [0x00000000f5580000, 0x00000000f7000000, 0x0000000100000000)
  eden space 20992K, 98% used [0x00000000f5580000,0x00000000f69b5a88,0x00000000f6a00000)
  from space 3072K, 99% used [0x00000000f6a00000,0x00000000f6cf9700,0x00000000f6d00000)
  to   space 3072K, 0% used [0x00000000f6d00000,0x00000000f6d00000,0x00000000f7000000)
 ParOldGen       total 54784K, used 14633K [0x00000000e0000000, 0x00000000e3580000, 0x00000000f5580000)
  object space 54784K, 26% used [0x00000000e0000000,0x00000000e0e4a788,0x00000000e3580000)
 Metaspace       used 12984K, capacity 13210K, committed 13440K, reserved 1060864K
  class space    used 1491K, capacity 1584K, committed 1664K, reserved 1048576K

Card table byte_map: [0x0000000012430000,0x0000000012540000] byte_map_base: 0x0000000011d30000

Marking Bits: (ParMarkBitMap*) 0x0000000066d6a5b0
 Begin Bits: [0x00000000129f0000, 0x00000000131f0000)
 End Bits:   [0x00000000131f0000, 0x00000000139f0000)

Polling page: 0x0000000001830000

CodeCache: size=245760Kb used=3661Kb max_used=3666Kb free=242098Kb
 bounds [0x0000000003070000, 0x0000000003410000, 0x0000000012070000]
 total_blobs=1539 nmethods=1008 adapters=444
 compilation: enabled

Compilation events (10 events):
Event: 2.125 Thread 0x0000000014497000 nmethod 1005 0x0000000003403590 code [0x00000000034036e0, 0x0000000003403830]
Event: 2.126 Thread 0x0000000014490800 nmethod 1004 0x00000000033ef410 code [0x00000000033ef540, 0x00000000033ef5f8]
Event: 2.126 Thread 0x000000001448d000 nmethod 1002 0x0000000003405fd0 code [0x0000000003406120, 0x0000000003406638]
Event: 2.133 Thread 0x0000000014490800 1006       4       java.text.MessageFormat::applyPattern (422 bytes)
Event: 2.138 Thread 0x0000000014497000 1007       3       java.lang.Class::privateGetDeclaredMethods (67 bytes)
Event: 2.139 Thread 0x0000000014497000 nmethod 1007 0x0000000003405110 code [0x0000000003405300, 0x0000000003405c28]
Event: 2.149 Thread 0x0000000014497000 1008   !   3       java.lang.ref.ReferenceQueue::remove (125 bytes)
Event: 2.150 Thread 0x0000000014497000 nmethod 1008 0x00000000033ff810 code [0x00000000033ff9e0, 0x0000000003400298]
Event: 2.152 Thread 0x0000000014497000 1009   !   3       java.net.Socket::createImpl (41 bytes)
Event: 2.153 Thread 0x0000000014497000 nmethod 1009 0x00000000033eec90 code [0x00000000033eee20, 0x00000000033ef268]

GC Heap History (2 events):
Event: 1.571 GC heap before
{Heap before GC invocations=1 (full 0):
 PSYoungGen      total 24064K, used 20992K [0x00000000f5580000, 0x00000000f7000000, 0x0000000100000000)
  eden space 20992K, 100% used [0x00000000f5580000,0x00000000f6a00000,0x00000000f6a00000)
  from space 3072K, 0% used [0x00000000f6d00000,0x00000000f6d00000,0x00000000f7000000)
  to   space 3072K, 0% used [0x00000000f6a00000,0x00000000f6a00000,0x00000000f6d00000)
 ParOldGen       total 54784K, used 0K [0x00000000e0000000, 0x00000000e3580000, 0x00000000f5580000)
  object space 54784K, 0% used [0x00000000e0000000,0x00000000e0000000,0x00000000e3580000)
 Metaspace       used 12712K, capacity 12924K, committed 13184K, reserved 1060864K
  class space    used 1488K, capacity 1579K, committed 1664K, reserved 1048576K
Event: 1.579 GC heap after
Heap after GC invocations=1 (full 0):
 PSYoungGen      total 24064K, used 3045K [0x00000000f5580000, 0x00000000f7000000, 0x0000000100000000)
  eden space 20992K, 0% used [0x00000000f5580000,0x00000000f5580000,0x00000000f6a00000)
  from space 3072K, 99% used [0x00000000f6a00000,0x00000000f6cf9700,0x00000000f6d00000)
  to   space 3072K, 0% used [0x00000000f6d00000,0x00000000f6d00000,0x00000000f7000000)
 ParOldGen       total 54784K, used 14633K [0x00000000e0000000, 0x00000000e3580000, 0x00000000f5580000)
  object space 54784K, 26% used [0x00000000e0000000,0x00000000e0e4a788,0x00000000e3580000)
 Metaspace       used 12712K, capacity 12924K, committed 13184K, reserved 1060864K
  class space    used 1488K, capacity 1579K, committed 1664K, reserved 1048576K
}

Deoptimization events (2 events):
Event: 0.971 Thread 0x0000000016d42800 Uncommon trap: reason=unstable_if action=reinterpret pc=0x0000000003260eac method=sun.awt.image.PNGImageDecoder.produceImage()V @ 867
Event: 1.443 Thread 0x0000000002f5e000 Uncommon trap: reason=unstable_if action=reinterpret pc=0x000000000328b20c method=java.util.Properties.loadConvert([CII[C)Ljava/lang/String; @ 4

Internal exceptions (10 events):
Event: 2.131 Thread 0x0000000002f5e000 Exception <a 'java/lang/NullPointerException'> (0x00000000f68cdd50) thrown at [C:\re\workspace\8-2-build-windows-amd64-cygwin\jdk8u60\4407\hotspot\src\share\vm\interpreter\linkResolver.cpp, line 1178]
Event: 2.133 Thread 0x0000000002f5e000 Exception <a 'java/lang/NullPointerException'> (0x00000000f68e3618) thrown at [C:\re\workspace\8-2-build-windows-amd64-cygwin\jdk8u60\4407\hotspot\src\share\vm\interpreter\linkResolver.cpp, line 1178]
Event: 2.135 Thread 0x0000000002f5e000 Exception <a 'java/lang/NullPointerException'> (0x00000000f68f8ee0) thrown at [C:\re\workspace\8-2-build-windows-amd64-cygwin\jdk8u60\4407\hotspot\src\share\vm\interpreter\linkResolver.cpp, line 1178]
Event: 2.138 Thread 0x0000000002f5e000 Exception <a 'java/lang/NullPointerException'> (0x00000000f690e7a8) thrown at [C:\re\workspace\8-2-build-windows-amd64-cygwin\jdk8u60\4407\hotspot\src\share\vm\interpreter\linkResolver.cpp, line 1178]
Event: 2.141 Thread 0x0000000002f5e000 Exception <a 'java/lang/NullPointerException'> (0x00000000f6924080) thrown at [C:\re\workspace\8-2-build-windows-amd64-cygwin\jdk8u60\4407\hotspot\src\share\vm\interpreter\linkResolver.cpp, line 1178]
Event: 2.144 Thread 0x0000000002f5e000 Exception <a 'java/lang/NullPointerException'> (0x00000000f6939948) thrown at [C:\re\workspace\8-2-build-windows-amd64-cygwin\jdk8u60\4407\hotspot\src\share\vm\interpreter\linkResolver.cpp, line 1178]
Event: 2.146 Thread 0x0000000002f5e000 Exception <a 'java/lang/NullPointerException'> (0x00000000f694f210) thrown at [C:\re\workspace\8-2-build-windows-amd64-cygwin\jdk8u60\4407\hotspot\src\share\vm\interpreter\linkResolver.cpp, line 1178]
Event: 2.149 Thread 0x0000000002f5e000 Exception <a 'java/lang/NullPointerException'> (0x00000000f6964ad8) thrown at [C:\re\workspace\8-2-build-windows-amd64-cygwin\jdk8u60\4407\hotspot\src\share\vm\interpreter\linkResolver.cpp, line 1178]
Event: 2.151 Thread 0x0000000002f5e000 Exception <a 'java/lang/NullPointerException'> (0x00000000f697a3c8) thrown at [C:\re\workspace\8-2-build-windows-amd64-cygwin\jdk8u60\4407\hotspot\src\share\vm\interpreter\linkResolver.cpp, line 1178]
Event: 2.154 Thread 0x0000000002f5e000 Exception <a 'java/lang/NullPointerException'> (0x00000000f698fc90) thrown at [C:\re\workspace\8-2-build-windows-amd64-cygwin\jdk8u60\4407\hotspot\src\share\vm\interpreter\linkResolver.cpp, line 1178]

Events (10 events):
Event: 1.558 loading class com/mysql/jdbc/NetworkResources
Event: 1.558 loading class com/mysql/jdbc/NetworkResources done
Event: 1.559 loading class com/mysql/jdbc/ProfilerEventHandlerFactory
Event: 1.559 loading class com/mysql/jdbc/ProfilerEventHandlerFactory done
Event: 1.571 Executing VM operation: ParallelGCFailedAllocation
Event: 1.579 Executing VM operation: ParallelGCFailedAllocation done
Event: 1.809 loading class javax/swing/Timer$1
Event: 1.809 loading class javax/swing/Timer$1 done
Event: 2.133 Thread 0x0000000002f5e000 DEOPT PACKING pc=0x000000000337454d sp=0x0000000002eeed90
Event: 2.133 Thread 0x0000000002f5e000 DEOPT UNPACKING pc=0x00000000030b787f sp=0x0000000002eeeb88 mode 0


Dynamic libraries:
0x00007ff7a30a0000 - 0x00007ff7a30d7000 	C:\Program Files\Java\jre1.8.0_60\bin\javaw.exe
0x00007ff934c80000 - 0x00007ff934e41000 	C:\WINDOWS\SYSTEM32\ntdll.dll
0x00007ff934240000 - 0x00007ff9342ed000 	C:\WINDOWS\system32\KERNEL32.DLL
0x00007ff9320c0000 - 0x00007ff93229d000 	C:\WINDOWS\system32\KERNELBASE.dll
0x00007ff9329b0000 - 0x00007ff932a56000 	C:\WINDOWS\system32\ADVAPI32.dll
0x00007ff932620000 - 0x00007ff9326bd000 	C:\WINDOWS\system32\msvcrt.dll
0x00007ff9326d0000 - 0x00007ff93272b000 	C:\WINDOWS\system32\sechost.dll
0x00007ff9324f0000 - 0x00007ff932616000 	C:\WINDOWS\system32\RPCRT4.dll
0x00007ff934070000 - 0x00007ff9341be000 	C:\WINDOWS\system32\USER32.dll
0x00007ff932360000 - 0x00007ff9324e6000 	C:\WINDOWS\system32\GDI32.dll
0x00007ff92ae30000 - 0x00007ff92b0a4000 	C:\WINDOWS\WinSxS\amd64_microsoft.windows.common-controls_6595b64144ccf1df_6.0.10240.16384_none_f41f7b285750ef43\COMCTL32.dll
0x00007ff934a30000 - 0x00007ff934a66000 	C:\WINDOWS\system32\IMM32.DLL
0x00007ff9342f0000 - 0x00007ff93444c000 	C:\WINDOWS\system32\MSCTF.dll
0x00000000663b0000 - 0x0000000066482000 	C:\Program Files\Java\jre1.8.0_60\bin\msvcr100.dll
0x0000000066560000 - 0x0000000066de9000 	C:\Program Files\Java\jre1.8.0_60\bin\server\jvm.dll
0x00007ff9347a0000 - 0x00007ff9347a8000 	C:\WINDOWS\system32\PSAPI.DLL
0x00007ff92fcd0000 - 0x00007ff92fcf3000 	C:\WINDOWS\SYSTEM32\WINMM.dll
0x00007ff92e800000 - 0x00007ff92e80a000 	C:\WINDOWS\SYSTEM32\VERSION.dll
0x00007ff925ca0000 - 0x00007ff925ca9000 	C:\WINDOWS\SYSTEM32\WSOCK32.dll
0x00007ff934000000 - 0x00007ff934069000 	C:\WINDOWS\system32\WS2_32.dll
0x00007ff92fc40000 - 0x00007ff92fc6c000 	C:\WINDOWS\SYSTEM32\WINMMBASE.dll
0x00007ff9326c0000 - 0x00007ff9326c8000 	C:\WINDOWS\system32\NSI.dll
0x00007ff932300000 - 0x00007ff932344000 	C:\WINDOWS\system32\cfgmgr32.dll
0x00007ff930040000 - 0x00007ff930067000 	C:\WINDOWS\SYSTEM32\DEVOBJ.dll
0x0000000066550000 - 0x000000006655f000 	C:\Program Files\Java\jre1.8.0_60\bin\verify.dll
0x0000000066520000 - 0x0000000066549000 	C:\Program Files\Java\jre1.8.0_60\bin\java.dll
0x0000000066500000 - 0x0000000066516000 	C:\Program Files\Java\jre1.8.0_60\bin\zip.dll
0x00007ff932ad0000 - 0x00007ff933ff2000 	C:\WINDOWS\system32\SHELL32.dll
0x00007ff931750000 - 0x00007ff931d78000 	C:\WINDOWS\system32\windows.storage.dll
0x00007ff932730000 - 0x00007ff9329ac000 	C:\WINDOWS\system32\combase.dll
0x00007ff9341c0000 - 0x00007ff934211000 	C:\WINDOWS\system32\shlwapi.dll
0x00007ff9316f0000 - 0x00007ff9316ff000 	C:\WINDOWS\system32\kernel.appcore.dll
0x00007ff932000000 - 0x00007ff9320b3000 	C:\WINDOWS\system32\shcore.dll
0x00007ff931700000 - 0x00007ff93174a000 	C:\WINDOWS\system32\powrprof.dll
0x00007ff9316d0000 - 0x00007ff9316e3000 	C:\WINDOWS\system32\profapi.dll
0x0000000066210000 - 0x00000000663a8000 	C:\Program Files\Java\jre1.8.0_60\bin\awt.dll
0x00007ff9344b0000 - 0x00007ff93456e000 	C:\WINDOWS\system32\OLEAUT32.dll
0x00007ff92fdd0000 - 0x00007ff92fe48000 	C:\WINDOWS\system32\apphelp.dll
0x00007ff92e7d0000 - 0x00007ff92e7f2000 	C:\WINDOWS\system32\DWMAPI.DLL
0x00007ff92ff80000 - 0x00007ff930016000 	C:\WINDOWS\system32\uxtheme.dll
0x00007ff934570000 - 0x00007ff9346b1000 	C:\WINDOWS\system32\ole32.dll
0x00007ff9314d0000 - 0x00007ff93153b000 	C:\WINDOWS\SYSTEM32\bcryptPrimitives.dll
0x00000000661c0000 - 0x0000000066207000 	C:\Program Files\Java\jre1.8.0_60\bin\fontmanager.dll
0x00007ff934980000 - 0x00007ff934a25000 	C:\WINDOWS\system32\clbcatq.dll
0x00007ff9291e0000 - 0x00007ff929392000 	C:\WINDOWS\SYSTEM32\WindowsCodecs.dll
0x00007ff9315e0000 - 0x00007ff931608000 	C:\WINDOWS\SYSTEM32\bcrypt.dll
0x00007ff930f20000 - 0x00007ff930f37000 	C:\WINDOWS\SYSTEM32\cryptsp.dll
0x00007ff930b70000 - 0x00007ff930ba3000 	C:\WINDOWS\system32\rsaenh.dll
0x00007ff9310f0000 - 0x00007ff9310fb000 	C:\WINDOWS\SYSTEM32\CRYPTBASE.dll
0x00007ff91e940000 - 0x00007ff91e986000 	C:\WINDOWS\system32\dataexchange.dll
0x00007ff92fa80000 - 0x00007ff92fb51000 	C:\WINDOWS\system32\dcomp.dll
0x00007ff92e520000 - 0x00007ff92e7c3000 	C:\WINDOWS\system32\d3d11.dll
0x00007ff928c90000 - 0x00007ff9291d5000 	C:\WINDOWS\system32\d2d1.dll
0x00007ff92e480000 - 0x00007ff92e51c000 	C:\WINDOWS\system32\dxgi.dll
0x00007ff930070000 - 0x00007ff93015e000 	C:\WINDOWS\system32\twinapi.appcore.dll
0x00007ff930d50000 - 0x00007ff930d6f000 	C:\WINDOWS\system32\USERENV.dll
0x00000000664e0000 - 0x00000000664fa000 	C:\Program Files\Java\jre1.8.0_60\bin\net.dll
0x00007ff930ec0000 - 0x00007ff930f1d000 	C:\WINDOWS\system32\mswsock.dll
0x00000000664c0000 - 0x00000000664d1000 	C:\Program Files\Java\jre1.8.0_60\bin\nio.dll
0x0000000066170000 - 0x00000000661b2000 	C:\Program Files\Java\jre1.8.0_60\bin\t2k.dll
0x00007ff930c60000 - 0x00007ff930d08000 	C:\WINDOWS\SYSTEM32\DNSAPI.dll
0x0000000067290000 - 0x00000000672b6000 	C:\Program Files\Bonjour\mdnsNSP.dll
0x00007ff92f850000 - 0x00007ff92f888000 	C:\WINDOWS\SYSTEM32\Iphlpapi.DLL
0x00007ff92f6b0000 - 0x00007ff92f6bb000 	C:\WINDOWS\SYSTEM32\WINNSI.DLL
0x00007ff926840000 - 0x00007ff92684a000 	C:\Windows\System32\rasadhlp.dll
0x00007ff92cfd0000 - 0x00007ff92d038000 	C:\WINDOWS\System32\fwpuclnt.dll

VM Arguments:
jvm_args: -Dfile.encoding=UTF-8 -Xmx512M 
java_command: ProcessDatabases.DoMain
java_class_path (initial): E:\Java\Project\store_manager\bin;C:\Program Files\MySQL\mysql-connector-java-5.1.36\mysql-connector-java-5.1.36\mysql-connector-java-5.1.36-bin.jar
Launcher Type: SUN_STANDARD

Environment Variables:
JAVA_HOME=C:\Program Files\Java\jdk1.7.0_79
_JAVA_OPTIONS=-Xmx512M
PATH=C:/Program Files/Java/jre1.8.0_60/bin/server;C:/Program Files/Java/jre1.8.0_60/bin;C:/Program Files/Java/jre1.8.0_60/lib/amd64;C:\ProgramData\Oracle\Java\javapath;C:\Program Files (x86)\NVIDIA Corporation\PhysX\Common;C:\Windows\system32;C:\Windows;C:\Windows\System32\Wbem;C:\Windows\System32\WindowsPowerShell\v1.0\;C:\Program Files (x86)\GUI Turbo Assembler\BIN;C:\WINDOWS\system32;C:\WINDOWS;C:\WINDOWS\System32\Wbem;C:\WINDOWS\System32\WindowsPowerShell\v1.0\;C:\Program Files (x86)\Java\jre1.8.0_51\bin;.;C:\Program Files (x86)\Skype\Phone\;;C:\FPC\2.0.4\bin\i386-Win32;D:\Setup\eclipse-jee-mars-1-win32-x86_64\eclipse;
USERNAME=Phuc
OS=Windows_NT
PROCESSOR_IDENTIFIER=Intel64 Family 6 Model 69 Stepping 1, GenuineIntel



---------------  S Y S T E M  ---------------

OS: Windows 10.0 , 64 bit Build 10240 (10.0.10240.16384)

CPU:total 4 (2 cores per cpu, 2 threads per core) family 6 model 69 stepping 1, cmov, cx8, fxsr, mmx, sse, sse2, sse3, ssse3, sse4.1, sse4.2, popcnt, avx, avx2, aes, clmul, erms, lzcnt, ht, tsc, tscinvbit, bmi1, bmi2

Memory: 4k page, physical 5149260k(1538388k free), swap 5673548k(4872k free)

vm_info: Java HotSpot(TM) 64-Bit Server VM (25.60-b23) for windows-amd64 JRE (1.8.0_60-b27), built on Aug  4 2015 11:06:27 by "java_re" with MS VC++ 10.0 (VS2010)

time: Tue Dec 08 20:41:08 2015
elapsed time: 2 seconds (0d 0h 0m 2s)

