#
# There is insufficient memory for the Java Runtime Environment to continue.
# Native memory allocation (malloc) failed to allocate 32744 bytes for ChunkPool::allocate
# Possible reasons:
#   The system is out of physical RAM or swap space
#   In 32 bit mode, the process size limit was hit
# Possible solutions:
#   Reduce memory load on the system
#   Increase physical memory or swap space
#   Check if swap backing store is full
#   Use 64 bit Java on a 64 bit OS
#   Decrease Java heap size (-Xmx/-Xms)
#   Decrease number of Java threads
#   Decrease Java thread stack sizes (-Xss)
#   Set larger code cache with -XX:ReservedCodeCacheSize=
# This output file may be truncated or incomplete.
#
#  Out of Memory Error (allocation.cpp:273), pid=4392, tid=5828
#
# JRE version: Java(TM) SE Runtime Environment (8.0_60-b27) (build 1.8.0_60-b27)
# Java VM: Java HotSpot(TM) 64-Bit Server VM (25.60-b23 mixed mode windows-amd64 compressed oops)
# Failed to write core dump. Minidumps are not enabled by default on client versions of Windows
#

---------------  T H R E A D  ---------------

Current thread (0x0000000014107000):  JavaThread "C1 CompilerThread2" daemon [_thread_in_native, id=5828, stack(0x0000000015940000,0x0000000015a40000)]

Stack: [0x0000000015940000,0x0000000015a40000]
[error occurred during error reporting (printing stack bounds), id 0xc0000005]

Native frames: (J=compiled Java code, j=interpreted, Vv=VM code, C=native code)


Current CompileTask:
C1:    859  544 % !   3       sun.awt.image.PNGImageDecoder::produceImage @ 960 (1916 bytes)


---------------  P R O C E S S  ---------------

Java Threads: ( => current thread )
  0x0000000016378800 JavaThread "Image Fetcher 0" daemon [_thread_in_Java, id=7660, stack(0x0000000017b80000,0x0000000017c80000)]
  0x0000000015d95800 JavaThread "AWT-EventQueue-0" [_thread_blocked, id=5348, stack(0x0000000017880000,0x0000000017980000)]
  0x0000000015da7800 JavaThread "AWT-Windows" daemon [_thread_in_native, id=4740, stack(0x00000000170b0000,0x00000000171b0000)]
  0x00000000162ca000 JavaThread "AWT-Shutdown" [_thread_blocked, id=3284, stack(0x0000000016fb0000,0x00000000170b0000)]
  0x0000000015c4c800 JavaThread "Java2D Disposer" daemon [_thread_blocked, id=5980, stack(0x0000000016df0000,0x0000000016ef0000)]
  0x0000000015b7f000 JavaThread "Abandoned connection cleanup thread" daemon [_thread_blocked, id=5364, stack(0x0000000016040000,0x0000000016140000)]
  0x0000000015a6c800 JavaThread "Service Thread" daemon [_thread_blocked, id=4772, stack(0x0000000015e40000,0x0000000015f40000)]
=>0x0000000014107000 JavaThread "C1 CompilerThread2" daemon [_thread_in_native, id=5828, stack(0x0000000015940000,0x0000000015a40000)]
  0x0000000014100800 JavaThread "C2 CompilerThread1" daemon [_thread_in_native, id=7548, stack(0x0000000015840000,0x0000000015940000)]
  0x00000000140fd800 JavaThread "C2 CompilerThread0" daemon [_thread_blocked, id=6364, stack(0x0000000015740000,0x0000000015840000)]
  0x00000000140fb800 JavaThread "Attach Listener" daemon [_thread_blocked, id=4344, stack(0x0000000015640000,0x0000000015740000)]
  0x00000000140fa000 JavaThread "Signal Dispatcher" daemon [_thread_blocked, id=3160, stack(0x0000000015540000,0x0000000015640000)]
  0x0000000002cd7000 JavaThread "Finalizer" daemon [_thread_blocked, id=7880, stack(0x0000000015360000,0x0000000015460000)]
  0x0000000002cce000 JavaThread "Reference Handler" daemon [_thread_blocked, id=3112, stack(0x0000000015260000,0x0000000015360000)]
  0x00000000029de000 JavaThread "main" [_thread_blocked, id=7772, stack(0x0000000002ae0000,0x0000000002be0000)]

Other Threads:
  0x00000000140c7800 VMThread [stack: 0x0000000015160000,0x0000000015260000] [id=4864]
  0x0000000015a7b800 WatcherThread [stack: 0x0000000015f40000,0x0000000016040000] [id=2812]

VM state:not at safepoint (normal execution)

VM Mutex/Monitor currently owned by a thread: None

Heap:
 PSYoungGen      total 24064K, used 16884K [0x00000000f5580000, 0x00000000f7000000, 0x0000000100000000)
  eden space 20992K, 80% used [0x00000000f5580000,0x00000000f65fd380,0x00000000f6a00000)
  from space 3072K, 0% used [0x00000000f6d00000,0x00000000f6d00000,0x00000000f7000000)
  to   space 3072K, 0% used [0x00000000f6a00000,0x00000000f6a00000,0x00000000f6d00000)
 ParOldGen       total 54784K, used 0K [0x00000000e0000000, 0x00000000e3580000, 0x00000000f5580000)
  object space 54784K, 0% used [0x00000000e0000000,0x00000000e0000000,0x00000000e3580000)
 Metaspace       used 12254K, capacity 12464K, committed 12544K, reserved 1060864K
  class space    used 1424K, capacity 1515K, committed 1536K, reserved 1048576K

Card table byte_map: [0x00000000120a0000,0x00000000121b0000] byte_map_base: 0x00000000119a0000

Marking Bits: (ParMarkBitMap*) 0x00000000585ba5b0
 Begin Bits: [0x0000000012660000, 0x0000000012e60000)
 End Bits:   [0x0000000012e60000, 0x0000000013660000)

Polling page: 0x00000000011d0000

CodeCache: size=245760Kb used=2277Kb max_used=2289Kb free=243482Kb
 bounds [0x0000000002ce0000, 0x0000000002f50000, 0x0000000011ce0000]
 total_blobs=1052 nmethods=542 adapters=423
 compilation: enabled

Compilation events (10 events):
Event: 0.818 Thread 0x0000000014107000  539       3       java.util.Arrays::copyOf (13 bytes)
Event: 0.818 Thread 0x0000000014107000 nmethod 539 0x0000000002f14810 code [0x0000000002f14980, 0x0000000002f14b88]
Event: 0.828 Thread 0x0000000014107000  540 %     3       sun.awt.image.PNGImageDecoder::filterRow @ 79 (459 bytes)
Event: 0.830 Thread 0x0000000014107000 nmethod 540% 0x0000000002f15f10 code [0x0000000002f16180, 0x0000000002f17008]
Event: 0.830 Thread 0x0000000014107000  541       3       sun.awt.image.PNGImageDecoder::filterRow (459 bytes)
Event: 0.832 Thread 0x0000000014107000 nmethod 541 0x0000000002f18110 code [0x0000000002f18360, 0x0000000002f19108]
Event: 0.832 Thread 0x00000000140fd800  542 %     4       sun.awt.image.PNGImageDecoder::filterRow @ 79 (459 bytes)
Event: 0.837 Thread 0x00000000140fd800 nmethod 542% 0x0000000002f1ced0 code [0x0000000002f1d020, 0x0000000002f1d278]
Event: 0.837 Thread 0x0000000014100800  543       4       sun.awt.image.PNGImageDecoder::filterRow (459 bytes)
Event: 0.848 Thread 0x0000000014107000  544 % !   3       sun.awt.image.PNGImageDecoder::produceImage @ 960 (1916 bytes)

GC Heap History (0 events):
No events

Deoptimization events (3 events):
Event: 0.375 Thread 0x00000000029de000 Uncommon trap: reason=unstable_if action=reinterpret pc=0x0000000002e18f8c method=java.util.Properties.loadConvert([CII[C)Ljava/lang/String; @ 4
Event: 0.376 Thread 0x00000000029de000 Uncommon trap: reason=unstable_if action=reinterpret pc=0x0000000002e11508 method=java.util.Properties$LineReader.readLine()I @ 252
Event: 0.800 Thread 0x0000000016378800 Uncommon trap: reason=unstable_if action=reinterpret pc=0x0000000002e85e74 method=java.util.Properties$LineReader.readLine()I @ 328

Internal exceptions (10 events):
Event: 0.038 Thread 0x00000000029de000 Exception <a 'java/lang/NoSuchMethodError': Method sun.misc.Unsafe.defineClass(Ljava/lang/String;[BII)Ljava/lang/Class; name or signature does not match> (0x00000000f558d478) thrown at [C:\re\workspace\8-2-build-windows-amd64-cygwin\jdk8u60\4407\hotspot\sr—P∏*Ôm£?
Event: 0.038 Thread 0x00000000029de000 Exception <a 'java/lang/NoSuchMethodError': Method sun.misc.Unsafe.prefetchRead(Ljava/lang/Object;J)V name or signature does not match> (0x00000000f558d760) thrown at [C:\re\workspace\8-2-build-windows-amd64-cygwin\jdk8u60\4407\hotspot\src\share\vm\prims\jñ&ëè¿íΩ?
Event: 0.116 Thread 0x00000000029de000 Exception <a 'java/security/PrivilegedActionException'> (0x00000000f56d4aa8) thrown at [C:\re\workspace\8-2-build-windows-amd64-cygwin\jdk8u60\4407\hotspot\src\share\vm\prims\jvm.cpp, line 1386]
Event: 0.116 Thread 0x00000000029de000 Exception <a 'java/security/PrivilegedActionException'> (0x00000000f56d4cb8) thrown at [C:\re\workspace\8-2-build-windows-amd64-cygwin\jdk8u60\4407\hotspot\src\share\vm\prims\jvm.cpp, line 1386]
Event: 0.116 Thread 0x00000000029de000 Exception <a 'java/security/PrivilegedActionException'> (0x00000000f56d8860) thrown at [C:\re\workspace\8-2-build-windows-amd64-cygwin\jdk8u60\4407\hotspot\src\share\vm\prims\jvm.cpp, line 1386]
Event: 0.116 Thread 0x00000000029de000 Exception <a 'java/security/PrivilegedActionException'> (0x00000000f56d8a70) thrown at [C:\re\workspace\8-2-build-windows-amd64-cygwin\jdk8u60\4407\hotspot\src\share\vm\prims\jvm.cpp, line 1386]
Event: 0.557 Thread 0x00000000029de000 Exception <a 'java/io/FileNotFoundException'> (0x00000000f5d6a450) thrown at [C:\re\workspace\8-2-build-windows-amd64-cygwin\jdk8u60\4407\hotspot\src\share\vm\prims\jni.cpp, line 709]
Event: 0.605 Thread 0x00000000029de000 Exception <a 'java/lang/NoSuchFieldError': method resolution failed> (0x00000000f5e359a8) thrown at [C:\re\workspace\8-2-build-windows-amd64-cygwin\jdk8u60\4407\hotspot\src\share\vm\prims\methodHandles.cpp, line 1146]
Event: 0.608 Thread 0x00000000029de000 Exception <a 'java/lang/NoSuchFieldError': method resolution failed> (0x00000000f5e42cc8) thrown at [C:\re\workspace\8-2-build-windows-amd64-cygwin\jdk8u60\4407\hotspot\src\share\vm\prims\methodHandles.cpp, line 1146]
Event: 0.651 Thread 0x00000000029de000 Exception <a 'java/io/FileNotFoundException'> (0x00000000f5ed4fa8) thrown at [C:\re\workspace\8-2-build-windows-amd64-cygwin\jdk8u60\4407\hotspot\src\share\vm\prims\jni.cpp, line 709]

Events (10 events):
Event: 0.850 Thread 0x0000000016378800 DEOPT PACKING pc=0x0000000002f18fbb sp=0x0000000017c7f350
Event: 0.850 Thread 0x0000000016378800 DEOPT UNPACKING pc=0x0000000002d2787f sp=0x0000000017c7f078 mode 0
Event: 0.850 Thread 0x0000000016378800 DEOPT PACKING pc=0x0000000002f18fbb sp=0x0000000017c7f350
Event: 0.850 Thread 0x0000000016378800 DEOPT UNPACKING pc=0x0000000002d2787f sp=0x0000000017c7f078 mode 0
Event: 0.851 Thread 0x0000000016378800 DEOPT PACKING pc=0x0000000002f18fbb sp=0x0000000017c7f350
Event: 0.851 Thread 0x0000000016378800 DEOPT UNPACKING pc=0x0000000002d2787f sp=0x0000000017c7f078 mode 0
Event: 0.851 Thread 0x0000000016378800 DEOPT PACKING pc=0x0000000002f18fbb sp=0x0000000017c7f350
Event: 0.851 Thread 0x0000000016378800 DEOPT UNPACKING pc=0x0000000002d2787f sp=0x0000000017c7f078 mode 0
Event: 0.852 Thread 0x0000000016378800 DEOPT PACKING pc=0x0000000002f18fbb sp=0x0000000017c7f350
Event: 0.852 Thread 0x0000000016378800 DEOPT UNPACKING pc=0x0000000002d2787f sp=0x0000000017c7f078 mode 0


Dynamic libraries:
0x00007ff680680000 - 0x00007ff6806b7000 	C:\Program Files\Java\jre1.8.0_60\bin\javaw.exe
0x00007ff8560a0000 - 0x00007ff856261000 	C:\WINDOWS\SYSTEM32\ntdll.dll
0x00007ff853cd0000 - 0x00007ff853d7d000 	C:\WINDOWS\system32\KERNEL32.DLL
0x00007ff853590000 - 0x00007ff85376d000 	C:\WINDOWS\system32\KERNELBASE.dll
0x00007ff8542d0000 - 0x00007ff854376000 	C:\WINDOWS\system32\ADVAPI32.dll
0x00007ff853ee0000 - 0x00007ff853f7d000 	C:\WINDOWS\system32\msvcrt.dll
0x00007ff855d30000 - 0x00007ff855d8b000 	C:\WINDOWS\system32\sechost.dll
0x00007ff853f80000 - 0x00007ff8540a6000 	C:\WINDOWS\system32\RPCRT4.dll
0x00007ff8538f0000 - 0x00007ff853a3e000 	C:\WINDOWS\system32\USER32.dll
0x00007ff855ba0000 - 0x00007ff855d26000 	C:\WINDOWS\system32\GDI32.dll
0x00007ff84f790000 - 0x00007ff84fa04000 	C:\WINDOWS\WinSxS\amd64_microsoft.windows.common-controls_6595b64144ccf1df_6.0.10240.16384_none_f41f7b285750ef43\COMCTL32.dll
0x00007ff853ab0000 - 0x00007ff853ae6000 	C:\WINDOWS\system32\IMM32.DLL
0x00007ff853d80000 - 0x00007ff853edc000 	C:\WINDOWS\system32\MSCTF.dll
0x0000000057c00000 - 0x0000000057cd2000 	C:\Program Files\Java\jre1.8.0_60\bin\msvcr100.dll
0x0000000057db0000 - 0x0000000058639000 	C:\Program Files\Java\jre1.8.0_60\bin\server\jvm.dll
0x00007ff853a40000 - 0x00007ff853a48000 	C:\WINDOWS\system32\PSAPI.DLL
0x00007ff84fa20000 - 0x00007ff84fa2a000 	C:\WINDOWS\SYSTEM32\VERSION.dll
0x00007ff846690000 - 0x00007ff846699000 	C:\WINDOWS\SYSTEM32\WSOCK32.dll
0x00007ff850e40000 - 0x00007ff850e63000 	C:\WINDOWS\SYSTEM32\WINMM.dll
0x0000000001200000 - 0x000000000122c000 	C:\WINDOWS\SYSTEM32\WINMMBASE.dll
0x00007ff854260000 - 0x00007ff8542c9000 	C:\WINDOWS\system32\ws2_32.DLL
0x00007ff855f90000 - 0x00007ff855f98000 	C:\WINDOWS\system32\NSI.dll
0x00007ff852da0000 - 0x00007ff852de4000 	C:\WINDOWS\system32\cfgmgr32.dll
0x00007ff8513a0000 - 0x00007ff8513c7000 	C:\WINDOWS\SYSTEM32\DEVOBJ.dll
0x0000000057da0000 - 0x0000000057daf000 	C:\Program Files\Java\jre1.8.0_60\bin\verify.dll
0x0000000057d70000 - 0x0000000057d99000 	C:\Program Files\Java\jre1.8.0_60\bin\java.dll
0x0000000057d50000 - 0x0000000057d66000 	C:\Program Files\Java\jre1.8.0_60\bin\zip.dll
0x00007ff854380000 - 0x00007ff8558a2000 	C:\WINDOWS\system32\SHELL32.dll
0x00007ff852f60000 - 0x00007ff853588000 	C:\WINDOWS\system32\windows.storage.dll
0x00007ff8558b0000 - 0x00007ff855b2c000 	C:\WINDOWS\system32\combase.dll
0x00007ff8537d0000 - 0x00007ff853821000 	C:\WINDOWS\system32\shlwapi.dll
0x00007ff852ad0000 - 0x00007ff852adf000 	C:\WINDOWS\system32\kernel.appcore.dll
0x00007ff852df0000 - 0x00007ff852ea3000 	C:\WINDOWS\system32\shcore.dll
0x00007ff852b00000 - 0x00007ff852b4a000 	C:\WINDOWS\system32\powrprof.dll
0x00007ff852b50000 - 0x00007ff852b63000 	C:\WINDOWS\system32\profapi.dll
0x0000000057d30000 - 0x0000000057d4a000 	C:\Program Files\Java\jre1.8.0_60\bin\net.dll
0x00007ff852340000 - 0x00007ff85239d000 	C:\WINDOWS\system32\mswsock.dll
0x00007ff8520e0000 - 0x00007ff852188000 	C:\WINDOWS\SYSTEM32\DNSAPI.dll
0x0000000058ba0000 - 0x0000000058bc6000 	C:\Program Files\Bonjour\mdnsNSP.dll
0x00007ff851210000 - 0x00007ff851248000 	C:\WINDOWS\SYSTEM32\Iphlpapi.DLL
0x00007ff851090000 - 0x00007ff85109b000 	C:\WINDOWS\SYSTEM32\WINNSI.DLL
0x00007ff848360000 - 0x00007ff84836a000 	C:\Windows\System32\rasadhlp.dll
0x00007ff84cc80000 - 0x00007ff84cce8000 	C:\WINDOWS\System32\fwpuclnt.dll
0x00007ff852610000 - 0x00007ff852638000 	C:\WINDOWS\SYSTEM32\bcrypt.dll
0x0000000057a40000 - 0x0000000057bd8000 	C:\Program Files\Java\jre1.8.0_60\bin\awt.dll
0x00007ff853830000 - 0x00007ff8538ee000 	C:\WINDOWS\system32\OLEAUT32.dll
0x00007ff850f90000 - 0x00007ff851008000 	C:\WINDOWS\system32\apphelp.dll
0x00007ff8504e0000 - 0x00007ff850502000 	C:\WINDOWS\system32\DWMAPI.DLL
0x00007ff8513d0000 - 0x00007ff851466000 	C:\WINDOWS\system32\uxtheme.dll
0x00007ff855e40000 - 0x00007ff855f81000 	C:\WINDOWS\system32\ole32.dll
0x00007ff852920000 - 0x00007ff85298b000 	C:\WINDOWS\SYSTEM32\bcryptPrimitives.dll
0x00000000579f0000 - 0x0000000057a37000 	C:\Program Files\Java\jre1.8.0_60\bin\fontmanager.dll

VM Arguments:
jvm_args: -Dfile.encoding=Cp1252 -Xmx512M 
java_command: ProcessDatabases.DoMain
java_class_path (initial): E:\Java\Project\store_manager\bin;C:\Program Files\MySQL\mysql-connector-java-5.1.36\mysql-connector-java-5.1.36\mysql-connector-java-5.1.36-bin.jar
Launcher Type: SUN_STANDARD

Environment Variables:
JAVA_HOME=C:\Program Files\Java\jdk1.7.0_79
_JAVA_OPTIONS=-Xmx512M
PATH=C:/Program Files/Java/jre1.8.0_60/bin/server;C:/Program Files/Java/jre1.8.0_60/bin;C:/Program Files/Java/jre1.8.0_60/lib/amd64;C:\ProgramData\Oracle\Java\javapath;C:\Program Files (x86)\NVIDIA Corporation\PhysX\Common;C:\Windows\system32;C:\Windows;C:\Windows\System32\Wbem;C:\Windows\System32\WindowsPowerShell\v1.0\;C:\Program Files (x86)\GUI Turbo Assembler\BIN;C:\WINDOWS\system32;C:\WINDOWS;C:\WINDOWS\System32\Wbem;C:\WINDOWS\System32\WindowsPowerShell\v1.0\;C:\Program Files (x86)\Java\jre1.8.0_51\bin;.;C:\Program Files (x86)\Skype\Phone\;;C:\FPC\2.0.4\bin\i386-Win32;D:\Setup\eclipse-jee-mars-1-win32-x86_64\eclipse;
USERNAME=Phuc
OS=Windows_NT
PROCESSOR_IDENTIFIER=Intel64 Family 6 Model 69 Stepping 1, GenuineIntel



---------------  S Y S T E M  ---------------

OS: Windows 10.0 , 64 bit Build 10240 (10.0.10240.16384)

CPU:total 4 (2 cores per cpu, 2 threads per core) family 6 model 69 stepping 1, cmov, cx8, fxsr, mmx, sse, sse2, sse3, ssse3, sse4.1, sse4.2, popcnt, avx, avx2, aes, clmul, erms, lzcnt, ht, tsc, tscinvbit, bmi1, bmi2

Memory: 4k page, physical 5149260k(1508196k free), swap 5673548k(4100k free)

vm_info: Java HotSpot(TM) 64-Bit Server VM (25.60-b23) for windows-amd64 JRE (1.8.0_60-b27), built on Aug  4 2015 11:06:27 by "java_re" with MS VC++ 10.0 (VS2010)

time: Mon Oct 19 02:42:27 2015
elapsed time: 0 seconds (0d 0h 0m 0s)

