#
# There is insufficient memory for the Java Runtime Environment to continue.
# Native memory allocation (malloc) failed to allocate 32744 bytes for ChunkPool::allocate
# Possible reasons:
#   The system is out of physical RAM or swap space
#   In 32 bit mode, the process size limit was hit
# Possible solutions:
#   Reduce memory load on the system
#   Increase physical memory or swap space
#   Check if swap backing store is full
#   Use 64 bit Java on a 64 bit OS
#   Decrease Java heap size (-Xmx/-Xms)
#   Decrease number of Java threads
#   Decrease Java thread stack sizes (-Xss)
#   Set larger code cache with -XX:ReservedCodeCacheSize=
# This output file may be truncated or incomplete.
#
#  Out of Memory Error (allocation.cpp:273), pid=8328, tid=6444
#
# JRE version: Java(TM) SE Runtime Environment (8.0_60-b27) (build 1.8.0_60-b27)
# Java VM: Java HotSpot(TM) 64-Bit Server VM (25.60-b23 mixed mode windows-amd64 compressed oops)
# Failed to write core dump. Minidumps are not enabled by default on client versions of Windows
#

---------------  T H R E A D  ---------------

Current thread (0x0000000013ca7800):  JavaThread "C1 CompilerThread2" daemon [_thread_in_native, id=6444, stack(0x0000000015500000,0x0000000015600000)]

Stack: [0x0000000015500000,0x0000000015600000]
[error occurred during error reporting (printing stack bounds), id 0xc0000005]

Native frames: (J=compiled Java code, j=interpreted, Vv=VM code, C=native code)


Current CompileTask:
C1:   3652  572   !   3      
[error occurred during error reporting (printing current compile task), id 0xe0000001]


---------------  P R O C E S S  ---------------

Java Threads: ( => current thread )
  0x00000000162ae000 JavaThread "Image Fetcher 0" daemon [_thread_blocked, id=8808, stack(0x0000000017b60000,0x0000000017c60000)]
  0x0000000016280000 JavaThread "TimerQueue" daemon [_thread_blocked, id=8540, stack(0x0000000017a60000,0x0000000017b60000)]
  0x000000000261e000 JavaThread "DestroyJavaVM" [_thread_blocked, id=8604, stack(0x0000000002640000,0x0000000002740000)]
  0x00000000159ab800 JavaThread "AWT-EventQueue-0" [_thread_blocked, id=7704, stack(0x00000000160c0000,0x00000000161c0000)]
  0x00000000159aa000 JavaThread "AWT-Windows" daemon [_thread_in_native, id=4852, stack(0x0000000015ee0000,0x0000000015fe0000)]
  0x00000000159a7000 JavaThread "AWT-Shutdown" [_thread_blocked, id=8596, stack(0x0000000015de0000,0x0000000015ee0000)]
  0x00000000159f5800 JavaThread "Java2D Disposer" daemon [_thread_blocked, id=6064, stack(0x0000000015ce0000,0x0000000015de0000)]
  0x000000001562d000 JavaThread "Service Thread" daemon [_thread_blocked, id=956, stack(0x0000000015a00000,0x0000000015b00000)]
=>0x0000000013ca7800 JavaThread "C1 CompilerThread2" daemon [_thread_in_native, id=6444, stack(0x0000000015500000,0x0000000015600000)]
  0x0000000013ca0800 JavaThread "C2 CompilerThread1" daemon [_thread_blocked, id=820, stack(0x0000000015400000,0x0000000015500000)]
  0x0000000013c9d800 JavaThread "C2 CompilerThread0" daemon [_thread_blocked, id=6368, stack(0x0000000015300000,0x0000000015400000)]
  0x0000000013c9b800 JavaThread "Attach Listener" daemon [_thread_blocked, id=3140, stack(0x0000000015200000,0x0000000015300000)]
  0x0000000013c9a000 JavaThread "Signal Dispatcher" daemon [_thread_blocked, id=1356, stack(0x0000000015100000,0x0000000015200000)]
  0x0000000002856800 JavaThread "Finalizer" daemon [_thread_blocked, id=6856, stack(0x0000000014f10000,0x0000000015010000)]
  0x000000000284e000 JavaThread "Reference Handler" daemon [_thread_blocked, id=7784, stack(0x0000000014e10000,0x0000000014f10000)]

Other Threads:
  0x0000000013c67800 VMThread [stack: 0x0000000014d10000,0x0000000014e10000] [id=6228]
  0x0000000015634000 WatcherThread [stack: 0x0000000015b00000,0x0000000015c00000] [id=6164]

VM state:not at safepoint (normal execution)

VM Mutex/Monitor currently owned by a thread: None

Heap:
 PSYoungGen      total 24064K, used 7161K [0x00000000f5580000, 0x00000000f7000000, 0x0000000100000000)
  eden space 20992K, 34% used [0x00000000f5580000,0x00000000f5c7e4b8,0x00000000f6a00000)
  from space 3072K, 0% used [0x00000000f6d00000,0x00000000f6d00000,0x00000000f7000000)
  to   space 3072K, 0% used [0x00000000f6a00000,0x00000000f6a00000,0x00000000f6d00000)
 ParOldGen       total 54784K, used 0K [0x00000000e0000000, 0x00000000e3580000, 0x00000000f5580000)
  object space 54784K, 0% used [0x00000000e0000000,0x00000000e0000000,0x00000000e3580000)
 Metaspace       used 10235K, capacity 10402K, committed 10624K, reserved 1058816K
  class space    used 1303K, capacity 1353K, committed 1408K, reserved 1048576K

Card table byte_map: [0x0000000011c30000,0x0000000011d40000] byte_map_base: 0x0000000011530000

Marking Bits: (ParMarkBitMap*) 0x000000006915a5b0
 Begin Bits: [0x00000000121f0000, 0x00000000129f0000)
 End Bits:   [0x00000000129f0000, 0x00000000131f0000)

Polling page: 0x0000000002600000

CodeCache: size=245760Kb used=2235Kb max_used=2235Kb free=243524Kb
 bounds [0x0000000002870000, 0x0000000002ae0000, 0x0000000011870000]
 total_blobs=1046 nmethods=571 adapters=388
 compilation: enabled

Compilation events (10 events):
Event: 3.594 Thread 0x0000000013ca7800 nmethod 567 0x0000000002a9bd10 code [0x0000000002a9bee0, 0x0000000002a9c618]
Event: 3.594 Thread 0x0000000013ca7800  568       3       sun.awt.windows.WWindowPeer::preprocessPostEvent (72 bytes)
Event: 3.595 Thread 0x0000000013ca7800 nmethod 568 0x0000000002a9c910 code [0x0000000002a9cac0, 0x0000000002a9d1b8]
Event: 3.606 Thread 0x0000000013ca7800  569       3       java.awt.EventQueue::postEvent (13 bytes)
Event: 3.606 Thread 0x0000000013ca7800 nmethod 569 0x0000000002a9d310 code [0x0000000002a9d4a0, 0x0000000002a9d8a8]
Event: 3.610 Thread 0x0000000013ca7800  570       3       java.awt.EventQueue::cacheEQItem (60 bytes)
Event: 3.610 Thread 0x0000000013ca7800 nmethod 570 0x0000000002a9da50 code [0x0000000002a9dbe0, 0x0000000002a9e348]
Event: 3.610 Thread 0x0000000013ca7800  571       3       sun.reflect.UnsafeFieldAccessorImpl::ensureObj (23 bytes)
Event: 3.611 Thread 0x0000000013ca7800 nmethod 571 0x0000000002a9e550 code [0x0000000002a9e720, 0x0000000002a9f078]
Event: 3.640 Thread 0x0000000013ca7800  572   !   3       java.awt.DefaultKeyboardFocusManager::dispatchEvent (1589 bytes)

GC Heap History (0 events):
No events

Deoptimization events (0 events):
No events

Internal exceptions (10 events):
Event: 0.051 Thread 0x000000000261e000 Exception <a 'java/lang/NoSuchMethodError': Method sun.misc.Unsafe.defineClass(Ljava/lang/String;[BII)Ljava/lang/Class; name or signature does not match> (0x00000000f558d498) thrown at [C:\re\workspace\8-2-build-windows-amd64-cygwin\jdk8u60\4407\hotspot\sr•±0&âJª?
Event: 0.051 Thread 0x000000000261e000 Exception <a 'java/lang/NoSuchMethodError': Method sun.misc.Unsafe.prefetchRead(Ljava/lang/Object;J)V name or signature does not match> (0x00000000f558d780) thrown at [C:\re\workspace\8-2-build-windows-amd64-cygwin\jdk8u60\4407\hotspot\src\share\vm\prims\j!¢ésÈ0Æ?
Event: 0.173 Thread 0x000000000261e000 Exception <a 'java/security/PrivilegedActionException'> (0x00000000f56d8870) thrown at [C:\re\workspace\8-2-build-windows-amd64-cygwin\jdk8u60\4407\hotspot\src\share\vm\prims\jvm.cpp, line 1386]
Event: 0.173 Thread 0x000000000261e000 Exception <a 'java/security/PrivilegedActionException'> (0x00000000f56d8a80) thrown at [C:\re\workspace\8-2-build-windows-amd64-cygwin\jdk8u60\4407\hotspot\src\share\vm\prims\jvm.cpp, line 1386]
Event: 0.174 Thread 0x000000000261e000 Exception <a 'java/security/PrivilegedActionException'> (0x00000000f56dc628) thrown at [C:\re\workspace\8-2-build-windows-amd64-cygwin\jdk8u60\4407\hotspot\src\share\vm\prims\jvm.cpp, line 1386]
Event: 0.174 Thread 0x000000000261e000 Exception <a 'java/security/PrivilegedActionException'> (0x00000000f56dc838) thrown at [C:\re\workspace\8-2-build-windows-amd64-cygwin\jdk8u60\4407\hotspot\src\share\vm\prims\jvm.cpp, line 1386]
Event: 0.209 Thread 0x000000000261e000 Exception <a 'java/io/FileNotFoundException'> (0x00000000f56ded48) thrown at [C:\re\workspace\8-2-build-windows-amd64-cygwin\jdk8u60\4407\hotspot\src\share\vm\prims\jni.cpp, line 709]
Event: 0.253 Thread 0x000000000261e000 Exception <a 'java/lang/NoSuchFieldError': method resolution failed> (0x00000000f57ac6a0) thrown at [C:\re\workspace\8-2-build-windows-amd64-cygwin\jdk8u60\4407\hotspot\src\share\vm\prims\methodHandles.cpp, line 1146]
Event: 0.255 Thread 0x000000000261e000 Exception <a 'java/lang/NoSuchFieldError': method resolution failed> (0x00000000f57b9a70) thrown at [C:\re\workspace\8-2-build-windows-amd64-cygwin\jdk8u60\4407\hotspot\src\share\vm\prims\methodHandles.cpp, line 1146]
Event: 0.353 Thread 0x00000000159ab800 Exception <a 'java/io/FileNotFoundException'> (0x00000000f58d67b0) thrown at [C:\re\workspace\8-2-build-windows-amd64-cygwin\jdk8u60\4407\hotspot\src\share\vm\prims\jni.cpp, line 709]

Events (10 events):
Event: 1.959 loading class java/awt/WaitDispatchSupport$2
Event: 1.959 loading class java/awt/WaitDispatchSupport$2 done
Event: 1.959 loading class java/awt/WaitDispatchSupport$4
Event: 1.959 loading class java/awt/WaitDispatchSupport$4 done
Event: 1.959 loading class sun/awt/ModalExclude
Event: 1.959 loading class sun/awt/ModalExclude done
Event: 1.961 loading class sun/awt/image/BufImgSurfaceManager
Event: 1.961 loading class sun/awt/image/BufImgSurfaceManager done
Event: 1.962 loading class sun/java2d/loops/Blit$GeneralMaskBlit
Event: 1.962 loading class sun/java2d/loops/Blit$GeneralMaskBlit done


Dynamic libraries:
0x00007ff7289b0000 - 0x00007ff7289e7000 	C:\Program Files\Java\jre1.8.0_60\bin\javaw.exe
0x00007ff9407a0000 - 0x00007ff940961000 	C:\WINDOWS\SYSTEM32\ntdll.dll
0x00007ff93de70000 - 0x00007ff93df1d000 	C:\WINDOWS\system32\KERNEL32.DLL
0x00007ff93dc30000 - 0x00007ff93de0d000 	C:\WINDOWS\system32\KERNELBASE.dll
0x00007ff93e560000 - 0x00007ff93e606000 	C:\WINDOWS\system32\ADVAPI32.dll
0x00007ff93e610000 - 0x00007ff93e6ad000 	C:\WINDOWS\system32\msvcrt.dll
0x00007ff9401a0000 - 0x00007ff9401fb000 	C:\WINDOWS\system32\sechost.dll
0x00007ff940200000 - 0x00007ff940326000 	C:\WINDOWS\system32\RPCRT4.dll
0x00007ff93e730000 - 0x00007ff93e87e000 	C:\WINDOWS\system32\USER32.dll
0x00007ff9403f0000 - 0x00007ff940576000 	C:\WINDOWS\system32\GDI32.dll
0x00007ff937860000 - 0x00007ff937ad4000 	C:\WINDOWS\WinSxS\amd64_microsoft.windows.common-controls_6595b64144ccf1df_6.0.10240.16384_none_f41f7b285750ef43\COMCTL32.dll
0x00007ff93eab0000 - 0x00007ff93eae6000 	C:\WINDOWS\system32\IMM32.DLL
0x00007ff940020000 - 0x00007ff94017c000 	C:\WINDOWS\system32\MSCTF.dll
0x0000000068560000 - 0x0000000068632000 	C:\Program Files\Java\jre1.8.0_60\bin\msvcr100.dll
0x0000000068950000 - 0x00000000691d9000 	C:\Program Files\Java\jre1.8.0_60\bin\server\jvm.dll
0x00007ff940180000 - 0x00007ff940188000 	C:\WINDOWS\system32\PSAPI.DLL
0x00007ff9327f0000 - 0x00007ff9327f9000 	C:\WINDOWS\SYSTEM32\WSOCK32.dll
0x00007ff93b750000 - 0x00007ff93b773000 	C:\WINDOWS\SYSTEM32\WINMM.dll
0x00007ff937b90000 - 0x00007ff937b9a000 	C:\WINDOWS\SYSTEM32\VERSION.dll
0x00007ff93e6b0000 - 0x00007ff93e719000 	C:\WINDOWS\system32\WS2_32.dll
0x00007ff940190000 - 0x00007ff940198000 	C:\WINDOWS\system32\NSI.dll
0x00007ff93b720000 - 0x00007ff93b74c000 	C:\WINDOWS\SYSTEM32\WINMMBASE.dll
0x00007ff93d270000 - 0x00007ff93d2b4000 	C:\WINDOWS\system32\cfgmgr32.dll
0x00007ff93bb40000 - 0x00007ff93bb67000 	C:\WINDOWS\SYSTEM32\DEVOBJ.dll
0x0000000068940000 - 0x000000006894f000 	C:\Program Files\Java\jre1.8.0_60\bin\verify.dll
0x0000000068910000 - 0x0000000068939000 	C:\Program Files\Java\jre1.8.0_60\bin\java.dll
0x00000000688f0000 - 0x0000000068906000 	C:\Program Files\Java\jre1.8.0_60\bin\zip.dll
0x00007ff93eaf0000 - 0x00007ff940012000 	C:\WINDOWS\system32\SHELL32.dll
0x00007ff93d600000 - 0x00007ff93dc28000 	C:\WINDOWS\system32\windows.storage.dll
0x00007ff93e210000 - 0x00007ff93e48c000 	C:\WINDOWS\system32\combase.dll
0x00007ff940330000 - 0x00007ff940381000 	C:\WINDOWS\system32\shlwapi.dll
0x00007ff93d1f0000 - 0x00007ff93d1ff000 	C:\WINDOWS\system32\kernel.appcore.dll
0x00007ff93d370000 - 0x00007ff93d423000 	C:\WINDOWS\system32\shcore.dll
0x00007ff93d200000 - 0x00007ff93d24a000 	C:\WINDOWS\system32\powrprof.dll
0x00007ff93d250000 - 0x00007ff93d263000 	C:\WINDOWS\system32\profapi.dll
0x00000000686e0000 - 0x0000000068878000 	C:\Program Files\Java\jre1.8.0_60\bin\awt.dll
0x00007ff93df20000 - 0x00007ff93dfde000 	C:\WINDOWS\system32\OLEAUT32.dll
0x00007ff93b850000 - 0x00007ff93b8c8000 	C:\WINDOWS\system32\apphelp.dll
0x00007ff93baa0000 - 0x00007ff93bb36000 	C:\WINDOWS\system32\uxtheme.dll
0x00007ff93ac40000 - 0x00007ff93ac62000 	C:\WINDOWS\system32\dwmapi.dll
0x00007ff93e960000 - 0x00007ff93eaa1000 	C:\WINDOWS\system32\ole32.dll
0x00007ff93d020000 - 0x00007ff93d08b000 	C:\WINDOWS\SYSTEM32\bcryptPrimitives.dll
0x0000000068690000 - 0x00000000686d7000 	C:\Program Files\Java\jre1.8.0_60\bin\fontmanager.dll
0x00007ff93e4b0000 - 0x00007ff93e555000 	C:\WINDOWS\system32\clbcatq.dll
0x00007ff9376a0000 - 0x00007ff937852000 	C:\WINDOWS\SYSTEM32\WindowsCodecs.dll
0x00007ff93cd10000 - 0x00007ff93cd38000 	C:\WINDOWS\SYSTEM32\bcrypt.dll
0x00007ff93caa0000 - 0x00007ff93cab7000 	C:\WINDOWS\SYSTEM32\cryptsp.dll
0x00007ff93c6f0000 - 0x00007ff93c723000 	C:\WINDOWS\system32\rsaenh.dll
0x00007ff93cc10000 - 0x00007ff93cc1b000 	C:\WINDOWS\SYSTEM32\CRYPTBASE.dll
0x00007ff9300e0000 - 0x00007ff930126000 	C:\WINDOWS\system32\dataexchange.dll
0x00007ff93a960000 - 0x00007ff93ac03000 	C:\WINDOWS\system32\d3d11.dll
0x00007ff9333a0000 - 0x00007ff9338e5000 	C:\WINDOWS\system32\d2d1.dll
0x00007ff93b500000 - 0x00007ff93b5d1000 	C:\WINDOWS\system32\dcomp.dll
0x00007ff93a8b0000 - 0x00007ff93a94c000 	C:\WINDOWS\system32\dxgi.dll
0x00007ff93bb70000 - 0x00007ff93bc5e000 	C:\WINDOWS\system32\twinapi.appcore.dll
0x00007ff93c7e0000 - 0x00007ff93c7ff000 	C:\WINDOWS\system32\USERENV.dll
0x00000000688d0000 - 0x00000000688ea000 	C:\Program Files\Java\jre1.8.0_60\bin\net.dll
0x00007ff93ca40000 - 0x00007ff93ca9d000 	C:\WINDOWS\system32\mswsock.dll
0x00000000688b0000 - 0x00000000688c1000 	C:\Program Files\Java\jre1.8.0_60\bin\nio.dll
0x0000000068640000 - 0x0000000068682000 	C:\Program Files\Java\jre1.8.0_60\bin\t2k.dll

VM Arguments:
jvm_args: -Dfile.encoding=UTF-8 -Xmx512M 
java_command: ProcessDatabases.SearchAndEditProduct
java_class_path (initial): E:\Java\Project\store_manager\bin;C:\Program Files\MySQL\mysql-connector-java-5.1.36\mysql-connector-java-5.1.36\mysql-connector-java-5.1.36-bin.jar
Launcher Type: SUN_STANDARD

Environment Variables:
JAVA_HOME=C:\Program Files\Java\jdk1.7.0_79
_JAVA_OPTIONS=-Xmx512M
PATH=C:/Program Files/Java/jre1.8.0_60/bin/server;C:/Program Files/Java/jre1.8.0_60/bin;C:/Program Files/Java/jre1.8.0_60/lib/amd64;C:\ProgramData\Oracle\Java\javapath;C:\Program Files (x86)\NVIDIA Corporation\PhysX\Common;C:\Windows\system32;C:\Windows;C:\Windows\System32\Wbem;C:\Windows\System32\WindowsPowerShell\v1.0\;C:\Program Files (x86)\GUI Turbo Assembler\BIN;C:\WINDOWS\system32;C:\WINDOWS;C:\WINDOWS\System32\Wbem;C:\WINDOWS\System32\WindowsPowerShell\v1.0\;C:\Program Files (x86)\Java\jre1.8.0_51\bin;.;C:\Program Files (x86)\Skype\Phone\;;C:\FPC\2.0.4\bin\i386-Win32;D:\Setup\eclipse-jee-mars-1-win32-x86_64\eclipse;
USERNAME=Phuc
OS=Windows_NT
PROCESSOR_IDENTIFIER=Intel64 Family 6 Model 69 Stepping 1, GenuineIntel



---------------  S Y S T E M  ---------------

OS: Windows 10.0 , 64 bit Build 10240 (10.0.10240.16384)

CPU:total 4 (2 cores per cpu, 2 threads per core) family 6 model 69 stepping 1, cmov, cx8, fxsr, mmx, sse, sse2, sse3, ssse3, sse4.1, sse4.2, popcnt, avx, avx2, aes, clmul, erms, lzcnt, ht, tsc, tscinvbit, bmi1, bmi2

Memory: 4k page, physical 5149260k(1276032k free), swap 5673548k(5124k free)

vm_info: Java HotSpot(TM) 64-Bit Server VM (25.60-b23) for windows-amd64 JRE (1.8.0_60-b27), built on Aug  4 2015 11:06:27 by "java_re" with MS VC++ 10.0 (VS2010)

time: Sun Oct 11 15:31:02 2015
elapsed time: 3 seconds (0d 0h 0m 3s)

