#
# There is insufficient memory for the Java Runtime Environment to continue.
# Native memory allocation (malloc) failed to allocate 32784 bytes for Chunk::new
# Possible reasons:
#   The system is out of physical RAM or swap space
#   In 32 bit mode, the process size limit was hit
# Possible solutions:
#   Reduce memory load on the system
#   Increase physical memory or swap space
#   Check if swap backing store is full
#   Use 64 bit Java on a 64 bit OS
#   Decrease Java heap size (-Xmx/-Xms)
#   Decrease number of Java threads
#   Decrease Java thread stack sizes (-Xss)
#   Set larger code cache with -XX:ReservedCodeCacheSize=
# This output file may be truncated or incomplete.
#
#  Out of Memory Error (allocation.cpp:390), pid=6784, tid=4364
#
# JRE version: Java(TM) SE Runtime Environment (8.0_60-b27) (build 1.8.0_60-b27)
# Java VM: Java HotSpot(TM) 64-Bit Server VM (25.60-b23 mixed mode windows-amd64 compressed oops)
# Failed to write core dump. Minidumps are not enabled by default on client versions of Windows
#

---------------  T H R E A D  ---------------

Current thread (0x0000000013ce5000):  JavaThread "C2 CompilerThread1" daemon [_thread_in_native, id=4364, stack(0x0000000015420000,0x0000000015520000)]

Stack: [0x0000000015420000,0x0000000015520000]
[error occurred during error reporting (printing stack bounds), id 0xc0000005]

Native frames: (J=compiled Java code, j=interpreted, Vv=VM code, C=native code)


Current CompileTask:
C2:    997  544       4       sun.awt.image.PNGImageDecoder::filterRow (459 bytes)


---------------  P R O C E S S  ---------------

Java Threads: ( => current thread )
  0x0000000015eed000 JavaThread "Image Fetcher 0" daemon [_thread_in_vm, id=728, stack(0x0000000017690000,0x0000000017790000)]
  0x0000000015e89800 JavaThread "AWT-EventQueue-0" [_thread_blocked, id=4832, stack(0x0000000017390000,0x0000000017490000)]
  0x00000000159e8800 JavaThread "AWT-Windows" daemon [_thread_in_native, id=4304, stack(0x0000000016c80000,0x0000000016d80000)]
  0x00000000159e7800 JavaThread "AWT-Shutdown" [_thread_blocked, id=1808, stack(0x0000000016b80000,0x0000000016c80000)]
  0x0000000015a0b000 JavaThread "Java2D Disposer" daemon [_thread_blocked, id=5860, stack(0x00000000169a0000,0x0000000016aa0000)]
  0x000000001575f000 JavaThread "Abandoned connection cleanup thread" daemon [_thread_blocked, id=5684, stack(0x0000000015c20000,0x0000000015d20000)]
  0x0000000013d3c000 JavaThread "Service Thread" daemon [_thread_blocked, id=4264, stack(0x0000000015a20000,0x0000000015b20000)]
  0x0000000013ce8800 JavaThread "C1 CompilerThread2" daemon [_thread_in_vm, id=6212, stack(0x0000000015520000,0x0000000015620000)]
=>0x0000000013ce5000 JavaThread "C2 CompilerThread1" daemon [_thread_in_native, id=4364, stack(0x0000000015420000,0x0000000015520000)]
  0x0000000013cdd800 JavaThread "C2 CompilerThread0" daemon [_thread_blocked, id=2392, stack(0x0000000015320000,0x0000000015420000)]
  0x0000000013cdb800 JavaThread "Attach Listener" daemon [_thread_blocked, id=5732, stack(0x0000000015220000,0x0000000015320000)]
  0x0000000013cda000 JavaThread "Signal Dispatcher" daemon [_thread_blocked, id=3444, stack(0x0000000015120000,0x0000000015220000)]
  0x0000000002966800 JavaThread "Finalizer" daemon [_thread_blocked, id=8164, stack(0x0000000014f40000,0x0000000015040000)]
  0x000000000295e000 JavaThread "Reference Handler" daemon [_thread_blocked, id=7536, stack(0x0000000014e40000,0x0000000014f40000)]
  0x000000000276e000 JavaThread "main" [_thread_blocked, id=5408, stack(0x00000000025a0000,0x00000000026a0000)]

Other Threads:
  0x0000000013ca7000 VMThread [stack: 0x0000000014d40000,0x0000000014e40000] [id=2380]
  0x000000001564c800 WatcherThread [stack: 0x0000000015b20000,0x0000000015c20000] [id=4956]

VM state:not at safepoint (normal execution)

VM Mutex/Monitor currently owned by a thread: None

Heap:
 PSYoungGen      total 24064K, used 17068K [0x00000000f5580000, 0x00000000f7000000, 0x0000000100000000)
  eden space 20992K, 81% used [0x00000000f5580000,0x00000000f662b128,0x00000000f6a00000)
  from space 3072K, 0% used [0x00000000f6d00000,0x00000000f6d00000,0x00000000f7000000)
  to   space 3072K, 0% used [0x00000000f6a00000,0x00000000f6a00000,0x00000000f6d00000)
 ParOldGen       total 54784K, used 0K [0x00000000e0000000, 0x00000000e3580000, 0x00000000f5580000)
  object space 54784K, 0% used [0x00000000e0000000,0x00000000e0000000,0x00000000e3580000)
 Metaspace       used 12259K, capacity 12464K, committed 12544K, reserved 1060864K
  class space    used 1433K, capacity 1515K, committed 1536K, reserved 1048576K

Card table byte_map: [0x0000000011d30000,0x0000000011e40000] byte_map_base: 0x0000000011630000

Marking Bits: (ParMarkBitMap*) 0x00000000585ba5b0
 Begin Bits: [0x0000000012240000, 0x0000000012a40000)
 End Bits:   [0x0000000012a40000, 0x0000000013240000)

Polling page: 0x0000000000d90000

CodeCache: size=245760Kb used=2297Kb max_used=2308Kb free=243462Kb
 bounds [0x0000000002970000, 0x0000000002be0000, 0x0000000011970000]
 total_blobs=1053 nmethods=543 adapters=423
 compilation: enabled

Compilation events (10 events):
Event: 0.949 Thread 0x0000000013ce8800 nmethod 539 0x0000000002ba6e10 code [0x0000000002ba6fc0, 0x0000000002ba7568]
Event: 0.952 Thread 0x0000000013ce5000 nmethod 538 0x0000000002baa7d0 code [0x0000000002baa920, 0x0000000002baad48]
Event: 0.973 Thread 0x0000000013ce8800  541 %     3       sun.awt.image.PNGImageDecoder::filterRow @ 79 (459 bytes)
Event: 0.974 Thread 0x0000000013ce8800 nmethod 541% 0x0000000002baae90 code [0x0000000002bab100, 0x0000000002babf88]
Event: 0.974 Thread 0x0000000013ce8800  542       3       sun.awt.image.PNGImageDecoder::filterRow (459 bytes)
Event: 0.976 Thread 0x0000000013ce8800 nmethod 542 0x0000000002bad090 code [0x0000000002bad2e0, 0x0000000002bae088]
Event: 0.979 Thread 0x0000000013cdd800  543 %     4       sun.awt.image.PNGImageDecoder::filterRow @ 79 (459 bytes)
Event: 0.986 Thread 0x0000000013cdd800 nmethod 543% 0x0000000002ba7b50 code [0x0000000002ba7ca0, 0x0000000002ba7ef8]
Event: 0.987 Thread 0x0000000013ce5000  544       4       sun.awt.image.PNGImageDecoder::filterRow (459 bytes)
Event: 0.994 Thread 0x0000000013ce8800  545 % !   3       sun.awt.image.PNGImageDecoder::produceImage @ 960 (1916 bytes)

GC Heap History (0 events):
No events

Deoptimization events (4 events):
Event: 0.223 Thread 0x000000000276e000 Uncommon trap: reason=unstable_if action=reinterpret pc=0x0000000002aa0bcc method=java.util.Properties.loadConvert([CII[C)Ljava/lang/String; @ 4
Event: 0.503 Thread 0x000000000276e000 Uncommon trap: reason=class_check action=maybe_recompile pc=0x0000000002aab9e4 method=java.util.Properties$LineReader.readLine()I @ 62
Event: 0.503 Thread 0x000000000276e000 Uncommon trap: reason=unstable_if action=reinterpret pc=0x0000000002aa3f08 method=java.util.Properties$LineReader.readLine()I @ 252
Event: 0.504 Thread 0x000000000276e000 Uncommon trap: reason=unstable_if action=reinterpret pc=0x0000000002aab7ec method=java.util.Properties$LineReader.readLine()I @ 252

Internal exceptions (10 events):
Event: 0.061 Thread 0x000000000276e000 Exception <a 'java/lang/NoSuchMethodError': Method sun.misc.Unsafe.defineClass(Ljava/lang/String;[BII)Ljava/lang/Class; name or signature does not match> (0x00000000f558d128) thrown at [C:\re\workspace\8-2-build-windows-amd64-cygwin\jdk8u60\4407\hotspot\sr~Ì∂ΩÈyØ?
Event: 0.061 Thread 0x000000000276e000 Exception <a 'java/lang/NoSuchMethodError': Method sun.misc.Unsafe.prefetchRead(Ljava/lang/Object;J)V name or signature does not match> (0x00000000f558d410) thrown at [C:\re\workspace\8-2-build-windows-amd64-cygwin\jdk8u60\4407\hotspot\src\share\vm\prims\jLáPçˇƒ?
Event: 0.157 Thread 0x000000000276e000 Exception <a 'java/security/PrivilegedActionException'> (0x00000000f56d4750) thrown at [C:\re\workspace\8-2-build-windows-amd64-cygwin\jdk8u60\4407\hotspot\src\share\vm\prims\jvm.cpp, line 1386]
Event: 0.157 Thread 0x000000000276e000 Exception <a 'java/security/PrivilegedActionException'> (0x00000000f56d4960) thrown at [C:\re\workspace\8-2-build-windows-amd64-cygwin\jdk8u60\4407\hotspot\src\share\vm\prims\jvm.cpp, line 1386]
Event: 0.158 Thread 0x000000000276e000 Exception <a 'java/security/PrivilegedActionException'> (0x00000000f56d8508) thrown at [C:\re\workspace\8-2-build-windows-amd64-cygwin\jdk8u60\4407\hotspot\src\share\vm\prims\jvm.cpp, line 1386]
Event: 0.158 Thread 0x000000000276e000 Exception <a 'java/security/PrivilegedActionException'> (0x00000000f56d8718) thrown at [C:\re\workspace\8-2-build-windows-amd64-cygwin\jdk8u60\4407\hotspot\src\share\vm\prims\jvm.cpp, line 1386]
Event: 0.693 Thread 0x000000000276e000 Exception <a 'java/io/FileNotFoundException'> (0x00000000f5d690f8) thrown at [C:\re\workspace\8-2-build-windows-amd64-cygwin\jdk8u60\4407\hotspot\src\share\vm\prims\jni.cpp, line 709]
Event: 0.743 Thread 0x000000000276e000 Exception <a 'java/lang/NoSuchFieldError': method resolution failed> (0x00000000f5e34af8) thrown at [C:\re\workspace\8-2-build-windows-amd64-cygwin\jdk8u60\4407\hotspot\src\share\vm\prims\methodHandles.cpp, line 1146]
Event: 0.746 Thread 0x000000000276e000 Exception <a 'java/lang/NoSuchFieldError': method resolution failed> (0x00000000f5e41e18) thrown at [C:\re\workspace\8-2-build-windows-amd64-cygwin\jdk8u60\4407\hotspot\src\share\vm\prims\methodHandles.cpp, line 1146]
Event: 0.786 Thread 0x000000000276e000 Exception <a 'java/io/FileNotFoundException'> (0x00000000f5ed3d28) thrown at [C:\re\workspace\8-2-build-windows-amd64-cygwin\jdk8u60\4407\hotspot\src\share\vm\prims\jni.cpp, line 709]

Events (10 events):
Event: 0.992 Thread 0x0000000015eed000 DEOPT PACKING pc=0x0000000002badf3b sp=0x000000001778ef70
Event: 0.992 Thread 0x0000000015eed000 DEOPT UNPACKING pc=0x00000000029b787f sp=0x000000001778ec98 mode 0
Event: 0.993 Thread 0x0000000015eed000 DEOPT PACKING pc=0x0000000002badf3b sp=0x000000001778ef70
Event: 0.993 Thread 0x0000000015eed000 DEOPT UNPACKING pc=0x00000000029b787f sp=0x000000001778ec98 mode 0
Event: 0.993 Thread 0x0000000015eed000 DEOPT PACKING pc=0x0000000002badf3b sp=0x000000001778ef70
Event: 0.993 Thread 0x0000000015eed000 DEOPT UNPACKING pc=0x00000000029b787f sp=0x000000001778ec98 mode 0
Event: 0.993 Thread 0x0000000015eed000 DEOPT PACKING pc=0x0000000002badf3b sp=0x000000001778ef70
Event: 0.993 Thread 0x0000000015eed000 DEOPT UNPACKING pc=0x00000000029b787f sp=0x000000001778ec98 mode 0
Event: 0.994 Thread 0x0000000015eed000 DEOPT PACKING pc=0x0000000002badf3b sp=0x000000001778ef70
Event: 0.994 Thread 0x0000000015eed000 DEOPT UNPACKING pc=0x00000000029b787f sp=0x000000001778ec98 mode 0


Dynamic libraries:
0x00007ff680680000 - 0x00007ff6806b7000 	C:\Program Files\Java\jre1.8.0_60\bin\javaw.exe
0x00007ff8560a0000 - 0x00007ff856261000 	C:\WINDOWS\SYSTEM32\ntdll.dll
0x00007ff853cd0000 - 0x00007ff853d7d000 	C:\WINDOWS\system32\KERNEL32.DLL
0x00007ff853590000 - 0x00007ff85376d000 	C:\WINDOWS\system32\KERNELBASE.dll
0x00007ff8542d0000 - 0x00007ff854376000 	C:\WINDOWS\system32\ADVAPI32.dll
0x00007ff853ee0000 - 0x00007ff853f7d000 	C:\WINDOWS\system32\msvcrt.dll
0x00007ff855d30000 - 0x00007ff855d8b000 	C:\WINDOWS\system32\sechost.dll
0x00007ff853f80000 - 0x00007ff8540a6000 	C:\WINDOWS\system32\RPCRT4.dll
0x00007ff8538f0000 - 0x00007ff853a3e000 	C:\WINDOWS\system32\USER32.dll
0x00007ff855ba0000 - 0x00007ff855d26000 	C:\WINDOWS\system32\GDI32.dll
0x00007ff84f790000 - 0x00007ff84fa04000 	C:\WINDOWS\WinSxS\amd64_microsoft.windows.common-controls_6595b64144ccf1df_6.0.10240.16384_none_f41f7b285750ef43\COMCTL32.dll
0x00007ff853ab0000 - 0x00007ff853ae6000 	C:\WINDOWS\system32\IMM32.DLL
0x00007ff853d80000 - 0x00007ff853edc000 	C:\WINDOWS\system32\MSCTF.dll
0x0000000057c00000 - 0x0000000057cd2000 	C:\Program Files\Java\jre1.8.0_60\bin\msvcr100.dll
0x0000000057db0000 - 0x0000000058639000 	C:\Program Files\Java\jre1.8.0_60\bin\server\jvm.dll
0x00007ff853a40000 - 0x00007ff853a48000 	C:\WINDOWS\system32\PSAPI.DLL
0x00007ff846690000 - 0x00007ff846699000 	C:\WINDOWS\SYSTEM32\WSOCK32.dll
0x00007ff854260000 - 0x00007ff8542c9000 	C:\WINDOWS\system32\WS2_32.dll
0x00007ff855f90000 - 0x00007ff855f98000 	C:\WINDOWS\system32\NSI.dll
0x00007ff850e40000 - 0x00007ff850e63000 	C:\WINDOWS\SYSTEM32\WINMM.dll
0x00007ff84fa20000 - 0x00007ff84fa2a000 	C:\WINDOWS\SYSTEM32\VERSION.dll
0x00007ff850e10000 - 0x00007ff850e3c000 	C:\WINDOWS\SYSTEM32\WINMMBASE.dll
0x00007ff852da0000 - 0x00007ff852de4000 	C:\WINDOWS\system32\cfgmgr32.dll
0x00007ff8513a0000 - 0x00007ff8513c7000 	C:\WINDOWS\SYSTEM32\DEVOBJ.dll
0x0000000057da0000 - 0x0000000057daf000 	C:\Program Files\Java\jre1.8.0_60\bin\verify.dll
0x0000000057d70000 - 0x0000000057d99000 	C:\Program Files\Java\jre1.8.0_60\bin\java.dll
0x0000000057d50000 - 0x0000000057d66000 	C:\Program Files\Java\jre1.8.0_60\bin\zip.dll
0x00007ff854380000 - 0x00007ff8558a2000 	C:\WINDOWS\system32\SHELL32.dll
0x00007ff852f60000 - 0x00007ff853588000 	C:\WINDOWS\system32\windows.storage.dll
0x00007ff8558b0000 - 0x00007ff855b2c000 	C:\WINDOWS\system32\combase.dll
0x00007ff8537d0000 - 0x00007ff853821000 	C:\WINDOWS\system32\shlwapi.dll
0x00007ff852ad0000 - 0x00007ff852adf000 	C:\WINDOWS\system32\kernel.appcore.dll
0x00007ff852df0000 - 0x00007ff852ea3000 	C:\WINDOWS\system32\shcore.dll
0x00007ff852b00000 - 0x00007ff852b4a000 	C:\WINDOWS\system32\powrprof.dll
0x00007ff852b50000 - 0x00007ff852b63000 	C:\WINDOWS\system32\profapi.dll
0x0000000057d30000 - 0x0000000057d4a000 	C:\Program Files\Java\jre1.8.0_60\bin\net.dll
0x00007ff852340000 - 0x00007ff85239d000 	C:\WINDOWS\system32\mswsock.dll
0x00007ff8520e0000 - 0x00007ff852188000 	C:\WINDOWS\SYSTEM32\DNSAPI.dll
0x0000000058ba0000 - 0x0000000058bc6000 	C:\Program Files\Bonjour\mdnsNSP.dll
0x00007ff851210000 - 0x00007ff851248000 	C:\WINDOWS\SYSTEM32\Iphlpapi.DLL
0x00007ff851090000 - 0x00007ff85109b000 	C:\WINDOWS\SYSTEM32\WINNSI.DLL
0x00007ff848360000 - 0x00007ff84836a000 	C:\Windows\System32\rasadhlp.dll
0x00007ff84cc80000 - 0x00007ff84cce8000 	C:\WINDOWS\System32\fwpuclnt.dll
0x00007ff852610000 - 0x00007ff852638000 	C:\WINDOWS\SYSTEM32\bcrypt.dll
0x0000000057a40000 - 0x0000000057bd8000 	C:\Program Files\Java\jre1.8.0_60\bin\awt.dll
0x00007ff853830000 - 0x00007ff8538ee000 	C:\WINDOWS\system32\OLEAUT32.dll
0x00007ff850f90000 - 0x00007ff851008000 	C:\WINDOWS\system32\apphelp.dll
0x00007ff8504e0000 - 0x00007ff850502000 	C:\WINDOWS\system32\DWMAPI.DLL
0x00007ff8513d0000 - 0x00007ff851466000 	C:\WINDOWS\system32\uxtheme.dll
0x00007ff855e40000 - 0x00007ff855f81000 	C:\WINDOWS\system32\ole32.dll
0x00007ff852920000 - 0x00007ff85298b000 	C:\WINDOWS\SYSTEM32\bcryptPrimitives.dll
0x00000000579f0000 - 0x0000000057a37000 	C:\Program Files\Java\jre1.8.0_60\bin\fontmanager.dll

VM Arguments:
jvm_args: -Dfile.encoding=Cp1252 -Xmx512M 
java_command: ProcessDatabases.DoMain
java_class_path (initial): E:\Java\Project\store_manager\bin;C:\Program Files\MySQL\mysql-connector-java-5.1.36\mysql-connector-java-5.1.36\mysql-connector-java-5.1.36-bin.jar
Launcher Type: SUN_STANDARD

Environment Variables:
JAVA_HOME=C:\Program Files\Java\jdk1.7.0_79
_JAVA_OPTIONS=-Xmx512M
PATH=C:/Program Files/Java/jre1.8.0_60/bin/server;C:/Program Files/Java/jre1.8.0_60/bin;C:/Program Files/Java/jre1.8.0_60/lib/amd64;C:\ProgramData\Oracle\Java\javapath;C:\Program Files (x86)\NVIDIA Corporation\PhysX\Common;C:\Windows\system32;C:\Windows;C:\Windows\System32\Wbem;C:\Windows\System32\WindowsPowerShell\v1.0\;C:\Program Files (x86)\GUI Turbo Assembler\BIN;C:\WINDOWS\system32;C:\WINDOWS;C:\WINDOWS\System32\Wbem;C:\WINDOWS\System32\WindowsPowerShell\v1.0\;C:\Program Files (x86)\Java\jre1.8.0_51\bin;.;C:\Program Files (x86)\Skype\Phone\;;C:\FPC\2.0.4\bin\i386-Win32;D:\Setup\eclipse-jee-mars-1-win32-x86_64\eclipse;
USERNAME=Phuc
OS=Windows_NT
PROCESSOR_IDENTIFIER=Intel64 Family 6 Model 69 Stepping 1, GenuineIntel



---------------  S Y S T E M  ---------------

OS: Windows 10.0 , 64 bit Build 10240 (10.0.10240.16384)

CPU:total 4 (2 cores per cpu, 2 threads per core) family 6 model 69 stepping 1, cmov, cx8, fxsr, mmx, sse, sse2, sse3, ssse3, sse4.1, sse4.2, popcnt, avx, avx2, aes, clmul, erms, lzcnt, ht, tsc, tscinvbit, bmi1, bmi2

Memory: 4k page, physical 5149260k(1508888k free), swap 5673548k(4312k free)

vm_info: Java HotSpot(TM) 64-Bit Server VM (25.60-b23) for windows-amd64 JRE (1.8.0_60-b27), built on Aug  4 2015 11:06:27 by "java_re" with MS VC++ 10.0 (VS2010)

time: Mon Oct 19 02:42:15 2015
elapsed time: 1 seconds (0d 0h 0m 1s)

