#
# There is insufficient memory for the Java Runtime Environment to continue.
# Native memory allocation (malloc) failed to allocate 138832 bytes for Chunk::new
# Possible reasons:
#   The system is out of physical RAM or swap space
#   In 32 bit mode, the process size limit was hit
# Possible solutions:
#   Reduce memory load on the system
#   Increase physical memory or swap space
#   Check if swap backing store is full
#   Use 64 bit Java on a 64 bit OS
#   Decrease Java heap size (-Xmx/-Xms)
#   Decrease number of Java threads
#   Decrease Java thread stack sizes (-Xss)
#   Set larger code cache with -XX:ReservedCodeCacheSize=
# This output file may be truncated or incomplete.
#
#  Out of Memory Error (allocation.cpp:390), pid=1724, tid=1192
#
# JRE version: Java(TM) SE Runtime Environment (8.0_60-b27) (build 1.8.0_60-b27)
# Java VM: Java HotSpot(TM) 64-Bit Server VM (25.60-b23 mixed mode windows-amd64 compressed oops)
# Failed to write core dump. Minidumps are not enabled by default on client versions of Windows
#

---------------  T H R E A D  ---------------

Current thread (0x0000000014032000):  JavaThread "C2 CompilerThread1" daemon [_thread_in_native, id=1192, stack(0x0000000015720000,0x0000000015820000)]

Stack: [0x0000000015720000,0x0000000015820000]
[error occurred during error reporting (printing stack bounds), id 0xc0000005]

Native frames: (J=compiled Java code, j=interpreted, Vv=VM code, C=native code)


Current CompileTask:
C2:   3382 1026       4       java.lang.String::toUpperCase (439 bytes)


---------------  P R O C E S S  ---------------

Java Threads: ( => current thread )
  0x0000000016c8e800 JavaThread "TimerQueue" daemon [_thread_blocked, id=7064, stack(0x0000000017e70000,0x0000000017f70000)]
  0x0000000016877800 JavaThread "Abandoned connection cleanup thread" daemon [_thread_blocked, id=6968, stack(0x0000000017b20000,0x0000000017c20000)]
  0x0000000015cf1800 JavaThread "Image Fetcher 0" daemon [_thread_blocked, id=7712, stack(0x0000000016550000,0x0000000016650000)]
  0x0000000015cea000 JavaThread "AWT-EventQueue-0" [_thread_blocked, id=1340, stack(0x0000000016450000,0x0000000016550000)]
  0x0000000015c7f000 JavaThread "AWT-Windows" daemon [_thread_in_native, id=7548, stack(0x0000000016290000,0x0000000016390000)]
  0x0000000015c7c000 JavaThread "AWT-Shutdown" [_thread_blocked, id=4400, stack(0x0000000016190000,0x0000000016290000)]
  0x0000000015c79800 JavaThread "Java2D Disposer" daemon [_thread_blocked, id=1872, stack(0x0000000016000000,0x0000000016100000)]
  0x0000000015945000 JavaThread "Service Thread" daemon [_thread_blocked, id=6632, stack(0x0000000015d20000,0x0000000015e20000)]
  0x000000001403d000 JavaThread "C1 CompilerThread2" daemon [_thread_blocked, id=5472, stack(0x0000000015820000,0x0000000015920000)]
=>0x0000000014032000 JavaThread "C2 CompilerThread1" daemon [_thread_in_native, id=1192, stack(0x0000000015720000,0x0000000015820000)]
  0x0000000013fdd000 JavaThread "C2 CompilerThread0" daemon [_thread_in_native, id=2280, stack(0x0000000015620000,0x0000000015720000)]
  0x0000000013fdb800 JavaThread "Attach Listener" daemon [_thread_blocked, id=7308, stack(0x0000000015520000,0x0000000015620000)]
  0x0000000013fda000 JavaThread "Signal Dispatcher" daemon [_thread_blocked, id=3728, stack(0x0000000015420000,0x0000000015520000)]
  0x0000000002ba6800 JavaThread "Finalizer" daemon [_thread_blocked, id=5364, stack(0x0000000015230000,0x0000000015330000)]
  0x0000000002b9e000 JavaThread "Reference Handler" daemon [_thread_blocked, id=4636, stack(0x0000000015130000,0x0000000015230000)]
  0x00000000029ae000 JavaThread "main" [_thread_in_Java, id=244, stack(0x00000000029b0000,0x0000000002ab0000)]

Other Threads:
  0x0000000013fa7000 VMThread [stack: 0x0000000015030000,0x0000000015130000] [id=6664]
  0x000000001594c000 WatcherThread [stack: 0x0000000015e20000,0x0000000015f20000] [id=2020]

VM state:not at safepoint (normal execution)

VM Mutex/Monitor currently owned by a thread: None

Heap:
 PSYoungGen      total 24064K, used 4204K [0x00000000f5580000, 0x00000000f7000000, 0x0000000100000000)
  eden space 20992K, 5% used [0x00000000f5580000,0x00000000f569d988,0x00000000f6a00000)
  from space 3072K, 99% used [0x00000000f6d00000,0x00000000f6ffd6f0,0x00000000f7000000)
  to   space 3072K, 0% used [0x00000000f6a00000,0x00000000f6a00000,0x00000000f6d00000)
 ParOldGen       total 54784K, used 14764K [0x00000000e0000000, 0x00000000e3580000, 0x00000000f5580000)
  object space 54784K, 26% used [0x00000000e0000000,0x00000000e0e6b1c0,0x00000000e3580000)
 Metaspace       used 13037K, capacity 13262K, committed 13440K, reserved 1060864K
  class space    used 1497K, capacity 1584K, committed 1664K, reserved 1048576K

Card table byte_map: [0x0000000011f70000,0x0000000012080000] byte_map_base: 0x0000000011870000

Marking Bits: (ParMarkBitMap*) 0x0000000066d6a5b0
 Begin Bits: [0x0000000012530000, 0x0000000012d30000)
 End Bits:   [0x0000000012d30000, 0x0000000013530000)

Polling page: 0x0000000000f30000

CodeCache: size=245760Kb used=3903Kb max_used=3903Kb free=241856Kb
 bounds [0x0000000002bb0000, 0x0000000002f90000, 0x0000000011bb0000]
 total_blobs=1577 nmethods=1046 adapters=444
 compilation: enabled

Compilation events (10 events):
Event: 3.359 Thread 0x000000001403d000 1041   !   3       java.lang.ref.Finalizer::runFinalizer (62 bytes)
Event: 3.360 Thread 0x000000001403d000 nmethod 1041 0x0000000002f78cd0 code [0x0000000002f78e80, 0x0000000002f796f8]
Event: 3.360 Thread 0x000000001403d000 1042       3       java.lang.ref.Finalizer::hasBeenFinalized (14 bytes)
Event: 3.360 Thread 0x000000001403d000 nmethod 1042 0x0000000002f79990 code [0x0000000002f79ae0, 0x0000000002f79c90]
Event: 3.360 Thread 0x000000001403d000 1043   !   3       java.lang.ref.Finalizer::remove (94 bytes)
Event: 3.361 Thread 0x000000001403d000 nmethod 1043 0x0000000002f79d10 code [0x0000000002f79e80, 0x0000000002f7a350]
Event: 3.361 Thread 0x000000001403d000 1037       3       java.net.SocksSocketImpl::close (24 bytes)
Event: 3.361 Thread 0x000000001403d000 nmethod 1037 0x0000000002f7a490 code [0x0000000002f7a620, 0x0000000002f7a9b8]
Event: 3.362 Thread 0x000000001403d000 1044       3       java.io.FileDescriptor::<init> (17 bytes)
Event: 3.363 Thread 0x000000001403d000 nmethod 1044 0x0000000002f7ab50 code [0x0000000002f7aca0, 0x0000000002f7ae70]

GC Heap History (4 events):
Event: 2.691 GC heap before
{Heap before GC invocations=1 (full 0):
 PSYoungGen      total 24064K, used 20992K [0x00000000f5580000, 0x00000000f7000000, 0x0000000100000000)
  eden space 20992K, 100% used [0x00000000f5580000,0x00000000f6a00000,0x00000000f6a00000)
  from space 3072K, 0% used [0x00000000f6d00000,0x00000000f6d00000,0x00000000f7000000)
  to   space 3072K, 0% used [0x00000000f6a00000,0x00000000f6a00000,0x00000000f6d00000)
 ParOldGen       total 54784K, used 0K [0x00000000e0000000, 0x00000000e3580000, 0x00000000f5580000)
  object space 54784K, 0% used [0x00000000e0000000,0x00000000e0000000,0x00000000e3580000)
 Metaspace       used 12690K, capacity 12848K, committed 13184K, reserved 1060864K
  class space    used 1490K, capacity 1579K, committed 1664K, reserved 1048576K
Event: 2.699 GC heap after
Heap after GC invocations=1 (full 0):
 PSYoungGen      total 24064K, used 3045K [0x00000000f5580000, 0x00000000f7000000, 0x0000000100000000)
  eden space 20992K, 0% used [0x00000000f5580000,0x00000000f5580000,0x00000000f6a00000)
  from space 3072K, 99% used [0x00000000f6a00000,0x00000000f6cf9700,0x00000000f6d00000)
  to   space 3072K, 0% used [0x00000000f6d00000,0x00000000f6d00000,0x00000000f7000000)
 ParOldGen       total 54784K, used 14636K [0x00000000e0000000, 0x00000000e3580000, 0x00000000f5580000)
  object space 54784K, 26% used [0x00000000e0000000,0x00000000e0e4b1c0,0x00000000e3580000)
 Metaspace       used 12690K, capacity 12848K, committed 13184K, reserved 1060864K
  class space    used 1490K, capacity 1579K, committed 1664K, reserved 1048576K
}
Event: 3.341 GC heap before
{Heap before GC invocations=2 (full 0):
 PSYoungGen      total 24064K, used 24037K [0x00000000f5580000, 0x00000000f7000000, 0x0000000100000000)
  eden space 20992K, 100% used [0x00000000f5580000,0x00000000f6a00000,0x00000000f6a00000)
  from space 3072K, 99% used [0x00000000f6a00000,0x00000000f6cf9700,0x00000000f6d00000)
  to   space 3072K, 0% used [0x00000000f6d00000,0x00000000f6d00000,0x00000000f7000000)
 ParOldGen       total 54784K, used 14636K [0x00000000e0000000, 0x00000000e3580000, 0x00000000f5580000)
  object space 54784K, 26% used [0x00000000e0000000,0x00000000e0e4b1c0,0x00000000e3580000)
 Metaspace       used 13027K, capacity 13262K, committed 13440K, reserved 1060864K
  class space    used 1497K, capacity 1584K, committed 1664K, reserved 1048576K
Event: 3.355 GC heap after
Heap after GC invocations=2 (full 0):
 PSYoungGen      total 24064K, used 3061K [0x00000000f5580000, 0x00000000f7000000, 0x0000000100000000)
  eden space 20992K, 0% used [0x00000000f5580000,0x00000000f5580000,0x00000000f6a00000)
  from space 3072K, 99% used [0x00000000f6d00000,0x00000000f6ffd6f0,0x00000000f7000000)
  to   space 3072K, 0% used [0x00000000f6a00000,0x00000000f6a00000,0x00000000f6d00000)
 ParOldGen       total 54784K, used 14764K [0x00000000e0000000, 0x00000000e3580000, 0x00000000f5580000)
  object space 54784K, 26% used [0x00000000e0000000,0x00000000e0e6b1c0,0x00000000e3580000)
 Metaspace       used 13027K, capacity 13262K, committed 13440K, reserved 1060864K
  class space    used 1497K, capacity 1584K, committed 1664K, reserved 1048576K
}

Deoptimization events (1 events):
Event: 2.562 Thread 0x00000000029ae000 Uncommon trap: reason=unstable_if action=reinterpret pc=0x0000000002dd5d8c method=java.util.Properties.loadConvert([CII[C)Ljava/lang/String; @ 4

Internal exceptions (10 events):
Event: 3.329 Thread 0x00000000029ae000 Exception <a 'java/lang/NullPointerException'> (0x00000000f6978b80) thrown at [C:\re\workspace\8-2-build-windows-amd64-cygwin\jdk8u60\4407\hotspot\src\share\vm\interpreter\linkResolver.cpp, line 1178]
Event: 3.331 Thread 0x00000000029ae000 Exception <a 'java/lang/NullPointerException'> (0x00000000f698e448) thrown at [C:\re\workspace\8-2-build-windows-amd64-cygwin\jdk8u60\4407\hotspot\src\share\vm\interpreter\linkResolver.cpp, line 1178]
Event: 3.333 Thread 0x00000000029ae000 Exception <a 'java/lang/NullPointerException'> (0x00000000f69a4eb8) thrown at [C:\re\workspace\8-2-build-windows-amd64-cygwin\jdk8u60\4407\hotspot\src\share\vm\interpreter\linkResolver.cpp, line 1178]
Event: 3.335 Thread 0x00000000029ae000 Exception <a 'java/lang/NullPointerException'> (0x00000000f69ba780) thrown at [C:\re\workspace\8-2-build-windows-amd64-cygwin\jdk8u60\4407\hotspot\src\share\vm\interpreter\linkResolver.cpp, line 1178]
Event: 3.337 Thread 0x00000000029ae000 Exception <a 'java/lang/NullPointerException'> (0x00000000f69d0048) thrown at [C:\re\workspace\8-2-build-windows-amd64-cygwin\jdk8u60\4407\hotspot\src\share\vm\interpreter\linkResolver.cpp, line 1178]
Event: 3.339 Thread 0x00000000029ae000 Exception <a 'java/lang/NullPointerException'> (0x00000000f69e5910) thrown at [C:\re\workspace\8-2-build-windows-amd64-cygwin\jdk8u60\4407\hotspot\src\share\vm\interpreter\linkResolver.cpp, line 1178]
Event: 3.341 Thread 0x00000000029ae000 Exception <a 'java/lang/NullPointerException'> (0x00000000f69fb1e8) thrown at [C:\re\workspace\8-2-build-windows-amd64-cygwin\jdk8u60\4407\hotspot\src\share\vm\interpreter\linkResolver.cpp, line 1178]
Event: 3.358 Thread 0x00000000029ae000 Exception <a 'java/lang/NullPointerException'> (0x00000000f5590af8) thrown at [C:\re\workspace\8-2-build-windows-amd64-cygwin\jdk8u60\4407\hotspot\src\share\vm\interpreter\linkResolver.cpp, line 1178]
Event: 3.361 Thread 0x00000000029ae000 Exception <a 'java/lang/NullPointerException'> (0x00000000f55a63c0) thrown at [C:\re\workspace\8-2-build-windows-amd64-cygwin\jdk8u60\4407\hotspot\src\share\vm\interpreter\linkResolver.cpp, line 1178]
Event: 3.364 Thread 0x00000000029ae000 Exception <a 'java/lang/NullPointerException'> (0x00000000f55bbc88) thrown at [C:\re\workspace\8-2-build-windows-amd64-cygwin\jdk8u60\4407\hotspot\src\share\vm\interpreter\linkResolver.cpp, line 1178]

Events (10 events):
Event: 2.707 loading class com/mysql/jdbc/NetworkResources
Event: 2.707 loading class com/mysql/jdbc/NetworkResources done
Event: 2.708 loading class com/mysql/jdbc/ProfilerEventHandlerFactory
Event: 2.708 loading class com/mysql/jdbc/ProfilerEventHandlerFactory done
Event: 3.003 loading class javax/swing/Timer$1
Event: 3.003 loading class javax/swing/Timer$1 done
Event: 3.308 Thread 0x00000000029ae000 DEOPT PACKING pc=0x0000000002ec2d8d sp=0x0000000002aae970
Event: 3.308 Thread 0x00000000029ae000 DEOPT UNPACKING pc=0x0000000002bf787f sp=0x0000000002aae758 mode 0
Event: 3.341 Executing VM operation: ParallelGCFailedAllocation
Event: 3.355 Executing VM operation: ParallelGCFailedAllocation done


Dynamic libraries:
0x00007ff7ddb40000 - 0x00007ff7ddb77000 	C:\Program Files\Java\jre1.8.0_60\bin\javaw.exe
0x00007ff934c80000 - 0x00007ff934e41000 	C:\WINDOWS\SYSTEM32\ntdll.dll
0x00007ff934240000 - 0x00007ff9342ed000 	C:\WINDOWS\system32\KERNEL32.DLL
0x00007ff9320c0000 - 0x00007ff93229d000 	C:\WINDOWS\system32\KERNELBASE.dll
0x00007ff9329b0000 - 0x00007ff932a56000 	C:\WINDOWS\system32\ADVAPI32.dll
0x00007ff932620000 - 0x00007ff9326bd000 	C:\WINDOWS\system32\msvcrt.dll
0x00007ff9326d0000 - 0x00007ff93272b000 	C:\WINDOWS\system32\sechost.dll
0x00007ff9324f0000 - 0x00007ff932616000 	C:\WINDOWS\system32\RPCRT4.dll
0x00007ff934070000 - 0x00007ff9341be000 	C:\WINDOWS\system32\USER32.dll
0x00007ff932360000 - 0x00007ff9324e6000 	C:\WINDOWS\system32\GDI32.dll
0x00007ff92ae30000 - 0x00007ff92b0a4000 	C:\WINDOWS\WinSxS\amd64_microsoft.windows.common-controls_6595b64144ccf1df_6.0.10240.16384_none_f41f7b285750ef43\COMCTL32.dll
0x00007ff934a30000 - 0x00007ff934a66000 	C:\WINDOWS\system32\IMM32.DLL
0x00007ff9342f0000 - 0x00007ff93444c000 	C:\WINDOWS\system32\MSCTF.dll
0x00000000663b0000 - 0x0000000066482000 	C:\Program Files\Java\jre1.8.0_60\bin\msvcr100.dll
0x0000000066560000 - 0x0000000066de9000 	C:\Program Files\Java\jre1.8.0_60\bin\server\jvm.dll
0x00007ff9347a0000 - 0x00007ff9347a8000 	C:\WINDOWS\system32\PSAPI.DLL
0x00007ff925ca0000 - 0x00007ff925ca9000 	C:\WINDOWS\SYSTEM32\WSOCK32.dll
0x00007ff934000000 - 0x00007ff934069000 	C:\WINDOWS\system32\WS2_32.dll
0x00007ff9326c0000 - 0x00007ff9326c8000 	C:\WINDOWS\system32\NSI.dll
0x00007ff92fcd0000 - 0x00007ff92fcf3000 	C:\WINDOWS\SYSTEM32\WINMM.dll
0x00007ff92e800000 - 0x00007ff92e80a000 	C:\WINDOWS\SYSTEM32\VERSION.dll
0x00007ff92fc40000 - 0x00007ff92fc6c000 	C:\WINDOWS\SYSTEM32\WINMMBASE.dll
0x00007ff932300000 - 0x00007ff932344000 	C:\WINDOWS\system32\cfgmgr32.dll
0x00007ff930040000 - 0x00007ff930067000 	C:\WINDOWS\SYSTEM32\DEVOBJ.dll
0x0000000066550000 - 0x000000006655f000 	C:\Program Files\Java\jre1.8.0_60\bin\verify.dll
0x0000000066520000 - 0x0000000066549000 	C:\Program Files\Java\jre1.8.0_60\bin\java.dll
0x0000000066500000 - 0x0000000066516000 	C:\Program Files\Java\jre1.8.0_60\bin\zip.dll
0x00007ff932ad0000 - 0x00007ff933ff2000 	C:\WINDOWS\system32\SHELL32.dll
0x00007ff931750000 - 0x00007ff931d78000 	C:\WINDOWS\system32\windows.storage.dll
0x00007ff932730000 - 0x00007ff9329ac000 	C:\WINDOWS\system32\combase.dll
0x00007ff9341c0000 - 0x00007ff934211000 	C:\WINDOWS\system32\shlwapi.dll
0x00007ff9316f0000 - 0x00007ff9316ff000 	C:\WINDOWS\system32\kernel.appcore.dll
0x00007ff932000000 - 0x00007ff9320b3000 	C:\WINDOWS\system32\shcore.dll
0x00007ff931700000 - 0x00007ff93174a000 	C:\WINDOWS\system32\powrprof.dll
0x00007ff9316d0000 - 0x00007ff9316e3000 	C:\WINDOWS\system32\profapi.dll
0x0000000066210000 - 0x00000000663a8000 	C:\Program Files\Java\jre1.8.0_60\bin\awt.dll
0x00007ff9344b0000 - 0x00007ff93456e000 	C:\WINDOWS\system32\OLEAUT32.dll
0x00007ff92fdd0000 - 0x00007ff92fe48000 	C:\WINDOWS\system32\apphelp.dll
0x00007ff92e7d0000 - 0x00007ff92e7f2000 	C:\WINDOWS\system32\DWMAPI.DLL
0x00007ff92ff80000 - 0x00007ff930016000 	C:\WINDOWS\system32\uxtheme.dll
0x00007ff934570000 - 0x00007ff9346b1000 	C:\WINDOWS\system32\ole32.dll
0x00007ff9314d0000 - 0x00007ff93153b000 	C:\WINDOWS\SYSTEM32\bcryptPrimitives.dll
0x00000000661c0000 - 0x0000000066207000 	C:\Program Files\Java\jre1.8.0_60\bin\fontmanager.dll
0x00007ff934980000 - 0x00007ff934a25000 	C:\WINDOWS\system32\clbcatq.dll
0x00007ff9291e0000 - 0x00007ff929392000 	C:\WINDOWS\SYSTEM32\WindowsCodecs.dll
0x00007ff9315e0000 - 0x00007ff931608000 	C:\WINDOWS\SYSTEM32\bcrypt.dll
0x00007ff930f20000 - 0x00007ff930f37000 	C:\WINDOWS\SYSTEM32\cryptsp.dll
0x00007ff930b70000 - 0x00007ff930ba3000 	C:\WINDOWS\system32\rsaenh.dll
0x00007ff9310f0000 - 0x00007ff9310fb000 	C:\WINDOWS\SYSTEM32\CRYPTBASE.dll
0x00007ff91e940000 - 0x00007ff91e986000 	C:\WINDOWS\system32\dataexchange.dll
0x00007ff92e520000 - 0x00007ff92e7c3000 	C:\WINDOWS\system32\d3d11.dll
0x00007ff92fa80000 - 0x00007ff92fb51000 	C:\WINDOWS\system32\dcomp.dll
0x00007ff92e480000 - 0x00007ff92e51c000 	C:\WINDOWS\system32\dxgi.dll
0x00007ff928c90000 - 0x00007ff9291d5000 	C:\WINDOWS\system32\d2d1.dll
0x00007ff930070000 - 0x00007ff93015e000 	C:\WINDOWS\system32\twinapi.appcore.dll
0x00007ff930d50000 - 0x00007ff930d6f000 	C:\WINDOWS\system32\USERENV.dll
0x00000000664e0000 - 0x00000000664fa000 	C:\Program Files\Java\jre1.8.0_60\bin\net.dll
0x00007ff930ec0000 - 0x00007ff930f1d000 	C:\WINDOWS\system32\mswsock.dll
0x00000000664c0000 - 0x00000000664d1000 	C:\Program Files\Java\jre1.8.0_60\bin\nio.dll
0x0000000066170000 - 0x00000000661b2000 	C:\Program Files\Java\jre1.8.0_60\bin\t2k.dll
0x00007ff930c60000 - 0x00007ff930d08000 	C:\WINDOWS\SYSTEM32\DNSAPI.dll
0x0000000067290000 - 0x00000000672b6000 	C:\Program Files\Bonjour\mdnsNSP.dll
0x00007ff92f850000 - 0x00007ff92f888000 	C:\WINDOWS\SYSTEM32\Iphlpapi.DLL
0x00007ff92f6b0000 - 0x00007ff92f6bb000 	C:\WINDOWS\SYSTEM32\WINNSI.DLL
0x00007ff926840000 - 0x00007ff92684a000 	C:\Windows\System32\rasadhlp.dll
0x00007ff92cfd0000 - 0x00007ff92d038000 	C:\WINDOWS\System32\fwpuclnt.dll

VM Arguments:
jvm_args: -Dfile.encoding=UTF-8 -Xmx512M 
java_command: ProcessDatabases.DoMain
java_class_path (initial): E:\Java\Project\store_manager\bin;C:\Program Files\MySQL\mysql-connector-java-5.1.36\mysql-connector-java-5.1.36\mysql-connector-java-5.1.36-bin.jar
Launcher Type: SUN_STANDARD

Environment Variables:
JAVA_HOME=C:\Program Files\Java\jdk1.7.0_79
_JAVA_OPTIONS=-Xmx512M
PATH=C:/Program Files/Java/jre1.8.0_60/bin/server;C:/Program Files/Java/jre1.8.0_60/bin;C:/Program Files/Java/jre1.8.0_60/lib/amd64;C:\ProgramData\Oracle\Java\javapath;C:\Program Files (x86)\NVIDIA Corporation\PhysX\Common;C:\Windows\system32;C:\Windows;C:\Windows\System32\Wbem;C:\Windows\System32\WindowsPowerShell\v1.0\;C:\Program Files (x86)\GUI Turbo Assembler\BIN;C:\WINDOWS\system32;C:\WINDOWS;C:\WINDOWS\System32\Wbem;C:\WINDOWS\System32\WindowsPowerShell\v1.0\;C:\Program Files (x86)\Java\jre1.8.0_51\bin;.;C:\Program Files (x86)\Skype\Phone\;;C:\FPC\2.0.4\bin\i386-Win32;D:\Setup\eclipse-jee-mars-1-win32-x86_64\eclipse;
USERNAME=Phuc
OS=Windows_NT
PROCESSOR_IDENTIFIER=Intel64 Family 6 Model 69 Stepping 1, GenuineIntel



---------------  S Y S T E M  ---------------

OS: Windows 10.0 , 64 bit Build 10240 (10.0.10240.16384)

CPU:total 4 (2 cores per cpu, 2 threads per core) family 6 model 69 stepping 1, cmov, cx8, fxsr, mmx, sse, sse2, sse3, ssse3, sse4.1, sse4.2, popcnt, avx, avx2, aes, clmul, erms, lzcnt, ht, tsc, tscinvbit, bmi1, bmi2

Memory: 4k page, physical 5149260k(1543944k free), swap 5673548k(4176k free)

vm_info: Java HotSpot(TM) 64-Bit Server VM (25.60-b23) for windows-amd64 JRE (1.8.0_60-b27), built on Aug  4 2015 11:06:27 by "java_re" with MS VC++ 10.0 (VS2010)

time: Tue Dec 08 20:23:05 2015
elapsed time: 3 seconds (0d 0h 0m 3s)

