#
# There is insufficient memory for the Java Runtime Environment to continue.
# Native memory allocation (malloc) failed to allocate 73216 bytes for Chunk::new
# Possible reasons:
#   The system is out of physical RAM or swap space
#   In 32 bit mode, the process size limit was hit
# Possible solutions:
#   Reduce memory load on the system
#   Increase physical memory or swap space
#   Check if swap backing store is full
#   Use 64 bit Java on a 64 bit OS
#   Decrease Java heap size (-Xmx/-Xms)
#   Decrease number of Java threads
#   Decrease Java thread stack sizes (-Xss)
#   Set larger code cache with -XX:ReservedCodeCacheSize=
# This output file may be truncated or incomplete.
#
#  Out of Memory Error (allocation.cpp:390), pid=1852, tid=6064
#
# JRE version: Java(TM) SE Runtime Environment (8.0_60-b27) (build 1.8.0_60-b27)
# Java VM: Java HotSpot(TM) 64-Bit Server VM (25.60-b23 mixed mode windows-amd64 compressed oops)
# Failed to write core dump. Minidumps are not enabled by default on client versions of Windows
#

---------------  T H R E A D  ---------------

Current thread (0x0000000013d6e000):  JavaThread "C2 CompilerThread0" daemon [_thread_in_native, id=6064, stack(0x00000000153d0000,0x00000000154d0000)]

Stack: [0x00000000153d0000,0x00000000154d0000]
[error occurred during error reporting (printing stack bounds), id 0xc0000005]

Native frames: (J=compiled Java code, j=interpreted, Vv=VM code, C=native code)


Current CompileTask:
C2:    364  271       4       java.util.Properties$LineReader::readLine (468 bytes)


---------------  P R O C E S S  ---------------

Java Threads: ( => current thread )
  0x00000000157c2800 JavaThread "Abandoned connection cleanup thread" daemon [_thread_blocked, id=6348, stack(0x0000000015cd0000,0x0000000015dd0000)]
  0x00000000156f6000 JavaThread "Service Thread" daemon [_thread_blocked, id=3664, stack(0x0000000015ad0000,0x0000000015bd0000)]
  0x0000000013d78000 JavaThread "C1 CompilerThread2" daemon [_thread_blocked, id=7764, stack(0x00000000155d0000,0x00000000156d0000)]
  0x0000000013d71000 JavaThread "C2 CompilerThread1" daemon [_thread_blocked, id=3068, stack(0x00000000154d0000,0x00000000155d0000)]
=>0x0000000013d6e000 JavaThread "C2 CompilerThread0" daemon [_thread_in_native, id=6064, stack(0x00000000153d0000,0x00000000154d0000)]
  0x0000000013d6c800 JavaThread "Attach Listener" daemon [_thread_blocked, id=3692, stack(0x00000000152d0000,0x00000000153d0000)]
  0x0000000013d6b800 JavaThread "Signal Dispatcher" daemon [_thread_blocked, id=7320, stack(0x00000000151d0000,0x00000000152d0000)]
  0x0000000002948000 JavaThread "Finalizer" daemon [_thread_blocked, id=8132, stack(0x0000000014ff0000,0x00000000150f0000)]
  0x0000000013d39800 JavaThread "Reference Handler" daemon [_thread_blocked, id=7428, stack(0x0000000014ef0000,0x0000000014ff0000)]
  0x00000000026fe000 JavaThread "main" [_thread_in_native, id=4872, stack(0x0000000002750000,0x0000000002850000)]

Other Threads:
  0x0000000013d37000 VMThread [stack: 0x0000000014df0000,0x0000000014ef0000] [id=4952]
  0x00000000156fd800 WatcherThread [stack: 0x0000000015bd0000,0x0000000015cd0000] [id=5968]

VM state:not at safepoint (normal execution)

VM Mutex/Monitor currently owned by a thread: None

Heap:
 PSYoungGen      total 24064K, used 7373K [0x00000000f5580000, 0x00000000f7000000, 0x0000000100000000)
  eden space 20992K, 35% used [0x00000000f5580000,0x00000000f5cb3758,0x00000000f6a00000)
  from space 3072K, 0% used [0x00000000f6d00000,0x00000000f6d00000,0x00000000f7000000)
  to   space 3072K, 0% used [0x00000000f6a00000,0x00000000f6a00000,0x00000000f6d00000)
 ParOldGen       total 54784K, used 0K [0x00000000e0000000, 0x00000000e3580000, 0x00000000f5580000)
  object space 54784K, 0% used [0x00000000e0000000,0x00000000e0000000,0x00000000e3580000)
 Metaspace       used 5605K, capacity 6004K, committed 6272K, reserved 1056768K
  class space    used 581K, capacity 624K, committed 640K, reserved 1048576K

Card table byte_map: [0x0000000011d10000,0x0000000011e20000] byte_map_base: 0x0000000011610000

Marking Bits: (ParMarkBitMap*) 0x00000000585ba5b0
 Begin Bits: [0x00000000122d0000, 0x0000000012ad0000)
 End Bits:   [0x0000000012ad0000, 0x00000000132d0000)

Polling page: 0x0000000002690000

CodeCache: size=245760Kb used=1688Kb max_used=1688Kb free=244071Kb
 bounds [0x0000000002950000, 0x0000000002bc0000, 0x0000000011950000]
 total_blobs=588 nmethods=272 adapters=229
 compilation: enabled

Compilation events (10 events):
Event: 0.350 Thread 0x0000000013d78000 nmethod 269 0x0000000002aed750 code [0x0000000002aedc20, 0x0000000002af0db8]
Event: 0.350 Thread 0x0000000013d78000  268       3       java.net.URL::<init> (8 bytes)
Event: 0.350 Thread 0x0000000013d78000 nmethod 268 0x0000000002ae8bd0 code [0x0000000002ae8d40, 0x0000000002ae8ec8]
Event: 0.350 Thread 0x0000000013d78000  270       3       java.net.URLStreamHandler::setURL (40 bytes)
Event: 0.351 Thread 0x0000000013d78000 nmethod 270 0x0000000002ae8490 code [0x0000000002ae8620, 0x0000000002ae8a18]
Event: 0.360 Thread 0x0000000013d6e000  271       4       java.util.Properties$LineReader::readLine (468 bytes)
Event: 0.360 Thread 0x0000000013d78000  272 %     3       java.util.Properties::loadConvert @ 39 (505 bytes)
Event: 0.361 Thread 0x0000000013d78000 nmethod 272% 0x0000000002af3950 code [0x0000000002af3b40, 0x0000000002af44d8]
Event: 0.361 Thread 0x0000000013d78000  273       3       java.lang.String::regionMatches (149 bytes)
Event: 0.362 Thread 0x0000000013d78000 nmethod 273 0x0000000002af4f50 code [0x0000000002af51a0, 0x0000000002af5e38]

GC Heap History (0 events):
No events

Deoptimization events (2 events):
Event: 0.360 Thread 0x00000000026fe000 Uncommon trap: reason=unstable_if action=reinterpret pc=0x0000000002a8900c method=java.util.Properties.loadConvert([CII[C)Ljava/lang/String; @ 4
Event: 0.360 Thread 0x00000000026fe000 Uncommon trap: reason=unstable_if action=reinterpret pc=0x0000000002a87e88 method=java.util.Properties$LineReader.readLine()I @ 252

Internal exceptions (6 events):
Event: 0.049 Thread 0x00000000026fe000 Exception <a 'java/lang/NoSuchMethodError': Method sun.misc.Unsafe.defineClass(Ljava/lang/String;[BII)Ljava/lang/Class; name or signature does not match> (0x00000000f558d148) thrown at [C:\re\workspace\8-2-build-windows-amd64-cygwin\jdk8u60\4407\hotspot\sr„∆pzF©?
Event: 0.049 Thread 0x00000000026fe000 Exception <a 'java/lang/NoSuchMethodError': Method sun.misc.Unsafe.prefetchRead(Ljava/lang/Object;J)V name or signature does not match> (0x00000000f558d430) thrown at [C:\re\workspace\8-2-build-windows-amd64-cygwin\jdk8u60\4407\hotspot\src\share\vm\prims\jäà‰·=”Ω?
Event: 0.117 Thread 0x00000000026fe000 Exception <a 'java/security/PrivilegedActionException'> (0x00000000f56d4798) thrown at [C:\re\workspace\8-2-build-windows-amd64-cygwin\jdk8u60\4407\hotspot\src\share\vm\prims\jvm.cpp, line 1386]
Event: 0.117 Thread 0x00000000026fe000 Exception <a 'java/security/PrivilegedActionException'> (0x00000000f56d49a8) thrown at [C:\re\workspace\8-2-build-windows-amd64-cygwin\jdk8u60\4407\hotspot\src\share\vm\prims\jvm.cpp, line 1386]
Event: 0.118 Thread 0x00000000026fe000 Exception <a 'java/security/PrivilegedActionException'> (0x00000000f56d8550) thrown at [C:\re\workspace\8-2-build-windows-amd64-cygwin\jdk8u60\4407\hotspot\src\share\vm\prims\jvm.cpp, line 1386]
Event: 0.118 Thread 0x00000000026fe000 Exception <a 'java/security/PrivilegedActionException'> (0x00000000f56d8760) thrown at [C:\re\workspace\8-2-build-windows-amd64-cygwin\jdk8u60\4407\hotspot\src\share\vm\prims\jvm.cpp, line 1386]

Events (10 events):
Event: 0.361 loading class java/util/LinkedHashMap$LinkedKeyIterator
Event: 0.361 loading class java/util/LinkedHashMap$LinkedKeyIterator done
Event: 0.361 loading class java/util/LinkedList$ListItr
Event: 0.361 loading class java/util/LinkedList$ListItr done
Event: 0.361 loading class java/net/InetAddress$CacheEntry
Event: 0.361 loading class java/net/InetAddress$CacheEntry done
Event: 0.361 loading class java/net/Inet6Address
Event: 0.361 loading class java/net/Inet6Address done
Event: 0.362 loading class java/net/Inet6Address$Inet6AddressHolder
Event: 0.362 loading class java/net/Inet6Address$Inet6AddressHolder done


Dynamic libraries:
0x00007ff680680000 - 0x00007ff6806b7000 	C:\Program Files\Java\jre1.8.0_60\bin\javaw.exe
0x00007ff8560a0000 - 0x00007ff856261000 	C:\WINDOWS\SYSTEM32\ntdll.dll
0x00007ff853cd0000 - 0x00007ff853d7d000 	C:\WINDOWS\system32\KERNEL32.DLL
0x00007ff853590000 - 0x00007ff85376d000 	C:\WINDOWS\system32\KERNELBASE.dll
0x00007ff8542d0000 - 0x00007ff854376000 	C:\WINDOWS\system32\ADVAPI32.dll
0x00007ff853ee0000 - 0x00007ff853f7d000 	C:\WINDOWS\system32\msvcrt.dll
0x00007ff855d30000 - 0x00007ff855d8b000 	C:\WINDOWS\system32\sechost.dll
0x00007ff853f80000 - 0x00007ff8540a6000 	C:\WINDOWS\system32\RPCRT4.dll
0x00007ff8538f0000 - 0x00007ff853a3e000 	C:\WINDOWS\system32\USER32.dll
0x00007ff855ba0000 - 0x00007ff855d26000 	C:\WINDOWS\system32\GDI32.dll
0x00007ff84f790000 - 0x00007ff84fa04000 	C:\WINDOWS\WinSxS\amd64_microsoft.windows.common-controls_6595b64144ccf1df_6.0.10240.16384_none_f41f7b285750ef43\COMCTL32.dll
0x00007ff853ab0000 - 0x00007ff853ae6000 	C:\WINDOWS\system32\IMM32.DLL
0x00007ff853d80000 - 0x00007ff853edc000 	C:\WINDOWS\system32\MSCTF.dll
0x0000000057c00000 - 0x0000000057cd2000 	C:\Program Files\Java\jre1.8.0_60\bin\msvcr100.dll
0x0000000057db0000 - 0x0000000058639000 	C:\Program Files\Java\jre1.8.0_60\bin\server\jvm.dll
0x00007ff853a40000 - 0x00007ff853a48000 	C:\WINDOWS\system32\PSAPI.DLL
0x00007ff846690000 - 0x00007ff846699000 	C:\WINDOWS\SYSTEM32\WSOCK32.dll
0x00007ff854260000 - 0x00007ff8542c9000 	C:\WINDOWS\system32\WS2_32.dll
0x00007ff855f90000 - 0x00007ff855f98000 	C:\WINDOWS\system32\NSI.dll
0x00007ff850e40000 - 0x00007ff850e63000 	C:\WINDOWS\SYSTEM32\WINMM.dll
0x00007ff84fa20000 - 0x00007ff84fa2a000 	C:\WINDOWS\SYSTEM32\VERSION.dll
0x00007ff850e10000 - 0x00007ff850e3c000 	C:\WINDOWS\SYSTEM32\WINMMBASE.dll
0x00007ff852da0000 - 0x00007ff852de4000 	C:\WINDOWS\system32\cfgmgr32.dll
0x00007ff8513a0000 - 0x00007ff8513c7000 	C:\WINDOWS\SYSTEM32\DEVOBJ.dll
0x0000000057da0000 - 0x0000000057daf000 	C:\Program Files\Java\jre1.8.0_60\bin\verify.dll
0x0000000057d70000 - 0x0000000057d99000 	C:\Program Files\Java\jre1.8.0_60\bin\java.dll
0x0000000057d50000 - 0x0000000057d66000 	C:\Program Files\Java\jre1.8.0_60\bin\zip.dll
0x00007ff854380000 - 0x00007ff8558a2000 	C:\WINDOWS\system32\SHELL32.dll
0x00007ff852f60000 - 0x00007ff853588000 	C:\WINDOWS\system32\windows.storage.dll
0x00007ff8558b0000 - 0x00007ff855b2c000 	C:\WINDOWS\system32\combase.dll
0x00007ff8537d0000 - 0x00007ff853821000 	C:\WINDOWS\system32\shlwapi.dll
0x00007ff852ad0000 - 0x00007ff852adf000 	C:\WINDOWS\system32\kernel.appcore.dll
0x00007ff852df0000 - 0x00007ff852ea3000 	C:\WINDOWS\system32\shcore.dll
0x00007ff852b00000 - 0x00007ff852b4a000 	C:\WINDOWS\system32\powrprof.dll
0x00007ff852b50000 - 0x00007ff852b63000 	C:\WINDOWS\system32\profapi.dll
0x0000000057d30000 - 0x0000000057d4a000 	C:\Program Files\Java\jre1.8.0_60\bin\net.dll
0x00007ff852340000 - 0x00007ff85239d000 	C:\WINDOWS\system32\mswsock.dll
0x00007ff8520e0000 - 0x00007ff852188000 	C:\WINDOWS\SYSTEM32\DNSAPI.dll
0x0000000058ba0000 - 0x0000000058bc6000 	C:\Program Files\Bonjour\mdnsNSP.dll
0x00007ff851210000 - 0x00007ff851248000 	C:\WINDOWS\SYSTEM32\Iphlpapi.DLL
0x00007ff851090000 - 0x00007ff85109b000 	C:\WINDOWS\SYSTEM32\WINNSI.DLL

VM Arguments:
jvm_args: -Dfile.encoding=Cp1252 -Xmx512M 
java_command: ProcessDatabases.DoMain
java_class_path (initial): E:\Java\Project\store_manager\bin;C:\Program Files\MySQL\mysql-connector-java-5.1.36\mysql-connector-java-5.1.36\mysql-connector-java-5.1.36-bin.jar
Launcher Type: SUN_STANDARD

Environment Variables:
JAVA_HOME=C:\Program Files\Java\jdk1.7.0_79
_JAVA_OPTIONS=-Xmx512M
PATH=C:/Program Files/Java/jre1.8.0_60/bin/server;C:/Program Files/Java/jre1.8.0_60/bin;C:/Program Files/Java/jre1.8.0_60/lib/amd64;C:\ProgramData\Oracle\Java\javapath;C:\Program Files (x86)\NVIDIA Corporation\PhysX\Common;C:\Windows\system32;C:\Windows;C:\Windows\System32\Wbem;C:\Windows\System32\WindowsPowerShell\v1.0\;C:\Program Files (x86)\GUI Turbo Assembler\BIN;C:\WINDOWS\system32;C:\WINDOWS;C:\WINDOWS\System32\Wbem;C:\WINDOWS\System32\WindowsPowerShell\v1.0\;C:\Program Files (x86)\Java\jre1.8.0_51\bin;.;C:\Program Files (x86)\Skype\Phone\;;C:\FPC\2.0.4\bin\i386-Win32;D:\Setup\eclipse-jee-mars-1-win32-x86_64\eclipse;
USERNAME=Phuc
OS=Windows_NT
PROCESSOR_IDENTIFIER=Intel64 Family 6 Model 69 Stepping 1, GenuineIntel



---------------  S Y S T E M  ---------------

OS: Windows 10.0 , 64 bit Build 10240 (10.0.10240.16384)

CPU:total 4 (2 cores per cpu, 2 threads per core) family 6 model 69 stepping 1, cmov, cx8, fxsr, mmx, sse, sse2, sse3, ssse3, sse4.1, sse4.2, popcnt, avx, avx2, aes, clmul, erms, lzcnt, ht, tsc, tscinvbit, bmi1, bmi2

Memory: 4k page, physical 5149260k(1520020k free), swap 5673548k(5124k free)

vm_info: Java HotSpot(TM) 64-Bit Server VM (25.60-b23) for windows-amd64 JRE (1.8.0_60-b27), built on Aug  4 2015 11:06:27 by "java_re" with MS VC++ 10.0 (VS2010)

time: Mon Oct 19 02:42:01 2015
elapsed time: 0 seconds (0d 0h 0m 0s)

