#
# There is insufficient memory for the Java Runtime Environment to continue.
# Native memory allocation (malloc) failed to allocate 296928 bytes for Chunk::new
# Possible reasons:
#   The system is out of physical RAM or swap space
#   In 32 bit mode, the process size limit was hit
# Possible solutions:
#   Reduce memory load on the system
#   Increase physical memory or swap space
#   Check if swap backing store is full
#   Use 64 bit Java on a 64 bit OS
#   Decrease Java heap size (-Xmx/-Xms)
#   Decrease number of Java threads
#   Decrease Java thread stack sizes (-Xss)
#   Set larger code cache with -XX:ReservedCodeCacheSize=
# This output file may be truncated or incomplete.
#
#  Out of Memory Error (allocation.cpp:390), pid=8140, tid=6080
#
# JRE version: Java(TM) SE Runtime Environment (8.0_60-b27) (build 1.8.0_60-b27)
# Java VM: Java HotSpot(TM) 64-Bit Server VM (25.60-b23 mixed mode windows-amd64 compressed oops)
# Failed to write core dump. Minidumps are not enabled by default on client versions of Windows
#

---------------  T H R E A D  ---------------

Current thread (0x0000000014511800):  JavaThread "C2 CompilerThread1" daemon [_thread_in_native, id=6080, stack(0x0000000015c50000,0x0000000015d50000)]

Stack: [0x0000000015c50000,0x0000000015d50000]
[error occurred during error reporting (printing stack bounds), id 0xc0000005]

Native frames: (J=compiled Java code, j=interpreted, Vv=VM code, C=native code)


Current CompileTask:
C2:  34091 1797   !   4       sun.awt.PostEventQueue::flush (168 bytes)


---------------  P R O C E S S  ---------------

Java Threads: ( => current thread )
  0x0000000016761000 JavaThread "DestroyJavaVM" [_thread_blocked, id=6124, stack(0x0000000002e40000,0x0000000002f40000)]
  0x000000001675c000 JavaThread "TimerQueue" daemon [_thread_blocked, id=5332, stack(0x00000000185d0000,0x00000000186d0000)]
  0x000000001675a800 JavaThread "AWT-EventQueue-0" [_thread_blocked, id=5392, stack(0x0000000017ba0000,0x0000000017ca0000)]
  0x000000001675d800 JavaThread "AWT-Windows" daemon [_thread_in_native, id=7004, stack(0x0000000017490000,0x0000000017590000)]
  0x000000001675f000 JavaThread "AWT-Shutdown" [_thread_blocked, id=3596, stack(0x0000000017390000,0x0000000017490000)]
  0x000000001675e000 JavaThread "Java2D Disposer" daemon [_thread_blocked, id=3704, stack(0x0000000017290000,0x0000000017390000)]
  0x0000000015f73800 JavaThread "Abandoned connection cleanup thread" daemon [_thread_blocked, id=6508, stack(0x0000000016450000,0x0000000016550000)]
  0x0000000015e88800 JavaThread "Service Thread" daemon [_thread_blocked, id=1048, stack(0x0000000016250000,0x0000000016350000)]
  0x0000000014520800 JavaThread "C1 CompilerThread2" daemon [_thread_blocked, id=1132, stack(0x0000000015d50000,0x0000000015e50000)]
=>0x0000000014511800 JavaThread "C2 CompilerThread1" daemon [_thread_in_native, id=6080, stack(0x0000000015c50000,0x0000000015d50000)]
  0x000000001450e800 JavaThread "C2 CompilerThread0" daemon [_thread_blocked, id=7896, stack(0x0000000015b50000,0x0000000015c50000)]
  0x000000001450c800 JavaThread "Attach Listener" daemon [_thread_blocked, id=5176, stack(0x0000000015a50000,0x0000000015b50000)]
  0x000000001450b000 JavaThread "Signal Dispatcher" daemon [_thread_blocked, id=4116, stack(0x0000000015950000,0x0000000015a50000)]
  0x0000000003097000 JavaThread "Finalizer" daemon [_thread_blocked, id=3940, stack(0x0000000015770000,0x0000000015870000)]
  0x000000000308e000 JavaThread "Reference Handler" daemon [_thread_blocked, id=7192, stack(0x0000000015670000,0x0000000015770000)]

Other Threads:
  0x00000000144d7000 VMThread [stack: 0x0000000015570000,0x0000000015670000] [id=7644]
  0x0000000015ead800 WatcherThread [stack: 0x0000000016350000,0x0000000016450000] [id=5064]

VM state:not at safepoint (normal execution)

VM Mutex/Monitor currently owned by a thread: None

Heap:
 PSYoungGen      total 24064K, used 13816K [0x00000000f5580000, 0x00000000f7000000, 0x0000000100000000)
  eden space 20992K, 51% used [0x00000000f5580000,0x00000000f60029f0,0x00000000f6a00000)
  from space 3072K, 99% used [0x00000000f6d00000,0x00000000f6ffb8e0,0x00000000f7000000)
  to   space 3072K, 0% used [0x00000000f6a00000,0x00000000f6a00000,0x00000000f6d00000)
 ParOldGen       total 54784K, used 15089K [0x00000000e0000000, 0x00000000e3580000, 0x00000000f5580000)
  object space 54784K, 27% used [0x00000000e0000000,0x00000000e0ebc428,0x00000000e3580000)
 Metaspace       used 15573K, capacity 15728K, committed 16000K, reserved 1062912K
  class space    used 1839K, capacity 1915K, committed 1920K, reserved 1048576K

Card table byte_map: [0x0000000012560000,0x0000000012670000] byte_map_base: 0x0000000011e60000

Marking Bits: (ParMarkBitMap*) 0x0000000075c3a5b0
 Begin Bits: [0x0000000012a70000, 0x0000000013270000)
 End Bits:   [0x0000000013270000, 0x0000000013a70000)

Polling page: 0x0000000001640000

CodeCache: size=245760Kb used=6427Kb max_used=6427Kb free=239332Kb
 bounds [0x00000000031a0000, 0x00000000037f0000, 0x00000000121a0000]
 total_blobs=2308 nmethods=1754 adapters=466
 compilation: enabled

Compilation events (10 events):
Event: 33.972 Thread 0x0000000014520800 nmethod 1792 0x00000000037e5ed0 code [0x00000000037e61e0, 0x00000000037e7cd8]
Event: 33.972 Thread 0x0000000014520800 1794       3       java.awt.Container::getListenersCount (52 bytes)
Event: 33.973 Thread 0x0000000014520800 nmethod 1794 0x00000000037e56d0 code [0x00000000037e5860, 0x00000000037e5d58]
Event: 33.973 Thread 0x0000000014520800 1795       1       java.awt.AWTEvent::isConsumed (5 bytes)
Event: 33.973 Thread 0x0000000014520800 nmethod 1795 0x00000000037e5410 code [0x00000000037e5560, 0x00000000037e5670]
Event: 33.973 Thread 0x0000000014520800 1793       3       sun.java2d.SunGraphics2D::getCompClip (19 bytes)
Event: 33.973 Thread 0x0000000014520800 nmethod 1793 0x00000000037e4f50 code [0x00000000037e50c0, 0x00000000037e5348]
Event: 33.973 Thread 0x0000000014520800 1796       1       sun.util.locale.BaseLocale$Key::hashCode (5 bytes)
Event: 33.973 Thread 0x0000000014520800 nmethod 1796 0x00000000037e4c90 code [0x00000000037e4de0, 0x00000000037e4ef0]
Event: 33.973 Thread 0x0000000014511800 1797   !   4       sun.awt.PostEventQueue::flush (168 bytes)

GC Heap History (10 events):
Event: 2.618 GC heap before
{Heap before GC invocations=2 (full 0):
 PSYoungGen      total 24064K, used 24055K [0x00000000f5580000, 0x00000000f7000000, 0x0000000100000000)
  eden space 20992K, 100% used [0x00000000f5580000,0x00000000f6a00000,0x00000000f6a00000)
  from space 3072K, 99% used [0x00000000f6a00000,0x00000000f6cfdd20,0x00000000f6d00000)
  to   space 3072K, 0% used [0x00000000f6d00000,0x00000000f6d00000,0x00000000f7000000)
 ParOldGen       total 54784K, used 14815K [0x00000000e0000000, 0x00000000e3580000, 0x00000000f5580000)
  object space 54784K, 27% used [0x00000000e0000000,0x00000000e0e77ff8,0x00000000e3580000)
 Metaspace       used 13559K, capacity 13718K, committed 14080K, reserved 1060864K
  class space    used 1586K, capacity 1676K, committed 1792K, reserved 1048576K
Event: 2.622 GC heap after
Heap after GC invocations=2 (full 0):
 PSYoungGen      total 24064K, used 3069K [0x00000000f5580000, 0x00000000f7000000, 0x0000000100000000)
  eden space 20992K, 0% used [0x00000000f5580000,0x00000000f5580000,0x00000000f6a00000)
  from space 3072K, 99% used [0x00000000f6d00000,0x00000000f6fff4f0,0x00000000f7000000)
  to   space 3072K, 0% used [0x00000000f6a00000,0x00000000f6a00000,0x00000000f6d00000)
 ParOldGen       total 54784K, used 14962K [0x00000000e0000000, 0x00000000e3580000, 0x00000000f5580000)
  object space 54784K, 27% used [0x00000000e0000000,0x00000000e0e9c818,0x00000000e3580000)
 Metaspace       used 13559K, capacity 13718K, committed 14080K, reserved 1060864K
  class space    used 1586K, capacity 1676K, committed 1792K, reserved 1048576K
}
Event: 4.198 GC heap before
{Heap before GC invocations=3 (full 0):
 PSYoungGen      total 24064K, used 24061K [0x00000000f5580000, 0x00000000f7000000, 0x0000000100000000)
  eden space 20992K, 100% used [0x00000000f5580000,0x00000000f6a00000,0x00000000f6a00000)
  from space 3072K, 99% used [0x00000000f6d00000,0x00000000f6fff4f0,0x00000000f7000000)
  to   space 3072K, 0% used [0x00000000f6a00000,0x00000000f6a00000,0x00000000f6d00000)
 ParOldGen       total 54784K, used 14962K [0x00000000e0000000, 0x00000000e3580000, 0x00000000f5580000)
  object space 54784K, 27% used [0x00000000e0000000,0x00000000e0e9c818,0x00000000e3580000)
 Metaspace       used 13578K, capacity 13782K, committed 14080K, reserved 1060864K
  class space    used 1586K, capacity 1676K, committed 1792K, reserved 1048576K
Event: 4.201 GC heap after
Heap after GC invocations=3 (full 0):
 PSYoungGen      total 24064K, used 3054K [0x00000000f5580000, 0x00000000f7000000, 0x0000000100000000)
  eden space 20992K, 0% used [0x00000000f5580000,0x00000000f5580000,0x00000000f6a00000)
  from space 3072K, 99% used [0x00000000f6a00000,0x00000000f6cfb8e0,0x00000000f6d00000)
  to   space 3072K, 0% used [0x00000000f6d00000,0x00000000f6d00000,0x00000000f7000000)
 ParOldGen       total 54784K, used 15025K [0x00000000e0000000, 0x00000000e3580000, 0x00000000f5580000)
  object space 54784K, 27% used [0x00000000e0000000,0x00000000e0eac428,0x00000000e3580000)
 Metaspace       used 13578K, capacity 13782K, committed 14080K, reserved 1060864K
  class space    used 1586K, capacity 1676K, committed 1792K, reserved 1048576K
}
Event: 5.515 GC heap before
{Heap before GC invocations=4 (full 0):
 PSYoungGen      total 24064K, used 24046K [0x00000000f5580000, 0x00000000f7000000, 0x0000000100000000)
  eden space 20992K, 100% used [0x00000000f5580000,0x00000000f6a00000,0x00000000f6a00000)
  from space 3072K, 99% used [0x00000000f6a00000,0x00000000f6cfb8e0,0x00000000f6d00000)
  to   space 3072K, 0% used [0x00000000f6d00000,0x00000000f6d00000,0x00000000f7000000)
 ParOldGen       total 54784K, used 15025K [0x00000000e0000000, 0x00000000e3580000, 0x00000000f5580000)
  object space 54784K, 27% used [0x00000000e0000000,0x00000000e0eac428,0x00000000e3580000)
 Metaspace       used 13581K, capacity 13782K, committed 14080K, reserved 1060864K
  class space    used 1586K, capacity 1676K, committed 1792K, reserved 1048576K
Event: 5.519 GC heap after
Heap after GC invocations=4 (full 0):
 PSYoungGen      total 24064K, used 3054K [0x00000000f5580000, 0x00000000f7000000, 0x0000000100000000)
  eden space 20992K, 0% used [0x00000000f5580000,0x00000000f5580000,0x00000000f6a00000)
  from space 3072K, 99% used [0x00000000f6d00000,0x00000000f6ffb8e0,0x00000000f7000000)
  to   space 3072K, 0% used [0x00000000f6a00000,0x00000000f6a00000,0x00000000f6d00000)
 ParOldGen       total 54784K, used 15041K [0x00000000e0000000, 0x00000000e3580000, 0x00000000f5580000)
  object space 54784K, 27% used [0x00000000e0000000,0x00000000e0eb0428,0x00000000e3580000)
 Metaspace       used 13581K, capacity 13782K, committed 14080K, reserved 1060864K
  class space    used 1586K, capacity 1676K, committed 1792K, reserved 1048576K
}
Event: 6.839 GC heap before
{Heap before GC invocations=5 (full 0):
 PSYoungGen      total 24064K, used 24046K [0x00000000f5580000, 0x00000000f7000000, 0x0000000100000000)
  eden space 20992K, 100% used [0x00000000f5580000,0x00000000f6a00000,0x00000000f6a00000)
  from space 3072K, 99% used [0x00000000f6d00000,0x00000000f6ffb8e0,0x00000000f7000000)
  to   space 3072K, 0% used [0x00000000f6a00000,0x00000000f6a00000,0x00000000f6d00000)
 ParOldGen       total 54784K, used 15041K [0x00000000e0000000, 0x00000000e3580000, 0x00000000f5580000)
  object space 54784K, 27% used [0x00000000e0000000,0x00000000e0eb0428,0x00000000e3580000)
 Metaspace       used 13618K, capacity 13782K, committed 14080K, reserved 1060864K
  class space    used 1586K, capacity 1676K, committed 1792K, reserved 1048576K
Event: 6.842 GC heap after
Heap after GC invocations=5 (full 0):
 PSYoungGen      total 24064K, used 3054K [0x00000000f5580000, 0x00000000f7000000, 0x0000000100000000)
  eden space 20992K, 0% used [0x00000000f5580000,0x00000000f5580000,0x00000000f6a00000)
  from space 3072K, 99% used [0x00000000f6a00000,0x00000000f6cfb900,0x00000000f6d00000)
  to   space 3072K, 0% used [0x00000000f6d00000,0x00000000f6d00000,0x00000000f7000000)
 ParOldGen       total 54784K, used 15065K [0x00000000e0000000, 0x00000000e3580000, 0x00000000f5580000)
  object space 54784K, 27% used [0x00000000e0000000,0x00000000e0eb6428,0x00000000e3580000)
 Metaspace       used 13618K, capacity 13782K, committed 14080K, reserved 1060864K
  class space    used 1586K, capacity 1676K, committed 1792K, reserved 1048576K
}
Event: 8.217 GC heap before
{Heap before GC invocations=6 (full 0):
 PSYoungGen      total 24064K, used 24046K [0x00000000f5580000, 0x00000000f7000000, 0x0000000100000000)
  eden space 20992K, 100% used [0x00000000f5580000,0x00000000f6a00000,0x00000000f6a00000)
  from space 3072K, 99% used [0x00000000f6a00000,0x00000000f6cfb900,0x00000000f6d00000)
  to   space 3072K, 0% used [0x00000000f6d00000,0x00000000f6d00000,0x00000000f7000000)
 ParOldGen       total 54784K, used 15065K [0x00000000e0000000, 0x00000000e3580000, 0x00000000f5580000)
  object space 54784K, 27% used [0x00000000e0000000,0x00000000e0eb6428,0x00000000e3580000)
 Metaspace       used 13729K, capacity 13914K, committed 14080K, reserved 1060864K
  class space    used 1591K, capacity 1676K, committed 1792K, reserved 1048576K
Event: 8.220 GC heap after
Heap after GC invocations=6 (full 0):
 PSYoungGen      total 24064K, used 3054K [0x00000000f5580000, 0x00000000f7000000, 0x0000000100000000)
  eden space 20992K, 0% used [0x00000000f5580000,0x00000000f5580000,0x00000000f6a00000)
  from space 3072K, 99% used [0x00000000f6d00000,0x00000000f6ffb8e0,0x00000000f7000000)
  to   space 3072K, 0% used [0x00000000f6a00000,0x00000000f6a00000,0x00000000f6d00000)
 ParOldGen       total 54784K, used 15089K [0x00000000e0000000, 0x00000000e3580000, 0x00000000f5580000)
  object space 54784K, 27% used [0x00000000e0000000,0x00000000e0ebc428,0x00000000e3580000)
 Metaspace       used 13729K, capacity 13914K, committed 14080K, reserved 1060864K
  class space    used 1591K, capacity 1676K, committed 1792K, reserved 1048576K
}

Deoptimization events (10 events):
Event: 8.837 Thread 0x000000001675a800 Uncommon trap: reason=unstable_if action=reinterpret pc=0x000000000364fcec method=java.lang.String.toLowerCase(Ljava/util/Locale;)Ljava/lang/String; @ 176
Event: 8.837 Thread 0x000000001675a800 Uncommon trap: reason=unstable_if action=reinterpret pc=0x000000000330da80 method=java.lang.CharacterData.of(I)Ljava/lang/CharacterData; @ 4
Event: 8.847 Thread 0x000000001675a800 Uncommon trap: reason=unstable_if action=reinterpret pc=0x000000000353db6c method=java.util.HashMap$HashIterator.<init>(Ljava/util/HashMap;)V @ 38
Event: 8.848 Thread 0x000000001675a800 Uncommon trap: reason=unstable_if action=reinterpret pc=0x000000000353c544 method=java.util.HashMap$HashIterator.<init>(Ljava/util/HashMap;)V @ 38
Event: 8.850 Thread 0x000000001675a800 Uncommon trap: reason=unstable_if action=reinterpret pc=0x000000000353855c method=java.util.HashMap$HashIterator.<init>(Ljava/util/HashMap;)V @ 38
Event: 24.214 Thread 0x000000001675a800 Uncommon trap: reason=unstable_if action=reinterpret pc=0x00000000035407a8 method=com.mysql.jdbc.Field.checkForImplicitTemporaryTable()V @ 6
Event: 24.214 Thread 0x000000001675a800 Uncommon trap: reason=unstable_if action=reinterpret pc=0x000000000352cd5c method=com.mysql.jdbc.Field.isNativeNumericType()Z @ 13
Event: 24.214 Thread 0x000000001675a800 Uncommon trap: reason=unstable_if action=reinterpret pc=0x000000000353376c method=com.mysql.jdbc.Field.checkForImplicitTemporaryTable()V @ 6
Event: 24.214 Thread 0x000000001675a800 Uncommon trap: reason=unstable_if action=reinterpret pc=0x0000000003544028 method=com.mysql.jdbc.MysqlIO.setServerSlowQueryFlags()V @ 27
Event: 24.358 Thread 0x000000001675a800 Uncommon trap: reason=unstable_if action=reinterpret pc=0x00000000036aaa20 method=sun.font.TrueTypeFont.readBlock(Ljava/nio/ByteBuffer;II)I @ 15

Internal exceptions (10 events):
Event: 9.826 Thread 0x000000001675a800 Exception <a 'java/io/FileNotFoundException'> (0x00000000f5bbaa70) thrown at [C:\re\workspace\8-2-build-windows-amd64-cygwin\jdk8u60\4407\hotspot\src\share\vm\prims\jni.cpp, line 709]
Event: 9.827 Thread 0x000000001675a800 Exception <a 'java/io/FileNotFoundException'> (0x00000000f5bbc018) thrown at [C:\re\workspace\8-2-build-windows-amd64-cygwin\jdk8u60\4407\hotspot\src\share\vm\prims\jni.cpp, line 709]
Event: 10.074 Thread 0x000000001675a800 Exception <a 'java/io/FileNotFoundException'> (0x00000000f5be1ba0) thrown at [C:\re\workspace\8-2-build-windows-amd64-cygwin\jdk8u60\4407\hotspot\src\share\vm\prims\jni.cpp, line 709]
Event: 10.218 Thread 0x000000001675a800 Exception <a 'java/io/FileNotFoundException'> (0x00000000f5bf5af8) thrown at [C:\re\workspace\8-2-build-windows-amd64-cygwin\jdk8u60\4407\hotspot\src\share\vm\prims\jni.cpp, line 709]
Event: 10.236 Thread 0x000000001675a800 Exception <a 'java/io/FileNotFoundException'> (0x00000000f5bfeba0) thrown at [C:\re\workspace\8-2-build-windows-amd64-cygwin\jdk8u60\4407\hotspot\src\share\vm\prims\jni.cpp, line 709]
Event: 10.289 Thread 0x000000001675a800 Exception <a 'java/io/FileNotFoundException'> (0x00000000f5c11eb8) thrown at [C:\re\workspace\8-2-build-windows-amd64-cygwin\jdk8u60\4407\hotspot\src\share\vm\prims\jni.cpp, line 709]
Event: 10.327 Thread 0x000000001675a800 Exception <a 'java/io/FileNotFoundException'> (0x00000000f5c1cdc0) thrown at [C:\re\workspace\8-2-build-windows-amd64-cygwin\jdk8u60\4407\hotspot\src\share\vm\prims\jni.cpp, line 709]
Event: 10.328 Thread 0x000000001675a800 Exception <a 'java/io/FileNotFoundException'> (0x00000000f5c1f1c0) thrown at [C:\re\workspace\8-2-build-windows-amd64-cygwin\jdk8u60\4407\hotspot\src\share\vm\prims\jni.cpp, line 709]
Event: 10.444 Thread 0x000000001675a800 Exception <a 'java/io/FileNotFoundException'> (0x00000000f5c3c8b0) thrown at [C:\re\workspace\8-2-build-windows-amd64-cygwin\jdk8u60\4407\hotspot\src\share\vm\prims\jni.cpp, line 709]
Event: 10.492 Thread 0x000000001675a800 Exception <a 'java/io/FileNotFoundException'> (0x00000000f5c438c0) thrown at [C:\re\workspace\8-2-build-windows-amd64-cygwin\jdk8u60\4407\hotspot\src\share\vm\prims\jni.cpp, line 709]

Events (10 events):
Event: 32.140 Executing VM operation: BulkRevokeBias
Event: 32.140 Executing VM operation: BulkRevokeBias done
Event: 33.468 Executing VM operation: RevokeBias
Event: 33.468 Executing VM operation: RevokeBias done
Event: 33.937 Executing VM operation: RevokeBias
Event: 33.937 Executing VM operation: RevokeBias done
Event: 33.939 Executing VM operation: RevokeBias
Event: 33.939 Executing VM operation: RevokeBias done
Event: 33.940 Executing VM operation: RevokeBias
Event: 33.940 Executing VM operation: RevokeBias done


Dynamic libraries:
0x00007ff755b30000 - 0x00007ff755b67000 	C:\Program Files\Java\jre1.8.0_60\bin\javaw.exe
0x00007ffe7a1c0000 - 0x00007ffe7a381000 	C:\WINDOWS\SYSTEM32\ntdll.dll
0x00007ffe79e80000 - 0x00007ffe79f2d000 	C:\WINDOWS\system32\KERNEL32.DLL
0x00007ffe77380000 - 0x00007ffe7755d000 	C:\WINDOWS\system32\KERNELBASE.dll
0x00007ffe79630000 - 0x00007ffe796d6000 	C:\WINDOWS\system32\ADVAPI32.dll
0x00007ffe77ea0000 - 0x00007ffe77f3d000 	C:\WINDOWS\system32\msvcrt.dll
0x00007ffe79b90000 - 0x00007ffe79beb000 	C:\WINDOWS\system32\sechost.dll
0x00007ffe798f0000 - 0x00007ffe79a16000 	C:\WINDOWS\system32\RPCRT4.dll
0x00007ffe79a20000 - 0x00007ffe79b6e000 	C:\WINDOWS\system32\USER32.dll
0x00007ffe77b00000 - 0x00007ffe77c86000 	C:\WINDOWS\system32\GDI32.dll
0x00007ffe73640000 - 0x00007ffe738b4000 	C:\WINDOWS\WinSxS\amd64_microsoft.windows.common-controls_6595b64144ccf1df_6.0.10240.16384_none_f41f7b285750ef43\COMCTL32.dll
0x00007ffe796e0000 - 0x00007ffe79716000 	C:\WINDOWS\system32\IMM32.DLL
0x00007ffe79790000 - 0x00007ffe798ec000 	C:\WINDOWS\system32\MSCTF.dll
0x0000000075280000 - 0x0000000075352000 	C:\Program Files\Java\jre1.8.0_60\bin\msvcr100.dll
0x0000000075430000 - 0x0000000075cb9000 	C:\Program Files\Java\jre1.8.0_60\bin\server\jvm.dll
0x00007ffe79f30000 - 0x00007ffe79f38000 	C:\WINDOWS\system32\PSAPI.DLL
0x00007ffe74f60000 - 0x00007ffe74f83000 	C:\WINDOWS\SYSTEM32\WINMM.dll
0x00007ffe6a690000 - 0x00007ffe6a699000 	C:\WINDOWS\SYSTEM32\WSOCK32.dll
0x00007ffe795c0000 - 0x00007ffe79629000 	C:\WINDOWS\system32\WS2_32.dll
0x00007ffe73970000 - 0x00007ffe7397a000 	C:\WINDOWS\SYSTEM32\VERSION.dll
0x00007ffe77890000 - 0x00007ffe77898000 	C:\WINDOWS\system32\NSI.dll
0x0000000001610000 - 0x000000000163c000 	C:\WINDOWS\SYSTEM32\WINMMBASE.dll
0x00007ffe77610000 - 0x00007ffe77654000 	C:\WINDOWS\system32\cfgmgr32.dll
0x00007ffe754c0000 - 0x00007ffe754e7000 	C:\WINDOWS\SYSTEM32\DEVOBJ.dll
0x0000000075420000 - 0x000000007542f000 	C:\Program Files\Java\jre1.8.0_60\bin\verify.dll
0x00000000753f0000 - 0x0000000075419000 	C:\Program Files\Java\jre1.8.0_60\bin\java.dll
0x00000000753d0000 - 0x00000000753e6000 	C:\Program Files\Java\jre1.8.0_60\bin\zip.dll
0x00007ffe78090000 - 0x00007ffe795b2000 	C:\WINDOWS\system32\SHELL32.dll
0x00007ffe76c90000 - 0x00007ffe772b8000 	C:\WINDOWS\system32\windows.storage.dll
0x00007ffe79f40000 - 0x00007ffe7a1bc000 	C:\WINDOWS\system32\combase.dll
0x00007ffe79730000 - 0x00007ffe79781000 	C:\WINDOWS\system32\shlwapi.dll
0x00007ffe76c80000 - 0x00007ffe76c8f000 	C:\WINDOWS\system32\kernel.appcore.dll
0x00007ffe772c0000 - 0x00007ffe77373000 	C:\WINDOWS\system32\shcore.dll
0x00007ffe76c10000 - 0x00007ffe76c5a000 	C:\WINDOWS\system32\powrprof.dll
0x00007ffe76bf0000 - 0x00007ffe76c03000 	C:\WINDOWS\system32\profapi.dll
0x00000000753b0000 - 0x00000000753ca000 	C:\Program Files\Java\jre1.8.0_60\bin\net.dll
0x00007ffe76460000 - 0x00007ffe764bd000 	C:\WINDOWS\system32\mswsock.dll
0x00007ffe76200000 - 0x00007ffe762a8000 	C:\WINDOWS\SYSTEM32\DNSAPI.dll
0x0000000076070000 - 0x0000000076096000 	C:\Program Files\Bonjour\mdnsNSP.dll
0x00007ffe752b0000 - 0x00007ffe752e8000 	C:\WINDOWS\SYSTEM32\Iphlpapi.DLL
0x00007ffe750b0000 - 0x00007ffe750bb000 	C:\WINDOWS\SYSTEM32\WINNSI.DLL
0x00007ffe6c5e0000 - 0x00007ffe6c5ea000 	C:\Windows\System32\rasadhlp.dll
0x00007ffe70da0000 - 0x00007ffe70e08000 	C:\WINDOWS\System32\fwpuclnt.dll
0x00007ffe76730000 - 0x00007ffe76758000 	C:\WINDOWS\SYSTEM32\bcrypt.dll
0x00000000750e0000 - 0x0000000075278000 	C:\Program Files\Java\jre1.8.0_60\bin\awt.dll
0x00007ffe77c90000 - 0x00007ffe77d4e000 	C:\WINDOWS\system32\OLEAUT32.dll
0x00007ffe75340000 - 0x00007ffe753b8000 	C:\WINDOWS\system32\apphelp.dll
0x00007ffe74540000 - 0x00007ffe74562000 	C:\WINDOWS\system32\DWMAPI.DLL
0x00007ffe755e0000 - 0x00007ffe75676000 	C:\WINDOWS\system32\uxtheme.dll
0x00007ffe77d50000 - 0x00007ffe77e91000 	C:\WINDOWS\system32\ole32.dll
0x00007ffe76a40000 - 0x00007ffe76aab000 	C:\WINDOWS\SYSTEM32\bcryptPrimitives.dll
0x0000000075090000 - 0x00000000750d7000 	C:\Program Files\Java\jre1.8.0_60\bin\fontmanager.dll
0x00007ffe77a50000 - 0x00007ffe77af5000 	C:\WINDOWS\system32\clbcatq.dll
0x00007ffe70b70000 - 0x00007ffe70d22000 	C:\WINDOWS\SYSTEM32\WindowsCodecs.dll
0x00007ffe764c0000 - 0x00007ffe764d7000 	C:\WINDOWS\SYSTEM32\cryptsp.dll
0x00007ffe76110000 - 0x00007ffe76143000 	C:\WINDOWS\system32\rsaenh.dll
0x00007ffe76610000 - 0x00007ffe7661b000 	C:\WINDOWS\SYSTEM32\CRYPTBASE.dll
0x00007ffe61850000 - 0x00007ffe61896000 	C:\WINDOWS\system32\dataexchange.dll
0x00007ffe6cf40000 - 0x00007ffe6d485000 	C:\WINDOWS\system32\d2d1.dll
0x00007ffe74d00000 - 0x00007ffe74dd1000 	C:\WINDOWS\system32\dcomp.dll
0x00007ffe74210000 - 0x00007ffe744b3000 	C:\WINDOWS\system32\d3d11.dll
0x00007ffe74170000 - 0x00007ffe7420c000 	C:\WINDOWS\system32\dxgi.dll
0x00007ffe754f0000 - 0x00007ffe755de000 	C:\WINDOWS\system32\twinapi.appcore.dll
0x00007ffe762f0000 - 0x00007ffe7630f000 	C:\WINDOWS\system32\USERENV.dll
0x0000000075390000 - 0x00000000753a1000 	C:\Program Files\Java\jre1.8.0_60\bin\nio.dll
0x0000000075040000 - 0x0000000075082000 	C:\Program Files\Java\jre1.8.0_60\bin\t2k.dll

VM Arguments:
jvm_args: -Dfile.encoding=Cp1252 -Xmx512M 
java_command: ProcessDatabases.DoMain
java_class_path (initial): E:\Java\Project\store_manager\bin;C:\Program Files\MySQL\mysql-connector-java-5.1.36\mysql-connector-java-5.1.36\mysql-connector-java-5.1.36-bin.jar
Launcher Type: SUN_STANDARD

Environment Variables:
JAVA_HOME=C:\Program Files\Java\jdk1.7.0_79
_JAVA_OPTIONS=-Xmx512M
PATH=C:/Program Files/Java/jre1.8.0_60/bin/server;C:/Program Files/Java/jre1.8.0_60/bin;C:/Program Files/Java/jre1.8.0_60/lib/amd64;C:\ProgramData\Oracle\Java\javapath;C:\Program Files (x86)\NVIDIA Corporation\PhysX\Common;C:\Windows\system32;C:\Windows;C:\Windows\System32\Wbem;C:\Windows\System32\WindowsPowerShell\v1.0\;C:\Program Files (x86)\GUI Turbo Assembler\BIN;C:\WINDOWS\system32;C:\WINDOWS;C:\WINDOWS\System32\Wbem;C:\WINDOWS\System32\WindowsPowerShell\v1.0\;C:\Program Files (x86)\Java\jre1.8.0_51\bin;.;C:\Program Files (x86)\Skype\Phone\;;C:\FPC\2.0.4\bin\i386-Win32;D:\Setup\eclipse-jee-mars-1-win32-x86_64\eclipse;
USERNAME=Phuc
OS=Windows_NT
PROCESSOR_IDENTIFIER=Intel64 Family 6 Model 69 Stepping 1, GenuineIntel



---------------  S Y S T E M  ---------------

OS: Windows 10.0 , 64 bit Build 10240 (10.0.10240.16384)

CPU:total 4 (2 cores per cpu, 2 threads per core) family 6 model 69 stepping 1, cmov, cx8, fxsr, mmx, sse, sse2, sse3, ssse3, sse4.1, sse4.2, popcnt, avx, avx2, aes, clmul, erms, lzcnt, ht, tsc, tscinvbit, bmi1, bmi2

Memory: 4k page, physical 5149260k(1855276k free), swap 5673548k(5184k free)

vm_info: Java HotSpot(TM) 64-Bit Server VM (25.60-b23) for windows-amd64 JRE (1.8.0_60-b27), built on Aug  4 2015 11:06:27 by "java_re" with MS VC++ 10.0 (VS2010)

time: Mon Oct 19 14:23:16 2015
elapsed time: 34 seconds (0d 0h 0m 34s)

