#
# There is insufficient memory for the Java Runtime Environment to continue.
# Native memory allocation (malloc) failed to allocate 1753296 bytes for Chunk::new
# Possible reasons:
#   The system is out of physical RAM or swap space
#   In 32 bit mode, the process size limit was hit
# Possible solutions:
#   Reduce memory load on the system
#   Increase physical memory or swap space
#   Check if swap backing store is full
#   Use 64 bit Java on a 64 bit OS
#   Decrease Java heap size (-Xmx/-Xms)
#   Decrease number of Java threads
#   Decrease Java thread stack sizes (-Xss)
#   Set larger code cache with -XX:ReservedCodeCacheSize=
# This output file may be truncated or incomplete.
#
#  Out of Memory Error (allocation.cpp:390), pid=5568, tid=4976
#
# JRE version: Java(TM) SE Runtime Environment (8.0_60-b27) (build 1.8.0_60-b27)
# Java VM: Java HotSpot(TM) 64-Bit Server VM (25.60-b23 mixed mode windows-amd64 compressed oops)
# Failed to write core dump. Minidumps are not enabled by default on client versions of Windows
#

---------------  T H R E A D  ---------------

Current thread (0x00000000141c1800):  JavaThread "C2 CompilerThread1" daemon [_thread_in_native, id=4976, stack(0x00000000158f0000,0x00000000159f0000)]

Stack: [0x00000000158f0000,0x00000000159f0000]
[error occurred during error reporting (printing stack bounds), id 0xc0000005]

Native frames: (J=compiled Java code, j=interpreted, Vv=VM code, C=native code)


Current CompileTask:
C2:   7011 1551   !   4       com.mysql.jdbc.MysqlIO::proceedHandshakeWithPluggableAuthentication (1575 bytes)


---------------  P R O C E S S  ---------------

Java Threads: ( => current thread )
  0x00000000165b9000 JavaThread "TimerQueue" daemon [_thread_blocked, id=4352, stack(0x00000000182c0000,0x00000000183c0000)]
  0x0000000016450000 JavaThread "Abandoned connection cleanup thread" daemon [_thread_blocked, id=7880, stack(0x0000000017f70000,0x0000000018070000)]
  0x0000000016255800 JavaThread "AWT-EventQueue-0" [_thread_blocked, id=7832, stack(0x00000000171a0000,0x00000000172a0000)]
  0x0000000015eac000 JavaThread "AWT-Windows" daemon [_thread_in_native, id=7320, stack(0x0000000016bd0000,0x0000000016cd0000)]
  0x0000000015eab000 JavaThread "AWT-Shutdown" [_thread_blocked, id=872, stack(0x0000000016ad0000,0x0000000016bd0000)]
  0x0000000016213000 JavaThread "Java2D Disposer" daemon [_thread_blocked, id=7672, stack(0x00000000169d0000,0x0000000016ad0000)]
  0x0000000015b19800 JavaThread "Service Thread" daemon [_thread_blocked, id=3576, stack(0x0000000015ef0000,0x0000000015ff0000)]
  0x00000000141c4800 JavaThread "C1 CompilerThread2" daemon [_thread_blocked, id=7660, stack(0x00000000159f0000,0x0000000015af0000)]
=>0x00000000141c1800 JavaThread "C2 CompilerThread1" daemon [_thread_in_native, id=4976, stack(0x00000000158f0000,0x00000000159f0000)]
  0x00000000141bd000 JavaThread "C2 CompilerThread0" daemon [_thread_blocked, id=388, stack(0x00000000157f0000,0x00000000158f0000)]
  0x00000000141bb800 JavaThread "Attach Listener" daemon [_thread_blocked, id=3064, stack(0x00000000156f0000,0x00000000157f0000)]
  0x00000000141ba000 JavaThread "Signal Dispatcher" daemon [_thread_blocked, id=3568, stack(0x00000000155f0000,0x00000000156f0000)]
  0x0000000002e47000 JavaThread "Finalizer" daemon [_thread_blocked, id=7604, stack(0x0000000015410000,0x0000000015510000)]
  0x0000000002e3e000 JavaThread "Reference Handler" daemon [_thread_blocked, id=4484, stack(0x0000000015310000,0x0000000015410000)]
  0x0000000002c4e000 JavaThread "main" [_thread_in_vm, id=7252, stack(0x0000000002c50000,0x0000000002d50000)]

Other Threads:
  0x0000000014187000 VMThread [stack: 0x0000000015210000,0x0000000015310000] [id=716]
  0x0000000015b60800 WatcherThread [stack: 0x0000000015ff0000,0x00000000160f0000] [id=7440]

VM state:not at safepoint (normal execution)

VM Mutex/Monitor currently owned by a thread: None

Heap:
 PSYoungGen      total 24064K, used 13628K [0x00000000f5580000, 0x00000000f7000000, 0x0000000100000000)
  eden space 20992K, 63% used [0x00000000f5580000,0x00000000f6287120,0x00000000f6a00000)
  from space 3072K, 9% used [0x00000000f6d00000,0x00000000f6d48000,0x00000000f7000000)
  to   space 3072K, 0% used [0x00000000f6a00000,0x00000000f6a00000,0x00000000f6d00000)
 ParOldGen       total 54784K, used 18632K [0x00000000e0000000, 0x00000000e3580000, 0x00000000f5580000)
  object space 54784K, 34% used [0x00000000e0000000,0x00000000e1232140,0x00000000e3580000)
 Metaspace       used 13614K, capacity 13802K, committed 13952K, reserved 1060864K
  class space    used 1541K, capacity 1616K, committed 1664K, reserved 1048576K

Card table byte_map: [0x0000000012210000,0x0000000012320000] byte_map_base: 0x0000000011b10000

Marking Bits: (ParMarkBitMap*) 0x0000000066d6a5b0
 Begin Bits: [0x0000000012720000, 0x0000000012f20000)
 End Bits:   [0x0000000012f20000, 0x0000000013720000)

Polling page: 0x0000000000e90000

CodeCache: size=245760Kb used=6302Kb max_used=6302Kb free=239457Kb
 bounds [0x0000000002e50000, 0x0000000003480000, 0x0000000011e50000]
 total_blobs=2100 nmethods=1569 adapters=444
 compilation: enabled

Compilation events (10 events):
Event: 6.911 Thread 0x00000000141c4800 1566       3       javax.swing.border.AbstractBorder::getBorderInsets (17 bytes)
Event: 6.911 Thread 0x00000000141c4800 nmethod 1566 0x0000000003479990 code [0x0000000003479b00, 0x0000000003479e28]
Event: 6.912 Thread 0x00000000141c4800 1567       3       java.awt.Rectangle::getBounds (24 bytes)
Event: 6.912 Thread 0x00000000141c4800 nmethod 1567 0x0000000003479310 code [0x0000000003479480, 0x00000000034797d0]
Event: 6.912 Thread 0x00000000141c4800 1568       3       java.security.ProtectionDomain$JavaSecurityAccessImpl::doIntersectionPrivilege (22 bytes)
Event: 6.912 Thread 0x00000000141c4800 nmethod 1568 0x0000000003478790 code [0x0000000003478940, 0x0000000003478ff8]
Event: 6.912 Thread 0x00000000141c4800 1570       3       java.awt.font.FontRenderContext::equals (127 bytes)
Event: 6.915 Thread 0x00000000141c4800 nmethod 1570 0x000000000347a650 code [0x000000000347a900, 0x000000000347bc18]
Event: 6.915 Thread 0x00000000141c4800 1569       3       java.security.ProtectionDomain$JavaSecurityAccessImpl::getCombinedACC (30 bytes)
Event: 6.915 Thread 0x00000000141c4800 nmethod 1569 0x0000000003477f50 code [0x00000000034780e0, 0x00000000034785f8]

GC Heap History (10 events):
Event: 5.555 GC heap before
{Heap before GC invocations=12 (full 0):
 PSYoungGen      total 24064K, used 21280K [0x00000000f5580000, 0x00000000f7000000, 0x0000000100000000)
  eden space 20992K, 100% used [0x00000000f5580000,0x00000000f6a00000,0x00000000f6a00000)
  from space 3072K, 9% used [0x00000000f6a00000,0x00000000f6a48000,0x00000000f6d00000)
  to   space 3072K, 0% used [0x00000000f6d00000,0x00000000f6d00000,0x00000000f7000000)
 ParOldGen       total 54784K, used 18544K [0x00000000e0000000, 0x00000000e3580000, 0x00000000f5580000)
  object space 54784K, 33% used [0x00000000e0000000,0x00000000e121c140,0x00000000e3580000)
 Metaspace       used 13583K, capacity 13802K, committed 13952K, reserved 1060864K
  class space    used 1540K, capacity 1616K, committed 1664K, reserved 1048576K
Event: 5.556 GC heap after
Heap after GC invocations=12 (full 0):
 PSYoungGen      total 24064K, used 288K [0x00000000f5580000, 0x00000000f7000000, 0x0000000100000000)
  eden space 20992K, 0% used [0x00000000f5580000,0x00000000f5580000,0x00000000f6a00000)
  from space 3072K, 9% used [0x00000000f6d00000,0x00000000f6d48000,0x00000000f7000000)
  to   space 3072K, 0% used [0x00000000f6a00000,0x00000000f6a00000,0x00000000f6d00000)
 ParOldGen       total 54784K, used 18560K [0x00000000e0000000, 0x00000000e3580000, 0x00000000f5580000)
  object space 54784K, 33% used [0x00000000e0000000,0x00000000e1220140,0x00000000e3580000)
 Metaspace       used 13583K, capacity 13802K, committed 13952K, reserved 1060864K
  class space    used 1540K, capacity 1616K, committed 1664K, reserved 1048576K
}
Event: 5.881 GC heap before
{Heap before GC invocations=13 (full 0):
 PSYoungGen      total 24064K, used 21280K [0x00000000f5580000, 0x00000000f7000000, 0x0000000100000000)
  eden space 20992K, 100% used [0x00000000f5580000,0x00000000f6a00000,0x00000000f6a00000)
  from space 3072K, 9% used [0x00000000f6d00000,0x00000000f6d48000,0x00000000f7000000)
  to   space 3072K, 0% used [0x00000000f6a00000,0x00000000f6a00000,0x00000000f6d00000)
 ParOldGen       total 54784K, used 18560K [0x00000000e0000000, 0x00000000e3580000, 0x00000000f5580000)
  object space 54784K, 33% used [0x00000000e0000000,0x00000000e1220140,0x00000000e3580000)
 Metaspace       used 13586K, capacity 13802K, committed 13952K, reserved 1060864K
  class space    used 1540K, capacity 1616K, committed 1664K, reserved 1048576K
Event: 5.883 GC heap after
Heap after GC invocations=13 (full 0):
 PSYoungGen      total 24064K, used 288K [0x00000000f5580000, 0x00000000f7000000, 0x0000000100000000)
  eden space 20992K, 0% used [0x00000000f5580000,0x00000000f5580000,0x00000000f6a00000)
  from space 3072K, 9% used [0x00000000f6a00000,0x00000000f6a48000,0x00000000f6d00000)
  to   space 3072K, 0% used [0x00000000f6d00000,0x00000000f6d00000,0x00000000f7000000)
 ParOldGen       total 54784K, used 18576K [0x00000000e0000000, 0x00000000e3580000, 0x00000000f5580000)
  object space 54784K, 33% used [0x00000000e0000000,0x00000000e1224140,0x00000000e3580000)
 Metaspace       used 13586K, capacity 13802K, committed 13952K, reserved 1060864K
  class space    used 1540K, capacity 1616K, committed 1664K, reserved 1048576K
}
Event: 6.182 GC heap before
{Heap before GC invocations=14 (full 0):
 PSYoungGen      total 24064K, used 21280K [0x00000000f5580000, 0x00000000f7000000, 0x0000000100000000)
  eden space 20992K, 100% used [0x00000000f5580000,0x00000000f6a00000,0x00000000f6a00000)
  from space 3072K, 9% used [0x00000000f6a00000,0x00000000f6a48000,0x00000000f6d00000)
  to   space 3072K, 0% used [0x00000000f6d00000,0x00000000f6d00000,0x00000000f7000000)
 ParOldGen       total 54784K, used 18576K [0x00000000e0000000, 0x00000000e3580000, 0x00000000f5580000)
  object space 54784K, 33% used [0x00000000e0000000,0x00000000e1224140,0x00000000e3580000)
 Metaspace       used 13589K, capacity 13802K, committed 13952K, reserved 1060864K
  class space    used 1540K, capacity 1616K, committed 1664K, reserved 1048576K
Event: 6.184 GC heap after
Heap after GC invocations=14 (full 0):
 PSYoungGen      total 24064K, used 256K [0x00000000f5580000, 0x00000000f7000000, 0x0000000100000000)
  eden space 20992K, 0% used [0x00000000f5580000,0x00000000f5580000,0x00000000f6a00000)
  from space 3072K, 8% used [0x00000000f6d00000,0x00000000f6d40000,0x00000000f7000000)
  to   space 3072K, 0% used [0x00000000f6a00000,0x00000000f6a00000,0x00000000f6d00000)
 ParOldGen       total 54784K, used 18600K [0x00000000e0000000, 0x00000000e3580000, 0x00000000f5580000)
  object space 54784K, 33% used [0x00000000e0000000,0x00000000e122a140,0x00000000e3580000)
 Metaspace       used 13589K, capacity 13802K, committed 13952K, reserved 1060864K
  class space    used 1540K, capacity 1616K, committed 1664K, reserved 1048576K
}
Event: 6.504 GC heap before
{Heap before GC invocations=15 (full 0):
 PSYoungGen      total 24064K, used 21248K [0x00000000f5580000, 0x00000000f7000000, 0x0000000100000000)
  eden space 20992K, 100% used [0x00000000f5580000,0x00000000f6a00000,0x00000000f6a00000)
  from space 3072K, 8% used [0x00000000f6d00000,0x00000000f6d40000,0x00000000f7000000)
  to   space 3072K, 0% used [0x00000000f6a00000,0x00000000f6a00000,0x00000000f6d00000)
 ParOldGen       total 54784K, used 18600K [0x00000000e0000000, 0x00000000e3580000, 0x00000000f5580000)
  object space 54784K, 33% used [0x00000000e0000000,0x00000000e122a140,0x00000000e3580000)
 Metaspace       used 13593K, capacity 13802K, committed 13952K, reserved 1060864K
  class space    used 1540K, capacity 1616K, committed 1664K, reserved 1048576K
Event: 6.506 GC heap after
Heap after GC invocations=15 (full 0):
 PSYoungGen      total 24064K, used 256K [0x00000000f5580000, 0x00000000f7000000, 0x0000000100000000)
  eden space 20992K, 0% used [0x00000000f5580000,0x00000000f5580000,0x00000000f6a00000)
  from space 3072K, 8% used [0x00000000f6a00000,0x00000000f6a40000,0x00000000f6d00000)
  to   space 3072K, 0% used [0x00000000f6d00000,0x00000000f6d00000,0x00000000f7000000)
 ParOldGen       total 54784K, used 18616K [0x00000000e0000000, 0x00000000e3580000, 0x00000000f5580000)
  object space 54784K, 33% used [0x00000000e0000000,0x00000000e122e140,0x00000000e3580000)
 Metaspace       used 13593K, capacity 13802K, committed 13952K, reserved 1060864K
  class space    used 1540K, capacity 1616K, committed 1664K, reserved 1048576K
}
Event: 6.806 GC heap before
{Heap before GC invocations=16 (full 0):
 PSYoungGen      total 24064K, used 21248K [0x00000000f5580000, 0x00000000f7000000, 0x0000000100000000)
  eden space 20992K, 100% used [0x00000000f5580000,0x00000000f6a00000,0x00000000f6a00000)
  from space 3072K, 8% used [0x00000000f6a00000,0x00000000f6a40000,0x00000000f6d00000)
  to   space 3072K, 0% used [0x00000000f6d00000,0x00000000f6d00000,0x00000000f7000000)
 ParOldGen       total 54784K, used 18616K [0x00000000e0000000, 0x00000000e3580000, 0x00000000f5580000)
  object space 54784K, 33% used [0x00000000e0000000,0x00000000e122e140,0x00000000e3580000)
 Metaspace       used 13605K, capacity 13802K, committed 13952K, reserved 1060864K
  class space    used 1541K, capacity 1616K, committed 1664K, reserved 1048576K
Event: 6.809 GC heap after
Heap after GC invocations=16 (full 0):
 PSYoungGen      total 24064K, used 288K [0x00000000f5580000, 0x00000000f7000000, 0x0000000100000000)
  eden space 20992K, 0% used [0x00000000f5580000,0x00000000f5580000,0x00000000f6a00000)
  from space 3072K, 9% used [0x00000000f6d00000,0x00000000f6d48000,0x00000000f7000000)
  to   space 3072K, 0% used [0x00000000f6a00000,0x00000000f6a00000,0x00000000f6d00000)
 ParOldGen       total 54784K, used 18632K [0x00000000e0000000, 0x00000000e3580000, 0x00000000f5580000)
  object space 54784K, 34% used [0x00000000e0000000,0x00000000e1232140,0x00000000e3580000)
 Metaspace       used 13605K, capacity 13802K, committed 13952K, reserved 1060864K
  class space    used 1541K, capacity 1616K, committed 1664K, reserved 1048576K
}

Deoptimization events (7 events):
Event: 0.798 Thread 0x0000000015edf800 Uncommon trap: reason=unstable_if action=reinterpret pc=0x000000000304242c method=sun.awt.image.PNGImageDecoder.produceImage()V @ 867
Event: 1.135 Thread 0x0000000002c4e000 Uncommon trap: reason=unstable_if action=reinterpret pc=0x0000000003076eac method=java.util.Properties$LineReader.readLine()I @ 252
Event: 1.135 Thread 0x0000000002c4e000 Uncommon trap: reason=unstable_if action=reinterpret pc=0x000000000306b98c method=java.util.Properties.loadConvert([CII[C)Ljava/lang/String; @ 4
Event: 2.142 Thread 0x0000000016255800 Uncommon trap: reason=class_check action=maybe_recompile pc=0x0000000002fc13e8 method=java.lang.String.equals(Ljava/lang/Object;)Z @ 8
Event: 2.142 Thread 0x0000000016255800 Uncommon trap: reason=class_check action=maybe_recompile pc=0x0000000002fc13e8 method=java.lang.String.equals(Ljava/lang/Object;)Z @ 8
Event: 2.268 Thread 0x0000000016255800 Uncommon trap: reason=class_check action=maybe_recompile pc=0x0000000002fc13e8 method=java.lang.String.equals(Ljava/lang/Object;)Z @ 8
Event: 2.268 Thread 0x0000000016255800 Uncommon trap: reason=class_check action=maybe_recompile pc=0x0000000002fc13e8 method=java.lang.String.equals(Ljava/lang/Object;)Z @ 8

Internal exceptions (10 events):
Event: 6.945 Thread 0x0000000002c4e000 Implicit null exception at 0x000000000342a14c to 0x000000000342a97d
Event: 6.945 Thread 0x0000000002c4e000 Exception <a 'java/lang/NullPointerException'> (0x00000000f5e00000) thrown at [C:\re\workspace\8-2-build-windows-amd64-cygwin\jdk8u60\4407\hotspot\src\share\vm\runtime\sharedRuntime.cpp, line 605]
Event: 6.947 Thread 0x0000000002c4e000 Implicit null exception at 0x000000000342a14c to 0x000000000342a97d
Event: 6.947 Thread 0x0000000002c4e000 Exception <a 'java/lang/NullPointerException'> (0x00000000f5e157f8) thrown at [C:\re\workspace\8-2-build-windows-amd64-cygwin\jdk8u60\4407\hotspot\src\share\vm\runtime\sharedRuntime.cpp, line 605]
Event: 6.948 Thread 0x0000000002c4e000 Implicit null exception at 0x000000000342a14c to 0x000000000342a97d
Event: 6.948 Thread 0x0000000002c4e000 Exception <a 'java/lang/NullPointerException'> (0x00000000f5e2aff0) thrown at [C:\re\workspace\8-2-build-windows-amd64-cygwin\jdk8u60\4407\hotspot\src\share\vm\runtime\sharedRuntime.cpp, line 605]
Event: 6.950 Thread 0x0000000002c4e000 Implicit null exception at 0x000000000342a14c to 0x000000000342a97d
Event: 6.950 Thread 0x0000000002c4e000 Exception <a 'java/lang/NullPointerException'> (0x00000000f5e407e8) thrown at [C:\re\workspace\8-2-build-windows-amd64-cygwin\jdk8u60\4407\hotspot\src\share\vm\runtime\sharedRuntime.cpp, line 605]
Event: 6.951 Thread 0x0000000002c4e000 Implicit null exception at 0x000000000342a14c to 0x000000000342a97d
Event: 6.951 Thread 0x0000000002c4e000 Exception <a 'java/lang/NullPointerException'> (0x00000000f5e56780) thrown at [C:\re\workspace\8-2-build-windows-amd64-cygwin\jdk8u60\4407\hotspot\src\share\vm\runtime\sharedRuntime.cpp, line 605]

Events (10 events):
Event: 5.881 Executing VM operation: ParallelGCFailedAllocation
Event: 5.883 Executing VM operation: ParallelGCFailedAllocation done
Event: 6.182 Executing VM operation: ParallelGCFailedAllocation
Event: 6.184 Executing VM operation: ParallelGCFailedAllocation done
Event: 6.504 Executing VM operation: ParallelGCFailedAllocation
Event: 6.506 Executing VM operation: ParallelGCFailedAllocation done
Event: 6.562 loading class java/util/Hashtable$1
Event: 6.562 loading class java/util/Hashtable$1 done
Event: 6.806 Executing VM operation: ParallelGCFailedAllocation
Event: 6.809 Executing VM operation: ParallelGCFailedAllocation done


Dynamic libraries:
0x00007ff64c290000 - 0x00007ff64c2c7000 	C:\Program Files\Java\jre1.8.0_60\bin\javaw.exe
0x00007ff934c80000 - 0x00007ff934e41000 	C:\WINDOWS\SYSTEM32\ntdll.dll
0x00007ff934240000 - 0x00007ff9342ed000 	C:\WINDOWS\system32\KERNEL32.DLL
0x00007ff9320c0000 - 0x00007ff93229d000 	C:\WINDOWS\system32\KERNELBASE.dll
0x00007ff9329b0000 - 0x00007ff932a56000 	C:\WINDOWS\system32\ADVAPI32.dll
0x00007ff932620000 - 0x00007ff9326bd000 	C:\WINDOWS\system32\msvcrt.dll
0x00007ff9326d0000 - 0x00007ff93272b000 	C:\WINDOWS\system32\sechost.dll
0x00007ff9324f0000 - 0x00007ff932616000 	C:\WINDOWS\system32\RPCRT4.dll
0x00007ff934070000 - 0x00007ff9341be000 	C:\WINDOWS\system32\USER32.dll
0x00007ff932360000 - 0x00007ff9324e6000 	C:\WINDOWS\system32\GDI32.dll
0x00007ff92ae30000 - 0x00007ff92b0a4000 	C:\WINDOWS\WinSxS\amd64_microsoft.windows.common-controls_6595b64144ccf1df_6.0.10240.16384_none_f41f7b285750ef43\COMCTL32.dll
0x00007ff934a30000 - 0x00007ff934a66000 	C:\WINDOWS\system32\IMM32.DLL
0x00007ff9342f0000 - 0x00007ff93444c000 	C:\WINDOWS\system32\MSCTF.dll
0x00000000663b0000 - 0x0000000066482000 	C:\Program Files\Java\jre1.8.0_60\bin\msvcr100.dll
0x0000000066560000 - 0x0000000066de9000 	C:\Program Files\Java\jre1.8.0_60\bin\server\jvm.dll
0x00007ff9347a0000 - 0x00007ff9347a8000 	C:\WINDOWS\system32\PSAPI.DLL
0x00007ff92fcd0000 - 0x00007ff92fcf3000 	C:\WINDOWS\SYSTEM32\WINMM.dll
0x00007ff925ca0000 - 0x00007ff925ca9000 	C:\WINDOWS\SYSTEM32\WSOCK32.dll
0x00007ff92e800000 - 0x00007ff92e80a000 	C:\WINDOWS\SYSTEM32\VERSION.dll
0x00007ff934000000 - 0x00007ff934069000 	C:\WINDOWS\system32\WS2_32.dll
0x00007ff9326c0000 - 0x00007ff9326c8000 	C:\WINDOWS\system32\NSI.dll
0x00007ff92fc40000 - 0x00007ff92fc6c000 	C:\WINDOWS\SYSTEM32\WINMMBASE.dll
0x00007ff932300000 - 0x00007ff932344000 	C:\WINDOWS\system32\cfgmgr32.dll
0x00007ff930040000 - 0x00007ff930067000 	C:\WINDOWS\SYSTEM32\DEVOBJ.dll
0x0000000066550000 - 0x000000006655f000 	C:\Program Files\Java\jre1.8.0_60\bin\verify.dll
0x0000000066520000 - 0x0000000066549000 	C:\Program Files\Java\jre1.8.0_60\bin\java.dll
0x0000000066500000 - 0x0000000066516000 	C:\Program Files\Java\jre1.8.0_60\bin\zip.dll
0x00007ff932ad0000 - 0x00007ff933ff2000 	C:\WINDOWS\system32\SHELL32.dll
0x00007ff931750000 - 0x00007ff931d78000 	C:\WINDOWS\system32\windows.storage.dll
0x00007ff932730000 - 0x00007ff9329ac000 	C:\WINDOWS\system32\combase.dll
0x00007ff9341c0000 - 0x00007ff934211000 	C:\WINDOWS\system32\shlwapi.dll
0x00007ff9316f0000 - 0x00007ff9316ff000 	C:\WINDOWS\system32\kernel.appcore.dll
0x00007ff932000000 - 0x00007ff9320b3000 	C:\WINDOWS\system32\shcore.dll
0x00007ff931700000 - 0x00007ff93174a000 	C:\WINDOWS\system32\powrprof.dll
0x00007ff9316d0000 - 0x00007ff9316e3000 	C:\WINDOWS\system32\profapi.dll
0x0000000066210000 - 0x00000000663a8000 	C:\Program Files\Java\jre1.8.0_60\bin\awt.dll
0x00007ff9344b0000 - 0x00007ff93456e000 	C:\WINDOWS\system32\OLEAUT32.dll
0x00007ff92fdd0000 - 0x00007ff92fe48000 	C:\WINDOWS\system32\apphelp.dll
0x00007ff92e7d0000 - 0x00007ff92e7f2000 	C:\WINDOWS\system32\DWMAPI.DLL
0x00007ff92ff80000 - 0x00007ff930016000 	C:\WINDOWS\system32\uxtheme.dll
0x00007ff934570000 - 0x00007ff9346b1000 	C:\WINDOWS\system32\ole32.dll
0x00007ff9314d0000 - 0x00007ff93153b000 	C:\WINDOWS\SYSTEM32\bcryptPrimitives.dll
0x00000000661c0000 - 0x0000000066207000 	C:\Program Files\Java\jre1.8.0_60\bin\fontmanager.dll
0x00007ff934980000 - 0x00007ff934a25000 	C:\WINDOWS\system32\clbcatq.dll
0x00007ff9291e0000 - 0x00007ff929392000 	C:\WINDOWS\SYSTEM32\WindowsCodecs.dll
0x00007ff9315e0000 - 0x00007ff931608000 	C:\WINDOWS\SYSTEM32\bcrypt.dll
0x00007ff930f20000 - 0x00007ff930f37000 	C:\WINDOWS\SYSTEM32\cryptsp.dll
0x00007ff930b70000 - 0x00007ff930ba3000 	C:\WINDOWS\system32\rsaenh.dll
0x00007ff9310f0000 - 0x00007ff9310fb000 	C:\WINDOWS\SYSTEM32\CRYPTBASE.dll
0x00007ff91e940000 - 0x00007ff91e986000 	C:\WINDOWS\system32\dataexchange.dll
0x00007ff92fa80000 - 0x00007ff92fb51000 	C:\WINDOWS\system32\dcomp.dll
0x00007ff92e520000 - 0x00007ff92e7c3000 	C:\WINDOWS\system32\d3d11.dll
0x00007ff928c90000 - 0x00007ff9291d5000 	C:\WINDOWS\system32\d2d1.dll
0x00007ff92e480000 - 0x00007ff92e51c000 	C:\WINDOWS\system32\dxgi.dll
0x00007ff930070000 - 0x00007ff93015e000 	C:\WINDOWS\system32\twinapi.appcore.dll
0x00007ff930d50000 - 0x00007ff930d6f000 	C:\WINDOWS\system32\USERENV.dll
0x00000000664e0000 - 0x00000000664fa000 	C:\Program Files\Java\jre1.8.0_60\bin\net.dll
0x00007ff930ec0000 - 0x00007ff930f1d000 	C:\WINDOWS\system32\mswsock.dll
0x00000000664c0000 - 0x00000000664d1000 	C:\Program Files\Java\jre1.8.0_60\bin\nio.dll
0x0000000066170000 - 0x00000000661b2000 	C:\Program Files\Java\jre1.8.0_60\bin\t2k.dll
0x00007ff930c60000 - 0x00007ff930d08000 	C:\WINDOWS\SYSTEM32\DNSAPI.dll
0x0000000067290000 - 0x00000000672b6000 	C:\Program Files\Bonjour\mdnsNSP.dll
0x00007ff92f850000 - 0x00007ff92f888000 	C:\WINDOWS\SYSTEM32\Iphlpapi.DLL
0x00007ff92f6b0000 - 0x00007ff92f6bb000 	C:\WINDOWS\SYSTEM32\WINNSI.DLL
0x00007ff926840000 - 0x00007ff92684a000 	C:\Windows\System32\rasadhlp.dll
0x00007ff92cfd0000 - 0x00007ff92d038000 	C:\WINDOWS\System32\fwpuclnt.dll

VM Arguments:
jvm_args: -Dfile.encoding=UTF-8 -Xmx512M 
java_command: ProcessDatabases.DoMain
java_class_path (initial): E:\Java\Project\store_manager\bin;C:\Program Files\MySQL\mysql-connector-java-5.1.36\mysql-connector-java-5.1.36\mysql-connector-java-5.1.36-bin.jar
Launcher Type: SUN_STANDARD

Environment Variables:
JAVA_HOME=C:\Program Files\Java\jdk1.7.0_79
_JAVA_OPTIONS=-Xmx512M
PATH=C:/Program Files/Java/jre1.8.0_60/bin/server;C:/Program Files/Java/jre1.8.0_60/bin;C:/Program Files/Java/jre1.8.0_60/lib/amd64;C:\ProgramData\Oracle\Java\javapath;C:\Program Files (x86)\NVIDIA Corporation\PhysX\Common;C:\Windows\system32;C:\Windows;C:\Windows\System32\Wbem;C:\Windows\System32\WindowsPowerShell\v1.0\;C:\Program Files (x86)\GUI Turbo Assembler\BIN;C:\WINDOWS\system32;C:\WINDOWS;C:\WINDOWS\System32\Wbem;C:\WINDOWS\System32\WindowsPowerShell\v1.0\;C:\Program Files (x86)\Java\jre1.8.0_51\bin;.;C:\Program Files (x86)\Skype\Phone\;;C:\FPC\2.0.4\bin\i386-Win32;D:\Setup\eclipse-jee-mars-1-win32-x86_64\eclipse;
USERNAME=Phuc
OS=Windows_NT
PROCESSOR_IDENTIFIER=Intel64 Family 6 Model 69 Stepping 1, GenuineIntel



---------------  S Y S T E M  ---------------

OS: Windows 10.0 , 64 bit Build 10240 (10.0.10240.16384)

CPU:total 4 (2 cores per cpu, 2 threads per core) family 6 model 69 stepping 1, cmov, cx8, fxsr, mmx, sse, sse2, sse3, ssse3, sse4.1, sse4.2, popcnt, avx, avx2, aes, clmul, erms, lzcnt, ht, tsc, tscinvbit, bmi1, bmi2

Memory: 4k page, physical 5149260k(1528804k free), swap 5673548k(6632k free)

vm_info: Java HotSpot(TM) 64-Bit Server VM (25.60-b23) for windows-amd64 JRE (1.8.0_60-b27), built on Aug  4 2015 11:06:27 by "java_re" with MS VC++ 10.0 (VS2010)

time: Tue Dec 08 20:41:33 2015
elapsed time: 7 seconds (0d 0h 0m 7s)

