#
# There is insufficient memory for the Java Runtime Environment to continue.
# Native memory allocation (malloc) failed to allocate 423296 bytes for Chunk::new
# Possible reasons:
#   The system is out of physical RAM or swap space
#   In 32 bit mode, the process size limit was hit
# Possible solutions:
#   Reduce memory load on the system
#   Increase physical memory or swap space
#   Check if swap backing store is full
#   Use 64 bit Java on a 64 bit OS
#   Decrease Java heap size (-Xmx/-Xms)
#   Decrease number of Java threads
#   Decrease Java thread stack sizes (-Xss)
#   Set larger code cache with -XX:ReservedCodeCacheSize=
# This output file may be truncated or incomplete.
#
#  Out of Memory Error (allocation.cpp:390), pid=4400, tid=5472
#
# JRE version: Java(TM) SE Runtime Environment (8.0_60-b27) (build 1.8.0_60-b27)
# Java VM: Java HotSpot(TM) 64-Bit Server VM (25.60-b23 mixed mode windows-amd64 compressed oops)
# Failed to write core dump. Minidumps are not enabled by default on client versions of Windows
#

---------------  T H R E A D  ---------------

Current thread (0x0000000013c5d000):  JavaThread "C2 CompilerThread0" daemon [_thread_in_native, id=5472, stack(0x00000000152a0000,0x00000000153a0000)]

Stack: [0x00000000152a0000,0x00000000153a0000]
[error occurred during error reporting (printing stack bounds), id 0xc0000005]

Native frames: (J=compiled Java code, j=interpreted, Vv=VM code, C=native code)


Current CompileTask:
C2:   2101 1090       4       com.mysql.jdbc.StringUtils::indexOfNextChar (859 bytes)


---------------  P R O C E S S  ---------------

Java Threads: ( => current thread )
  0x00000000168bb800 JavaThread "TimerQueue" daemon [_thread_blocked, id=5836, stack(0x0000000017da0000,0x0000000017ea0000)]
  0x00000000165eb800 JavaThread "Abandoned connection cleanup thread" daemon [_thread_blocked, id=2796, stack(0x0000000017a50000,0x0000000017b50000)]
  0x000000001598c800 JavaThread "Image Fetcher 0" daemon [_thread_blocked, id=3392, stack(0x0000000016d70000,0x0000000016e70000)]
  0x0000000015982800 JavaThread "AWT-EventQueue-0" [_thread_blocked, id=7312, stack(0x0000000016c70000,0x0000000016d70000)]
  0x0000000015903000 JavaThread "AWT-Windows" daemon [_thread_in_native, id=7216, stack(0x0000000015f60000,0x0000000016060000)]
  0x0000000015920000 JavaThread "AWT-Shutdown" [_thread_blocked, id=7588, stack(0x0000000015e60000,0x0000000015f60000)]
  0x000000001591d000 JavaThread "Java2D Disposer" daemon [_thread_blocked, id=6596, stack(0x0000000015c80000,0x0000000015d80000)]
  0x00000000155c4800 JavaThread "Service Thread" daemon [_thread_blocked, id=6452, stack(0x00000000159a0000,0x0000000015aa0000)]
  0x0000000013c67800 JavaThread "C1 CompilerThread2" daemon [_thread_blocked, id=2092, stack(0x00000000154a0000,0x00000000155a0000)]
  0x0000000013c60800 JavaThread "C2 CompilerThread1" daemon [_thread_in_native, id=7344, stack(0x00000000153a0000,0x00000000154a0000)]
=>0x0000000013c5d000 JavaThread "C2 CompilerThread0" daemon [_thread_in_native, id=5472, stack(0x00000000152a0000,0x00000000153a0000)]
  0x0000000013c5b800 JavaThread "Attach Listener" daemon [_thread_blocked, id=6252, stack(0x00000000151a0000,0x00000000152a0000)]
  0x0000000013c5a000 JavaThread "Signal Dispatcher" daemon [_thread_blocked, id=5556, stack(0x00000000150a0000,0x00000000151a0000)]
  0x00000000028e7000 JavaThread "Finalizer" daemon [_thread_blocked, id=3468, stack(0x0000000014ec0000,0x0000000014fc0000)]
  0x00000000028de000 JavaThread "Reference Handler" daemon [_thread_blocked, id=6836, stack(0x0000000014dc0000,0x0000000014ec0000)]
  0x0000000000f8e000 JavaThread "main" [_thread_in_Java, id=8092, stack(0x00000000026f0000,0x00000000027f0000)]

Other Threads:
  0x0000000013c27000 VMThread [stack: 0x0000000014cc0000,0x0000000014dc0000] [id=4576]
  0x00000000155cc000 WatcherThread [stack: 0x0000000015aa0000,0x0000000015ba0000] [id=3196]

VM state:not at safepoint (normal execution)

VM Mutex/Monitor currently owned by a thread: None

Heap:
 PSYoungGen      total 24064K, used 11454K [0x00000000f5580000, 0x00000000f7000000, 0x0000000100000000)
  eden space 20992K, 39% used [0x00000000f5580000,0x00000000f5db2380,0x00000000f6a00000)
  from space 3072K, 99% used [0x00000000f6d00000,0x00000000f6ffd6f0,0x00000000f7000000)
  to   space 3072K, 0% used [0x00000000f6a00000,0x00000000f6a00000,0x00000000f6d00000)
 ParOldGen       total 54784K, used 14777K [0x00000000e0000000, 0x00000000e3580000, 0x00000000f5580000)
  object space 54784K, 26% used [0x00000000e0000000,0x00000000e0e6e7e0,0x00000000e3580000)
 Metaspace       used 13233K, capacity 13418K, committed 13696K, reserved 1060864K
  class space    used 1539K, capacity 1616K, committed 1664K, reserved 1048576K

Card table byte_map: [0x0000000011cb0000,0x0000000011dc0000] byte_map_base: 0x00000000115b0000

Marking Bits: (ParMarkBitMap*) 0x0000000066d6a5b0
 Begin Bits: [0x00000000121c0000, 0x00000000129c0000)
 End Bits:   [0x00000000129c0000, 0x00000000131c0000)

Polling page: 0x0000000000e40000

CodeCache: size=245760Kb used=3964Kb max_used=3974Kb free=241796Kb
 bounds [0x00000000028f0000, 0x0000000002ce0000, 0x00000000118f0000]
 total_blobs=1622 nmethods=1091 adapters=444
 compilation: enabled

Compilation events (10 events):
Event: 2.056 Thread 0x0000000013c5d000 1088       4       java.lang.Integer::parseInt (261 bytes)
Event: 2.060 Thread 0x0000000013c60800 1089   !   4       sun.nio.cs.US_ASCII$Decoder::decodeArrayLoop (297 bytes)
Event: 2.065 Thread 0x0000000013c5d000 nmethod 1088 0x0000000002cd34d0 code [0x0000000002cd3620, 0x0000000002cd3bb8]
Event: 2.071 Thread 0x0000000013c60800 nmethod 1089 0x0000000002cd40d0 code [0x0000000002cd4220, 0x0000000002cd4738]
Event: 2.076 Thread 0x0000000013c5d000 1090       4       com.mysql.jdbc.StringUtils::indexOfNextChar (859 bytes)
Event: 2.084 Thread 0x0000000013c60800 1091 % !   4       com.mysql.jdbc.ConnectionPropertiesImpl::initializeProperties @ 92 (187 bytes)
Event: 2.099 Thread 0x0000000013c67800 1093       3       java.util.concurrent.locks.AbstractOwnableSynchronizer::setExclusiveOwnerThread (6 bytes)
Event: 2.099 Thread 0x0000000013c67800 nmethod 1093 0x0000000002ccff90 code [0x0000000002cd00e0, 0x0000000002cd0250]
Event: 2.099 Thread 0x0000000013c67800 1094       3       javax.swing.ArrayTable::isArray (8 bytes)
Event: 2.099 Thread 0x0000000013c67800 nmethod 1094 0x0000000002ccfb90 code [0x0000000002ccfce0, 0x0000000002ccff30]

GC Heap History (4 events):
Event: 1.374 GC heap before
{Heap before GC invocations=1 (full 0):
 PSYoungGen      total 24064K, used 20992K [0x00000000f5580000, 0x00000000f7000000, 0x0000000100000000)
  eden space 20992K, 100% used [0x00000000f5580000,0x00000000f6a00000,0x00000000f6a00000)
  from space 3072K, 0% used [0x00000000f6d00000,0x00000000f6d00000,0x00000000f7000000)
  to   space 3072K, 0% used [0x00000000f6a00000,0x00000000f6a00000,0x00000000f6d00000)
 ParOldGen       total 54784K, used 0K [0x00000000e0000000, 0x00000000e3580000, 0x00000000f5580000)
  object space 54784K, 0% used [0x00000000e0000000,0x00000000e0000000,0x00000000e3580000)
 Metaspace       used 12726K, capacity 12908K, committed 13184K, reserved 1060864K
  class space    used 1495K, capacity 1579K, committed 1664K, reserved 1048576K
Event: 1.381 GC heap after
Heap after GC invocations=1 (full 0):
 PSYoungGen      total 24064K, used 3061K [0x00000000f5580000, 0x00000000f7000000, 0x0000000100000000)
  eden space 20992K, 0% used [0x00000000f5580000,0x00000000f5580000,0x00000000f6a00000)
  from space 3072K, 99% used [0x00000000f6a00000,0x00000000f6cfd710,0x00000000f6d00000)
  to   space 3072K, 0% used [0x00000000f6d00000,0x00000000f6d00000,0x00000000f7000000)
 ParOldGen       total 54784K, used 14633K [0x00000000e0000000, 0x00000000e3580000, 0x00000000f5580000)
  object space 54784K, 26% used [0x00000000e0000000,0x00000000e0e4a7e0,0x00000000e3580000)
 Metaspace       used 12726K, capacity 12908K, committed 13184K, reserved 1060864K
  class space    used 1495K, capacity 1579K, committed 1664K, reserved 1048576K
}
Event: 1.912 GC heap before
{Heap before GC invocations=2 (full 0):
 PSYoungGen      total 24064K, used 24053K [0x00000000f5580000, 0x00000000f7000000, 0x0000000100000000)
  eden space 20992K, 100% used [0x00000000f5580000,0x00000000f6a00000,0x00000000f6a00000)
  from space 3072K, 99% used [0x00000000f6a00000,0x00000000f6cfd710,0x00000000f6d00000)
  to   space 3072K, 0% used [0x00000000f6d00000,0x00000000f6d00000,0x00000000f7000000)
 ParOldGen       total 54784K, used 14633K [0x00000000e0000000, 0x00000000e3580000, 0x00000000f5580000)
  object space 54784K, 26% used [0x00000000e0000000,0x00000000e0e4a7e0,0x00000000e3580000)
 Metaspace       used 12996K, capacity 13194K, committed 13440K, reserved 1060864K
  class space    used 1498K, capacity 1584K, committed 1664K, reserved 1048576K
Event: 1.918 GC heap after
Heap after GC invocations=2 (full 0):
 PSYoungGen      total 24064K, used 3061K [0x00000000f5580000, 0x00000000f7000000, 0x0000000100000000)
  eden space 20992K, 0% used [0x00000000f5580000,0x00000000f5580000,0x00000000f6a00000)
  from space 3072K, 99% used [0x00000000f6d00000,0x00000000f6ffd6f0,0x00000000f7000000)
  to   space 3072K, 0% used [0x00000000f6a00000,0x00000000f6a00000,0x00000000f6d00000)
 ParOldGen       total 54784K, used 14777K [0x00000000e0000000, 0x00000000e3580000, 0x00000000f5580000)
  object space 54784K, 26% used [0x00000000e0000000,0x00000000e0e6e7e0,0x00000000e3580000)
 Metaspace       used 12996K, capacity 13194K, committed 13440K, reserved 1060864K
  class space    used 1498K, capacity 1584K, committed 1664K, reserved 1048576K
}

Deoptimization events (5 events):
Event: 0.800 Thread 0x000000001598c800 Uncommon trap: reason=unstable_if action=reinterpret pc=0x0000000002addf6c method=sun.awt.image.PNGImageDecoder.produceImage()V @ 867
Event: 1.249 Thread 0x0000000000f8e000 Uncommon trap: reason=unstable_if action=reinterpret pc=0x0000000002b07fcc method=java.util.Properties.loadConvert([CII[C)Ljava/lang/String; @ 4
Event: 1.250 Thread 0x0000000000f8e000 Uncommon trap: reason=unstable_if action=reinterpret pc=0x0000000002b134e8 method=java.util.Properties$LineReader.readLine()I @ 252
Event: 1.995 Thread 0x0000000015982800 Uncommon trap: reason=class_check action=maybe_recompile pc=0x0000000002a5daa8 method=java.lang.String.equals(Ljava/lang/Object;)Z @ 8
Event: 1.995 Thread 0x0000000015982800 Uncommon trap: reason=class_check action=maybe_recompile pc=0x0000000002a5daa8 method=java.lang.String.equals(Ljava/lang/Object;)Z @ 8

Internal exceptions (10 events):
Event: 2.078 Thread 0x0000000000f8e000 Exception <a 'java/lang/NullPointerException'> (0x00000000f5c71c60) thrown at [C:\re\workspace\8-2-build-windows-amd64-cygwin\jdk8u60\4407\hotspot\src\share\vm\interpreter\linkResolver.cpp, line 1178]
Event: 2.080 Thread 0x0000000000f8e000 Exception <a 'java/lang/NullPointerException'> (0x00000000f5c87528) thrown at [C:\re\workspace\8-2-build-windows-amd64-cygwin\jdk8u60\4407\hotspot\src\share\vm\interpreter\linkResolver.cpp, line 1178]
Event: 2.082 Thread 0x0000000000f8e000 Exception <a 'java/lang/NullPointerException'> (0x00000000f5c9cdf0) thrown at [C:\re\workspace\8-2-build-windows-amd64-cygwin\jdk8u60\4407\hotspot\src\share\vm\interpreter\linkResolver.cpp, line 1178]
Event: 2.084 Thread 0x0000000000f8e000 Exception <a 'java/lang/NullPointerException'> (0x00000000f5cb26d0) thrown at [C:\re\workspace\8-2-build-windows-amd64-cygwin\jdk8u60\4407\hotspot\src\share\vm\interpreter\linkResolver.cpp, line 1178]
Event: 2.086 Thread 0x0000000000f8e000 Exception <a 'java/lang/NullPointerException'> (0x00000000f5cc8918) thrown at [C:\re\workspace\8-2-build-windows-amd64-cygwin\jdk8u60\4407\hotspot\src\share\vm\interpreter\linkResolver.cpp, line 1178]
Event: 2.088 Thread 0x0000000000f8e000 Exception <a 'java/lang/NullPointerException'> (0x00000000f5cde1e0) thrown at [C:\re\workspace\8-2-build-windows-amd64-cygwin\jdk8u60\4407\hotspot\src\share\vm\interpreter\linkResolver.cpp, line 1178]
Event: 2.091 Thread 0x0000000000f8e000 Exception <a 'java/lang/NullPointerException'> (0x00000000f5cf3aa8) thrown at [C:\re\workspace\8-2-build-windows-amd64-cygwin\jdk8u60\4407\hotspot\src\share\vm\interpreter\linkResolver.cpp, line 1178]
Event: 2.093 Thread 0x0000000000f8e000 Exception <a 'java/lang/NullPointerException'> (0x00000000f5d05360) thrown at [C:\re\workspace\8-2-build-windows-amd64-cygwin\jdk8u60\4407\hotspot\src\share\vm\interpreter\linkResolver.cpp, line 1178]
Event: 2.095 Thread 0x0000000000f8e000 Exception <a 'java/lang/NullPointerException'> (0x00000000f5d1ec58) thrown at [C:\re\workspace\8-2-build-windows-amd64-cygwin\jdk8u60\4407\hotspot\src\share\vm\interpreter\linkResolver.cpp, line 1178]
Event: 2.097 Thread 0x0000000000f8e000 Exception <a 'java/lang/NullPointerException'> (0x00000000f5d34520) thrown at [C:\re\workspace\8-2-build-windows-amd64-cygwin\jdk8u60\4407\hotspot\src\share\vm\interpreter\linkResolver.cpp, line 1178]

Events (10 events):
Event: 1.998 loading class javax/swing/text/AbstractDocument$UndoRedoDocumentEvent
Event: 1.998 loading class javax/swing/text/AbstractDocument$UndoRedoDocumentEvent done
Event: 1.999 loading class javax/swing/text/DefaultCaret$1
Event: 1.999 loading class javax/swing/text/DefaultCaret$1 done
Event: 1.999 loading class javax/swing/event/UndoableEditEvent
Event: 1.999 loading class javax/swing/event/UndoableEditEvent done
Event: 1.999 loading class javax/swing/event/UndoableEditListener
Event: 1.999 loading class javax/swing/event/UndoableEditListener done
Event: 1.999 loading class javax/swing/RepaintManager$3
Event: 1.999 loading class javax/swing/RepaintManager$3 done


Dynamic libraries:
0x00007ff640f40000 - 0x00007ff640f77000 	C:\Program Files\Java\jre1.8.0_60\bin\javaw.exe
0x00007ff934c80000 - 0x00007ff934e41000 	C:\WINDOWS\SYSTEM32\ntdll.dll
0x00007ff934240000 - 0x00007ff9342ed000 	C:\WINDOWS\system32\KERNEL32.DLL
0x00007ff9320c0000 - 0x00007ff93229d000 	C:\WINDOWS\system32\KERNELBASE.dll
0x00007ff9329b0000 - 0x00007ff932a56000 	C:\WINDOWS\system32\ADVAPI32.dll
0x00007ff932620000 - 0x00007ff9326bd000 	C:\WINDOWS\system32\msvcrt.dll
0x00007ff9326d0000 - 0x00007ff93272b000 	C:\WINDOWS\system32\sechost.dll
0x00007ff9324f0000 - 0x00007ff932616000 	C:\WINDOWS\system32\RPCRT4.dll
0x00007ff934070000 - 0x00007ff9341be000 	C:\WINDOWS\system32\USER32.dll
0x00007ff932360000 - 0x00007ff9324e6000 	C:\WINDOWS\system32\GDI32.dll
0x00007ff92ae30000 - 0x00007ff92b0a4000 	C:\WINDOWS\WinSxS\amd64_microsoft.windows.common-controls_6595b64144ccf1df_6.0.10240.16384_none_f41f7b285750ef43\COMCTL32.dll
0x00007ff934a30000 - 0x00007ff934a66000 	C:\WINDOWS\system32\IMM32.DLL
0x00007ff9342f0000 - 0x00007ff93444c000 	C:\WINDOWS\system32\MSCTF.dll
0x00000000663b0000 - 0x0000000066482000 	C:\Program Files\Java\jre1.8.0_60\bin\msvcr100.dll
0x0000000066560000 - 0x0000000066de9000 	C:\Program Files\Java\jre1.8.0_60\bin\server\jvm.dll
0x00007ff9347a0000 - 0x00007ff9347a8000 	C:\WINDOWS\system32\PSAPI.DLL
0x00007ff925ca0000 - 0x00007ff925ca9000 	C:\WINDOWS\SYSTEM32\WSOCK32.dll
0x00007ff92fcd0000 - 0x00007ff92fcf3000 	C:\WINDOWS\SYSTEM32\WINMM.dll
0x00007ff934000000 - 0x00007ff934069000 	C:\WINDOWS\system32\WS2_32.dll
0x00007ff9326c0000 - 0x00007ff9326c8000 	C:\WINDOWS\system32\NSI.dll
0x00007ff92e800000 - 0x00007ff92e80a000 	C:\WINDOWS\SYSTEM32\VERSION.dll
0x00007ff92fc40000 - 0x00007ff92fc6c000 	C:\WINDOWS\SYSTEM32\WINMMBASE.dll
0x00007ff932300000 - 0x00007ff932344000 	C:\WINDOWS\system32\cfgmgr32.dll
0x00007ff930040000 - 0x00007ff930067000 	C:\WINDOWS\SYSTEM32\DEVOBJ.dll
0x0000000066550000 - 0x000000006655f000 	C:\Program Files\Java\jre1.8.0_60\bin\verify.dll
0x0000000066520000 - 0x0000000066549000 	C:\Program Files\Java\jre1.8.0_60\bin\java.dll
0x0000000066500000 - 0x0000000066516000 	C:\Program Files\Java\jre1.8.0_60\bin\zip.dll
0x00007ff932ad0000 - 0x00007ff933ff2000 	C:\WINDOWS\system32\SHELL32.dll
0x00007ff931750000 - 0x00007ff931d78000 	C:\WINDOWS\system32\windows.storage.dll
0x00007ff932730000 - 0x00007ff9329ac000 	C:\WINDOWS\system32\combase.dll
0x00007ff9341c0000 - 0x00007ff934211000 	C:\WINDOWS\system32\shlwapi.dll
0x00007ff9316f0000 - 0x00007ff9316ff000 	C:\WINDOWS\system32\kernel.appcore.dll
0x00007ff932000000 - 0x00007ff9320b3000 	C:\WINDOWS\system32\shcore.dll
0x00007ff931700000 - 0x00007ff93174a000 	C:\WINDOWS\system32\powrprof.dll
0x00007ff9316d0000 - 0x00007ff9316e3000 	C:\WINDOWS\system32\profapi.dll
0x0000000066210000 - 0x00000000663a8000 	C:\Program Files\Java\jre1.8.0_60\bin\awt.dll
0x00007ff9344b0000 - 0x00007ff93456e000 	C:\WINDOWS\system32\OLEAUT32.dll
0x00007ff92fdd0000 - 0x00007ff92fe48000 	C:\WINDOWS\system32\apphelp.dll
0x00007ff92e7d0000 - 0x00007ff92e7f2000 	C:\WINDOWS\system32\DWMAPI.DLL
0x00007ff92ff80000 - 0x00007ff930016000 	C:\WINDOWS\system32\uxtheme.dll
0x00007ff934570000 - 0x00007ff9346b1000 	C:\WINDOWS\system32\ole32.dll
0x00007ff9314d0000 - 0x00007ff93153b000 	C:\WINDOWS\SYSTEM32\bcryptPrimitives.dll
0x00000000661c0000 - 0x0000000066207000 	C:\Program Files\Java\jre1.8.0_60\bin\fontmanager.dll
0x00007ff934980000 - 0x00007ff934a25000 	C:\WINDOWS\system32\clbcatq.dll
0x00007ff9291e0000 - 0x00007ff929392000 	C:\WINDOWS\SYSTEM32\WindowsCodecs.dll
0x00007ff9315e0000 - 0x00007ff931608000 	C:\WINDOWS\SYSTEM32\bcrypt.dll
0x00007ff930f20000 - 0x00007ff930f37000 	C:\WINDOWS\SYSTEM32\cryptsp.dll
0x00007ff930b70000 - 0x00007ff930ba3000 	C:\WINDOWS\system32\rsaenh.dll
0x00007ff9310f0000 - 0x00007ff9310fb000 	C:\WINDOWS\SYSTEM32\CRYPTBASE.dll
0x00007ff91e940000 - 0x00007ff91e986000 	C:\WINDOWS\system32\dataexchange.dll
0x00007ff928c90000 - 0x00007ff9291d5000 	C:\WINDOWS\system32\d2d1.dll
0x00007ff92fa80000 - 0x00007ff92fb51000 	C:\WINDOWS\system32\dcomp.dll
0x00007ff92e520000 - 0x00007ff92e7c3000 	C:\WINDOWS\system32\d3d11.dll
0x00007ff92e480000 - 0x00007ff92e51c000 	C:\WINDOWS\system32\dxgi.dll
0x00007ff930070000 - 0x00007ff93015e000 	C:\WINDOWS\system32\twinapi.appcore.dll
0x00007ff930d50000 - 0x00007ff930d6f000 	C:\WINDOWS\system32\USERENV.dll
0x00000000664e0000 - 0x00000000664fa000 	C:\Program Files\Java\jre1.8.0_60\bin\net.dll
0x00007ff930ec0000 - 0x00007ff930f1d000 	C:\WINDOWS\system32\mswsock.dll
0x00000000664c0000 - 0x00000000664d1000 	C:\Program Files\Java\jre1.8.0_60\bin\nio.dll
0x0000000066170000 - 0x00000000661b2000 	C:\Program Files\Java\jre1.8.0_60\bin\t2k.dll
0x00007ff930c60000 - 0x00007ff930d08000 	C:\WINDOWS\SYSTEM32\DNSAPI.dll
0x0000000067290000 - 0x00000000672b6000 	C:\Program Files\Bonjour\mdnsNSP.dll
0x00007ff92f850000 - 0x00007ff92f888000 	C:\WINDOWS\SYSTEM32\Iphlpapi.DLL
0x00007ff92f6b0000 - 0x00007ff92f6bb000 	C:\WINDOWS\SYSTEM32\WINNSI.DLL
0x00007ff926840000 - 0x00007ff92684a000 	C:\Windows\System32\rasadhlp.dll
0x00007ff92cfd0000 - 0x00007ff92d038000 	C:\WINDOWS\System32\fwpuclnt.dll

VM Arguments:
jvm_args: -Dfile.encoding=UTF-8 -Xmx512M 
java_command: ProcessDatabases.DoMain
java_class_path (initial): E:\Java\Project\store_manager\bin;C:\Program Files\MySQL\mysql-connector-java-5.1.36\mysql-connector-java-5.1.36\mysql-connector-java-5.1.36-bin.jar
Launcher Type: SUN_STANDARD

Environment Variables:
JAVA_HOME=C:\Program Files\Java\jdk1.7.0_79
_JAVA_OPTIONS=-Xmx512M
PATH=C:/Program Files/Java/jre1.8.0_60/bin/server;C:/Program Files/Java/jre1.8.0_60/bin;C:/Program Files/Java/jre1.8.0_60/lib/amd64;C:\ProgramData\Oracle\Java\javapath;C:\Program Files (x86)\NVIDIA Corporation\PhysX\Common;C:\Windows\system32;C:\Windows;C:\Windows\System32\Wbem;C:\Windows\System32\WindowsPowerShell\v1.0\;C:\Program Files (x86)\GUI Turbo Assembler\BIN;C:\WINDOWS\system32;C:\WINDOWS;C:\WINDOWS\System32\Wbem;C:\WINDOWS\System32\WindowsPowerShell\v1.0\;C:\Program Files (x86)\Java\jre1.8.0_51\bin;.;C:\Program Files (x86)\Skype\Phone\;;C:\FPC\2.0.4\bin\i386-Win32;D:\Setup\eclipse-jee-mars-1-win32-x86_64\eclipse;
USERNAME=Phuc
OS=Windows_NT
PROCESSOR_IDENTIFIER=Intel64 Family 6 Model 69 Stepping 1, GenuineIntel



---------------  S Y S T E M  ---------------

OS: Windows 10.0 , 64 bit Build 10240 (10.0.10240.16384)

CPU:total 4 (2 cores per cpu, 2 threads per core) family 6 model 69 stepping 1, cmov, cx8, fxsr, mmx, sse, sse2, sse3, ssse3, sse4.1, sse4.2, popcnt, avx, avx2, aes, clmul, erms, lzcnt, ht, tsc, tscinvbit, bmi1, bmi2

Memory: 4k page, physical 5149260k(1534516k free), swap 5673548k(5368k free)

vm_info: Java HotSpot(TM) 64-Bit Server VM (25.60-b23) for windows-amd64 JRE (1.8.0_60-b27), built on Aug  4 2015 11:06:27 by "java_re" with MS VC++ 10.0 (VS2010)

time: Tue Dec 08 20:41:14 2015
elapsed time: 2 seconds (0d 0h 0m 2s)

